【登录信息】
*969cf69cd4e66f81f48959aecbf84d81*
`登陆天数: 3天 / 674天
等级: 130
石头: 1647
呼符: 0
体力: 23088.036666666667 / 138
友情点: 0 / 465990`
*連続ログイン3日目
※ログインが途切れるか、7日到達すると
1日目から再開されます*
`叡智の業火 X 1
7月交換券(2024) X 1
`*踊るドラゴン・キャッスル！ ～深海の姫君とふたつの宝玉～ 開幕記念 ログインボーナス*
*開催期間中、1日1回 最大21回 ログインボーナスをプレゼント！*
`白銀の果実 X 1
`_2024-07-01 04:08:49_
--------
*6c3d9a45400f787972c7ae810f8279d0*
`登陆天数: 39天 / 676天
等级: 130
石头: 3195
呼符: 19
体力: 25.573333333333338 / 138
友情点: 0 / 453275`
_2024-07-01 04:08:57_
--------
*3d5d0768d7dbf6bf653494d8bca9fbf4*
`登陆天数: 39天 / 677天
等级: 130
石头: 3006
呼符: 19
体力: 25.546666666666667 / 138
友情点: 0 / 454075`
_2024-07-01 04:09:05_
--------
*8d1f10e6e5d4a236163c7c71d339491f*
`登陆天数: 39天 / 676天
等级: 130
石头: 3797
呼符: 19
体力: 25.523333333333326 / 138
友情点: 0 / 406710`
_2024-07-01 04:09:13_
--------
*c620282dee3c7cab338eea7962567261*
`登陆天数: 39天 / 677天
等级: 130
石头: 2807
呼符: 19
体力: 25.49666666666667 / 138
友情点: 0 / 470260`
_2024-07-01 04:09:21_
--------
*620a255adf6869aa9de55658eb8c3db2*
`登陆天数: 39天 / 676天
等级: 130
石头: 4086
呼符: 61
体力: 25.47333333333333 / 138
友情点: 0 / 390360`
_2024-07-01 04:09:30_
--------
*53629dc51659611bbfa4b74c104d7fe5*
`登陆天数: 39天 / 676天
等级: 130
石头: 2172
呼符: 19
体力: 25.453333333333333 / 138
友情点: 0 / 480570`
_2024-07-01 04:09:38_
--------
*c3df721a6d1528228addb90f060757b3*
`登陆天数: 39天 / 676天
等级: 130
石头: 3681
呼符: 19
体力: 25.430000000000007 / 138
友情点: 0 / 418725`
_2024-07-01 04:09:46_
--------
*b45f3980c714335bbd897446c542eb12*
`登陆天数: 39天 / 677天
等级: 130
石头: 4095
呼符: 104
体力: 25.403333333333336 / 138
友情点: 0 / 383250`
_2024-07-01 04:09:55_
--------
*efad731e6c1ec6b1c5d9e7e476f12c02*
`登陆天数: 39天 / 677天
等级: 130
石头: 3491
呼符: 19
体力: 25.379999999999995 / 138
友情点: 0 / 430430`
_2024-07-01 04:10:03_
--------
*e5782049953055ff7609e58cc64d3073*
`登陆天数: 39天 / 676天
等级: 130
石头: 3771
呼符: 19
体力: 25.36 / 138
友情点: 0 / 410445`
_2024-07-01 04:10:11_
--------
*2c1746fcc7172af6267c3d19844cacf4*
`登陆天数: 39天 / 677天
等级: 130
石头: 3256
呼符: 19
体力: 25.336666666666673 / 138
友情点: 0 / 441565`
_2024-07-01 04:10:19_
--------
*2c134e2f63405c72dbec9ac9fc2b953d*
`登陆天数: 39天 / 677天
等级: 130
石头: 2477
呼符: 19
体力: 25.313333333333333 / 138
友情点: 0 / 481280`
_2024-07-01 04:10:27_
--------
*5a51d1cb09032cd6a6a62adf40cc36b9*
`登陆天数: 39天 / 677天
等级: 130
石头: 3521
呼符: 19
体力: 25.28666666666666 / 138
友情点: 0 / 418500`
_2024-07-01 04:10:35_
--------
*df2765fc1f5c175dcb16251a8ac24728*
`登陆天数: 39天 / 677天
等级: 130
石头: 3290
呼符: 19
体力: 25.263333333333335 / 138
友情点: 0 / 425380`
_2024-07-01 04:10:44_
--------
*e1cd955137fc86d84fa589b926d6cd7f*
`登陆天数: 39天 / 677天
等级: 130
石头: 3231
呼符: 19
体力: 25.24333333333334 / 138
友情点: 0 / 430630`
_2024-07-01 04:10:52_
--------
*ec3ef68c2ff1e715acbe1efdb3b96125*
`登陆天数: 39天 / 677天
等级: 130
石头: 3504
呼符: 19
体力: 25.22 / 138
友情点: 0 / 429930`
_2024-07-01 04:11:00_
--------
*0b57d94ce9304ffcce81f30c6fb0ad6c*
`登陆天数: 39天 / 676天
等级: 130
石头: 3496
呼符: 19
体力: 25.196666666666673 / 138
友情点: 0 / 426750`
_2024-07-01 04:11:09_
--------
*9adb87b27b1813dff94df092d8bba48a*
`登陆天数: 39天 / 676天
等级: 130
石头: 3396
呼符: 19
体力: 25.173333333333332 / 138
友情点: 0 / 414665`
_2024-07-01 04:11:17_
--------
*b3472b65e8679304c686a1b1e21e9d7b*
`登陆天数: 39天 / 677天
等级: 130
石头: 2753
呼符: 19
体力: 25.150000000000006 / 138
友情点: 0 / 455220`
_2024-07-01 04:11:25_
--------
*549c4131ed9b6887b09692346f431f29*
`登陆天数: 39天 / 677天
等级: 130
石头: 3107
呼符: 19
体力: 25.126666666666665 / 138
友情点: 0 / 437410`
_2024-07-01 04:11:33_
--------
*92dab0d71357c2accd7df4df2c5afc76*
`登陆天数: 39天 / 676天
等级: 130
石头: 2509
呼符: 19
体力: 25.10333333333334 / 138
友情点: 0 / 478735`
_2024-07-01 04:11:41_
--------
*45829723fb09c15cd0f8bdba0bd160b4*
`登陆天数: 39天 / 677天
等级: 130
石头: 3111
呼符: 19
体力: 25.076666666666668 / 138
友情点: 0 / 450865`
_2024-07-01 04:11:49_
--------
*14b04e0b70bc45efdfda43b1875ee7ae*
`登陆天数: 39天 / 676天
等级: 130
石头: 3004
呼符: 19
体力: 25.056666666666672 / 138
友情点: 0 / 441485`
_2024-07-01 04:11:58_
--------
*170dc61853d5ca25e7fc6de7a1b79050*
`登陆天数: 39天 / 676天
等级: 130
石头: 4096
呼符: 55
体力: 25.03333333333333 / 138
友情点: 0 / 396035`
_2024-07-01 04:12:06_
--------
*577ca7b26291dca27a66cfc6c9a2bbd2*
`登陆天数: 39天 / 677天
等级: 130
石头: 3561
呼符: 19
体力: 25.010000000000005 / 138
友情点: 0 / 430735`
_2024-07-01 04:12:14_
--------
*ee11bb75d5a560017023c63c470fa4fa*
`登陆天数: 39天 / 676天
等级: 130
石头: 2871
呼符: 19
体力: 24.983333333333334 / 138
友情点: 0 / 462750`
_2024-07-01 04:12:22_
--------
*4b2af19efcc200c3e0b9e11ba18ff0ec*
`登陆天数: 39天 / 677天
等级: 130
石头: 3227
呼符: 19
体力: 24.956666666666663 / 138
友情点: 0 / 446660`
_2024-07-01 04:12:30_
--------
*9486be7f222a8e7f7897143cd18a89c5*
`登陆天数: 39天 / 677天
等级: 130
石头: 3171
呼符: 19
体力: 24.933333333333337 / 138
友情点: 0 / 447870`
_2024-07-01 04:12:38_
--------
*1140e900c715db176b8d4e2926bb2744*
`登陆天数: 39天 / 677天
等级: 130
石头: 2206
呼符: 19
体力: 24.909999999999997 / 138
友情点: 0 / 480765`
_2024-07-01 04:12:47_
--------
*5a22fcfb636a0bcd7c0ebcba2924d0df*
`登陆天数: 39天 / 676天
等级: 130
石头: 2449
呼符: 19
体力: 24.89 / 138
友情点: 0 / 464205`
_2024-07-01 04:12:55_
--------
*0e574eb0e1968979a9615c8d231e3402*
`登陆天数: 39天 / 676天
等级: 130
石头: 3526
呼符: 19
体力: 24.86666666666666 / 138
友情点: 0 / 432370`
_2024-07-01 04:13:03_
--------
*685da6b7e35bd4b378b7e2c0591b7523*
`登陆天数: 39天 / 676天
等级: 130
石头: 1847
呼符: 19
体力: 24.843333333333334 / 138
友情点: 0 / 480290`
_2024-07-01 04:13:11_
--------
*0943a64ed145870889cd435ff3f5e23e*
`登陆天数: 39天 / 676天
等级: 130
石头: 3469
呼符: 19
体力: 24.819999999999993 / 138
友情点: 0 / 430135`
_2024-07-01 04:13:20_
--------
*d43302532bbb3d1a92299fffe81a41f9*
`登陆天数: 39天 / 676天
等级: 130
石头: 2564
呼符: 19
体力: 24.799999999999997 / 138
友情点: 0 / 477840`
_2024-07-01 04:13:28_
--------
*0aa1101fd0fe79e9c31a3e5aa522d3fa*
`登陆天数: 39天 / 676天
等级: 130
石头: 1877
呼符: 19
体力: 24.77666666666667 / 138
友情点: 0 / 480875`
_2024-07-01 04:13:36_
--------
*b963d1cd9f26b844a734289458efbfb0*
`登陆天数: 39天 / 677天
等级: 130
石头: 1937
呼符: 19
体力: 24.75 / 138
友情点: 0 / 481555`
_2024-07-01 04:13:44_
--------
*1e6f7b34a5e5657f1ec521d21134e853*
`登陆天数: 39天 / 676天
等级: 130
石头: 4031
呼符: 19
体力: 24.730000000000004 / 138
友情点: 0 / 397930`
_2024-07-01 04:13:52_
--------
*ced0a199164765b8dc8d97ea48e7ea34*
`登陆天数: 39天 / 676天
等级: 130
石头: 3258
呼符: 19
体力: 24.703333333333333 / 138
友情点: 0 / 440085`
_2024-07-01 04:14:00_
--------
*d8720bc8a8c1f42eaecba760f6ca3877*
`登陆天数: 39天 / 677天
等级: 130
石头: 2232
呼符: 19
体力: 24.680000000000007 / 138
友情点: 0 / 480560`
_2024-07-01 04:14:09_
--------
*4f6c37efa955f1914d9e0045e829cc2a*
`登陆天数: 39天 / 676天
等级: 130
石头: 3950
呼符: 19
体力: 24.663333333333327 / 138
友情点: 0 / 387495`
_2024-07-01 04:14:17_
--------
*917f1c1e05eace569cd1d11e80a6113e*
`登陆天数: 39天 / 676天
等级: 130
石头: 3677
呼符: 19
体力: 24.63666666666667 / 138
友情点: 0 / 424265`
_2024-07-01 04:14:25_
--------
*9c30747c515749cc6f26d91f3ab2ec5e*
`登陆天数: 39天 / 677天
等级: 130
石头: 3318
呼符: 19
体力: 24.61333333333333 / 138
友情点: 0 / 436685`
_2024-07-01 04:14:33_
--------
*a0ea2b09eb479411ab01b5f4cae6212d*
`登陆天数: 39天 / 677天
等级: 130
石头: 4096
呼符: 115
体力: 24.590000000000003 / 138
友情点: 0 / 384870`
_2024-07-01 04:14:41_
--------
*5a94f45c30098b620bf903e9cb61cc50*
`登陆天数: 39天 / 676天
等级: 130
石头: 3496
呼符: 19
体力: 24.566666666666663 / 138
友情点: 0 / 423955`
_2024-07-01 04:14:49_
--------
*00ebe5c2dbadb983cd76dcb724936316*
`登陆天数: 39天 / 676天
等级: 130
石头: 2595
呼符: 19
体力: 24.543333333333337 / 138
友情点: 0 / 471640`
_2024-07-01 04:14:57_
--------
*c0e6326abb3c72eb972594095da57be6*
`登陆天数: 39天 / 677天
等级: 130
石头: 3289
呼符: 19
体力: 24.519999999999996 / 138
友情点: 0 / 432660`
_2024-07-01 04:15:05_
--------
*c5c68e8e3ffbd8a70c2b6de50b07d9ba*
`登陆天数: 39天 / 676天
等级: 130
石头: 2625
呼符: 19
体力: 24.49333333333334 / 138
友情点: 0 / 466545`
_2024-07-01 04:15:14_
--------
*99ca4e42e188c27ae9688ac0548c5f1b*
`登陆天数: 39天 / 676天
等级: 130
石头: 1516
呼符: 19
体力: 24.47333333333333 / 138
友情点: 0 / 480455`
_2024-07-01 04:15:22_
--------
*e7d128cc392dee579676b48fe9dad40e*
`登陆天数: 39天 / 676天
等级: 130
石头: 3732
呼符: 19
体力: 24.450000000000003 / 138
友情点: 0 / 419180`
_2024-07-01 04:15:30_
--------
