【登录信息】
*969cf69cd4e66f81f48959aecbf84d81*
`登陆天数: 5天 / 645天
等级: 130
石头: 1647
呼符: 0
体力: 14452.12 / 138
友情点: 0 / 465990`
*連続ログイン5日目
※ログインが途切れるか、7日到達すると
1日目から再開されます*
`叡智の業火 X 2
6月交換券(2024) X 1
`*カルデア・サマーアドベンチャー！ アンケート復刻版 開幕記念 ログインボーナス*
*開催期間中、1日1回 最大21回 ログインボーナスをプレゼント！*
`白銀の果実 X 1
`_2024-06-01 04:29:13_
--------
*6c3d9a45400f787972c7ae810f8279d0*
`登陆天数: 9天 / 646天
等级: 130
石头: 3104
呼符: 0
体力: 14452.146666666667 / 138
友情点: 0 / 467275`
*連続ログイン2日目
※ログインが途切れるか、7日到達すると
1日目から再開されます*
`聖晶石 X 1
6月交換券(2024) X 1
`*カルデア・サマーアドベンチャー！ アンケート復刻版 開幕記念 ログインボーナス*
*開催期間中、1日1回 最大21回 ログインボーナスをプレゼント！*
`白銀の果実 X 1
`_2024-06-01 04:29:22_
--------
*3d5d0768d7dbf6bf653494d8bca9fbf4*
`登陆天数: 9天 / 647天
等级: 130
石头: 2917
呼符: 0
体力: 14452.176666666666 / 138
友情点: 0 / 466075`
*連続ログイン2日目
※ログインが途切れるか、7日到達すると
1日目から再開されます*
`聖晶石 X 1
6月交換券(2024) X 1
`*カルデア・サマーアドベンチャー！ アンケート復刻版 開幕記念 ログインボーナス*
*開催期間中、1日1回 最大21回 ログインボーナスをプレゼント！*
`白銀の果実 X 1
`_2024-06-01 04:29:31_
--------
*8d1f10e6e5d4a236163c7c71d339491f*
`登陆天数: 9天 / 646天
等级: 130
石头: 3706
呼符: 0
体力: 14452.203333333333 / 138
友情点: 0 / 468710`
*連続ログイン2日目
※ログインが途切れるか、7日到達すると
1日目から再開されます*
`聖晶石 X 1
6月交換券(2024) X 1
`*カルデア・サマーアドベンチャー！ アンケート復刻版 開幕記念 ログインボーナス*
*開催期間中、1日1回 最大21回 ログインボーナスをプレゼント！*
`白銀の果実 X 1
`_2024-06-01 04:29:39_
--------
*c620282dee3c7cab338eea7962567261*
`登陆天数: 9天 / 647天
等级: 130
石头: 2718
呼符: 0
体力: 14452.233333333334 / 138
友情点: 0 / 468260`
*連続ログイン2日目
※ログインが途切れるか、7日到達すると
1日目から再開されます*
`聖晶石 X 1
6月交換券(2024) X 1
`*カルデア・サマーアドベンチャー！ アンケート復刻版 開幕記念 ログインボーナス*
*開催期間中、1日1回 最大21回 ログインボーナスをプレゼント！*
`白銀の果実 X 1
`_2024-06-01 04:29:48_
--------
*620a255adf6869aa9de55658eb8c3db2*
`登陆天数: 9天 / 646天
等级: 130
石头: 3995
呼符: 42
体力: 14452.26 / 138
友情点: 0 / 468360`
*連続ログイン2日目
※ログインが途切れるか、7日到達すると
1日目から再開されます*
`聖晶石 X 1
6月交換券(2024) X 1
`*カルデア・サマーアドベンチャー！ アンケート復刻版 開幕記念 ログインボーナス*
*開催期間中、1日1回 最大21回 ログインボーナスをプレゼント！*
`白銀の果実 X 1
`_2024-06-01 04:29:56_
--------
*53629dc51659611bbfa4b74c104d7fe5*
`登陆天数: 9天 / 646天
等级: 130
石头: 2081
呼符: 0
体力: 14452.29 / 138
友情点: 0 / 468570`
*連続ログイン2日目
※ログインが途切れるか、7日到達すると
1日目から再開されます*
`聖晶石 X 1
6月交換券(2024) X 1
`*カルデア・サマーアドベンチャー！ アンケート復刻版 開幕記念 ログインボーナス*
*開催期間中、1日1回 最大21回 ログインボーナスをプレゼント！*
`白銀の果実 X 1
`_2024-06-01 04:30:05_
--------
*c3df721a6d1528228addb90f060757b3*
`登陆天数: 9天 / 646天
等级: 130
石头: 3590
呼符: 0
体力: 14452.316666666668 / 138
友情点: 0 / 468725`
*連続ログイン2日目
※ログインが途切れるか、7日到達すると
1日目から再開されます*
`聖晶石 X 1
6月交換券(2024) X 1
`*カルデア・サマーアドベンチャー！ アンケート復刻版 開幕記念 ログインボーナス*
*開催期間中、1日1回 最大21回 ログインボーナスをプレゼント！*
`白銀の果実 X 1
`_2024-06-01 04:30:13_
--------
*b45f3980c714335bbd897446c542eb12*
`登陆天数: 9天 / 647天
等级: 130
石头: 4006
呼符: 85
体力: 14452.343333333334 / 138
友情点: 0 / 465250`
*連続ログイン2日目
※ログインが途切れるか、7日到達すると
1日目から再開されます*
`聖晶石 X 1
6月交換券(2024) X 1
`*カルデア・サマーアドベンチャー！ アンケート復刻版 開幕記念 ログインボーナス*
*開催期間中、1日1回 最大21回 ログインボーナスをプレゼント！*
`白銀の果実 X 1
`_2024-06-01 04:30:21_
--------
*efad731e6c1ec6b1c5d9e7e476f12c02*
`登陆天数: 9天 / 647天
等级: 130
石头: 3402
呼符: 0
体力: 14452.373333333333 / 138
友情点: 0 / 466430`
*連続ログイン2日目
※ログインが途切れるか、7日到達すると
1日目から再開されます*
`聖晶石 X 1
6月交換券(2024) X 1
`*カルデア・サマーアドベンチャー！ アンケート復刻版 開幕記念 ログインボーナス*
*開催期間中、1日1回 最大21回 ログインボーナスをプレゼント！*
`白銀の果実 X 1
`_2024-06-01 04:30:30_
--------
*e5782049953055ff7609e58cc64d3073*
`登陆天数: 9天 / 646天
等级: 130
石头: 3680
呼符: 0
体力: 14452.4 / 138
友情点: 0 / 468445`
*連続ログイン2日目
※ログインが途切れるか、7日到達すると
1日目から再開されます*
`聖晶石 X 1
6月交換券(2024) X 1
`*カルデア・サマーアドベンチャー！ アンケート復刻版 開幕記念 ログインボーナス*
*開催期間中、1日1回 最大21回 ログインボーナスをプレゼント！*
`白銀の果実 X 1
`_2024-06-01 04:30:38_
--------
*2c1746fcc7172af6267c3d19844cacf4*
`登陆天数: 9天 / 647天
等级: 130
石头: 3167
呼符: 0
体力: 14452.426666666666 / 138
友情点: 0 / 465565`
*連続ログイン2日目
※ログインが途切れるか、7日到達すると
1日目から再開されます*
`聖晶石 X 1
6月交換券(2024) X 1
`*カルデア・サマーアドベンチャー！ アンケート復刻版 開幕記念 ログインボーナス*
*開催期間中、1日1回 最大21回 ログインボーナスをプレゼント！*
`白銀の果実 X 1
`_2024-06-01 04:30:46_
--------
*2c134e2f63405c72dbec9ac9fc2b953d*
`登陆天数: 9天 / 647天
等级: 130
石头: 2388
呼符: 0
体力: 14452.456666666667 / 138
友情点: 0 / 467280`
*連続ログイン2日目
※ログインが途切れるか、7日到達すると
1日目から再開されます*
`聖晶石 X 1
6月交換券(2024) X 1
`*カルデア・サマーアドベンチャー！ アンケート復刻版 開幕記念 ログインボーナス*
*開催期間中、1日1回 最大21回 ログインボーナスをプレゼント！*
`白銀の果実 X 1
`_2024-06-01 04:30:55_
--------
*5a51d1cb09032cd6a6a62adf40cc36b9*
`登陆天数: 9天 / 647天
等级: 130
石头: 3432
呼符: 0
体力: 14452.483333333334 / 138
友情点: 0 / 466500`
*連続ログイン2日目
※ログインが途切れるか、7日到達すると
1日目から再開されます*
`聖晶石 X 1
6月交換券(2024) X 1
`*カルデア・サマーアドベンチャー！ アンケート復刻版 開幕記念 ログインボーナス*
*開催期間中、1日1回 最大21回 ログインボーナスをプレゼント！*
`白銀の果実 X 1
`_2024-06-01 04:31:03_
--------
*df2765fc1f5c175dcb16251a8ac24728*
`登陆天数: 9天 / 647天
等级: 130
石头: 3201
呼符: 0
体力: 14452.51 / 138
友情点: 0 / 465380`
*連続ログイン2日目
※ログインが途切れるか、7日到達すると
1日目から再開されます*
`聖晶石 X 1
6月交換券(2024) X 1
`*カルデア・サマーアドベンチャー！ アンケート復刻版 開幕記念 ログインボーナス*
*開催期間中、1日1回 最大21回 ログインボーナスをプレゼント！*
`白銀の果実 X 1
`_2024-06-01 04:31:12_
--------
*e1cd955137fc86d84fa589b926d6cd7f*
`登陆天数: 9天 / 647天
等级: 130
石头: 3142
呼符: 0
体力: 14452.55 / 138
友情点: 0 / 466630`
*連続ログイン2日目
※ログインが途切れるか、7日到達すると
1日目から再開されます*
`聖晶石 X 1
6月交換券(2024) X 1
`*カルデア・サマーアドベンチャー！ アンケート復刻版 開幕記念 ログインボーナス*
*開催期間中、1日1回 最大21回 ログインボーナスをプレゼント！*
`白銀の果実 X 1
`_2024-06-01 04:31:22_
--------
*ec3ef68c2ff1e715acbe1efdb3b96125*
`登陆天数: 9天 / 647天
等级: 130
石头: 3415
呼符: 0
体力: 14452.576666666666 / 138
友情点: 0 / 465930`
*連続ログイン2日目
※ログインが途切れるか、7日到達すると
1日目から再開されます*
`聖晶石 X 1
6月交換券(2024) X 1
`*カルデア・サマーアドベンチャー！ アンケート復刻版 開幕記念 ログインボーナス*
*開催期間中、1日1回 最大21回 ログインボーナスをプレゼント！*
`白銀の果実 X 1
`_2024-06-01 04:31:31_
--------
*0b57d94ce9304ffcce81f30c6fb0ad6c*
`登陆天数: 9天 / 646天
等级: 130
石头: 3405
呼符: 0
体力: 14452.603333333333 / 138
友情点: 0 / 468750`
*連続ログイン2日目
※ログインが途切れるか、7日到達すると
1日目から再開されます*
`聖晶石 X 1
6月交換券(2024) X 1
`*カルデア・サマーアドベンチャー！ アンケート復刻版 開幕記念 ログインボーナス*
*開催期間中、1日1回 最大21回 ログインボーナスをプレゼント！*
`白銀の果実 X 1
`_2024-06-01 04:31:39_
--------
*9adb87b27b1813dff94df092d8bba48a*
`登陆天数: 9天 / 646天
等级: 130
石头: 3305
呼符: 0
体力: 14452.63 / 138
友情点: 0 / 468665`
*連続ログイン2日目
※ログインが途切れるか、7日到達すると
1日目から再開されます*
`聖晶石 X 1
6月交換券(2024) X 1
`*カルデア・サマーアドベンチャー！ アンケート復刻版 開幕記念 ログインボーナス*
*開催期間中、1日1回 最大21回 ログインボーナスをプレゼント！*
`白銀の果実 X 1
`_2024-06-01 04:31:47_
--------
*b3472b65e8679304c686a1b1e21e9d7b*
`登陆天数: 9天 / 647天
等级: 130
石头: 2664
呼符: 0
体力: 14452.66 / 138
友情点: 0 / 467220`
*連続ログイン2日目
※ログインが途切れるか、7日到達すると
1日目から再開されます*
`聖晶石 X 1
6月交換券(2024) X 1
`*カルデア・サマーアドベンチャー！ アンケート復刻版 開幕記念 ログインボーナス*
*開催期間中、1日1回 最大21回 ログインボーナスをプレゼント！*
`白銀の果実 X 1
`_2024-06-01 04:31:56_
--------
*549c4131ed9b6887b09692346f431f29*
`登陆天数: 9天 / 647天
等级: 130
石头: 3018
呼符: 0
体力: 14452.686666666666 / 138
友情点: 0 / 467410`
*連続ログイン2日目
※ログインが途切れるか、7日到達すると
1日目から再開されます*
`聖晶石 X 1
6月交換券(2024) X 1
`*カルデア・サマーアドベンチャー！ アンケート復刻版 開幕記念 ログインボーナス*
*開催期間中、1日1回 最大21回 ログインボーナスをプレゼント！*
`白銀の果実 X 1
`_2024-06-01 04:32:04_
--------
*92dab0d71357c2accd7df4df2c5afc76*
`登陆天数: 9天 / 646天
等级: 130
石头: 2418
呼符: 0
体力: 14452.713333333333 / 138
友情点: 0 / 468735`
*連続ログイン2日目
※ログインが途切れるか、7日到達すると
1日目から再開されます*
`聖晶石 X 1
6月交換券(2024) X 1
`*カルデア・サマーアドベンチャー！ アンケート復刻版 開幕記念 ログインボーナス*
*開催期間中、1日1回 最大21回 ログインボーナスをプレゼント！*
`白銀の果実 X 1
`_2024-06-01 04:32:12_
--------
*45829723fb09c15cd0f8bdba0bd160b4*
`登陆天数: 9天 / 647天
等级: 130
石头: 3022
呼符: 0
体力: 14452.74 / 138
友情点: 0 / 468865`
*連続ログイン2日目
※ログインが途切れるか、7日到達すると
1日目から再開されます*
`聖晶石 X 1
6月交換券(2024) X 1
`*カルデア・サマーアドベンチャー！ アンケート復刻版 開幕記念 ログインボーナス*
*開催期間中、1日1回 最大21回 ログインボーナスをプレゼント！*
`白銀の果実 X 1
`_2024-06-01 04:32:20_
--------
*14b04e0b70bc45efdfda43b1875ee7ae*
`登陆天数: 9天 / 646天
等级: 130
石头: 2913
呼符: 0
体力: 14452.77 / 138
友情点: 0 / 469485`
*連続ログイン2日目
※ログインが途切れるか、7日到達すると
1日目から再開されます*
`聖晶石 X 1
6月交換券(2024) X 1
`*カルデア・サマーアドベンチャー！ アンケート復刻版 開幕記念 ログインボーナス*
*開催期間中、1日1回 最大21回 ログインボーナスをプレゼント！*
`白銀の果実 X 1
`_2024-06-01 04:32:29_
--------
*170dc61853d5ca25e7fc6de7a1b79050*
`登陆天数: 9天 / 646天
等级: 130
石头: 4005
呼符: 36
体力: 14452.796666666667 / 138
友情点: 0 / 468035`
*連続ログイン2日目
※ログインが途切れるか、7日到達すると
1日目から再開されます*
`聖晶石 X 1
6月交換券(2024) X 1
`*カルデア・サマーアドベンチャー！ アンケート復刻版 開幕記念 ログインボーナス*
*開催期間中、1日1回 最大21回 ログインボーナスをプレゼント！*
`白銀の果実 X 1
`_2024-06-01 04:32:37_
--------
*577ca7b26291dca27a66cfc6c9a2bbd2*
`登陆天数: 9天 / 647天
等级: 130
石头: 3472
呼符: 0
体力: 14452.823333333334 / 138
友情点: 0 / 466735`
*連続ログイン2日目
※ログインが途切れるか、7日到達すると
1日目から再開されます*
`聖晶石 X 1
6月交換券(2024) X 1
`*カルデア・サマーアドベンチャー！ アンケート復刻版 開幕記念 ログインボーナス*
*開催期間中、1日1回 最大21回 ログインボーナスをプレゼント！*
`白銀の果実 X 1
`_2024-06-01 04:32:45_
--------
*ee11bb75d5a560017023c63c470fa4fa*
`登陆天数: 9天 / 646天
等级: 130
石头: 2780
呼符: 0
体力: 14452.85 / 138
友情点: 0 / 468750`
*連続ログイン2日目
※ログインが途切れるか、7日到達すると
1日目から再開されます*
`聖晶石 X 1
6月交換券(2024) X 1
`*カルデア・サマーアドベンチャー！ アンケート復刻版 開幕記念 ログインボーナス*
*開催期間中、1日1回 最大21回 ログインボーナスをプレゼント！*
`白銀の果実 X 1
`_2024-06-01 04:32:54_
--------
*4b2af19efcc200c3e0b9e11ba18ff0ec*
`登陆天数: 9天 / 647天
等级: 130
石头: 3138
呼符: 0
体力: 14452.88 / 138
友情点: 0 / 466660`
*連続ログイン2日目
※ログインが途切れるか、7日到達すると
1日目から再開されます*
`聖晶石 X 1
6月交換券(2024) X 1
`*カルデア・サマーアドベンチャー！ アンケート復刻版 開幕記念 ログインボーナス*
*開催期間中、1日1回 最大21回 ログインボーナスをプレゼント！*
`白銀の果実 X 1
`_2024-06-01 04:33:02_
--------
*9486be7f222a8e7f7897143cd18a89c5*
`登陆天数: 9天 / 647天
等级: 130
石头: 3082
呼符: 0
体力: 14452.906666666666 / 138
友情点: 0 / 465870`
*連続ログイン2日目
※ログインが途切れるか、7日到達すると
1日目から再開されます*
`聖晶石 X 1
6月交換券(2024) X 1
`*カルデア・サマーアドベンチャー！ アンケート復刻版 開幕記念 ログインボーナス*
*開催期間中、1日1回 最大21回 ログインボーナスをプレゼント！*
`白銀の果実 X 1
`_2024-06-01 04:33:10_
--------
*1140e900c715db176b8d4e2926bb2744*
`登陆天数: 9天 / 647天
等级: 130
石头: 2117
呼符: 0
体力: 14452.933333333332 / 138
友情点: 0 / 466765`
*連続ログイン2日目
※ログインが途切れるか、7日到達すると
1日目から再開されます*
`聖晶石 X 1
6月交換券(2024) X 1
`*カルデア・サマーアドベンチャー！ アンケート復刻版 開幕記念 ログインボーナス*
*開催期間中、1日1回 最大21回 ログインボーナスをプレゼント！*
`白銀の果実 X 1
`_2024-06-01 04:33:18_
--------
*5a22fcfb636a0bcd7c0ebcba2924d0df*
`登陆天数: 9天 / 646天
等级: 130
石头: 2358
呼符: 0
体力: 14452.96 / 138
友情点: 0 / 468205`
*連続ログイン2日目
※ログインが途切れるか、7日到達すると
1日目から再開されます*
`聖晶石 X 1
6月交換券(2024) X 1
`*カルデア・サマーアドベンチャー！ アンケート復刻版 開幕記念 ログインボーナス*
*開催期間中、1日1回 最大21回 ログインボーナスをプレゼント！*
`白銀の果実 X 1
`_2024-06-01 04:33:26_
--------
*0e574eb0e1968979a9615c8d231e3402*
`登陆天数: 9天 / 646天
等级: 130
石头: 3435
呼符: 0
体力: 14452.986666666666 / 138
友情点: 0 / 468370`
*連続ログイン2日目
※ログインが途切れるか、7日到達すると
1日目から再開されます*
`聖晶石 X 1
6月交換券(2024) X 1
`*カルデア・サマーアドベンチャー！ アンケート復刻版 開幕記念 ログインボーナス*
*開催期間中、1日1回 最大21回 ログインボーナスをプレゼント！*
`白銀の果実 X 1
`_2024-06-01 04:33:34_
--------
*685da6b7e35bd4b378b7e2c0591b7523*
`登陆天数: 9天 / 646天
等级: 130
石头: 1756
呼符: 0
体力: 14453.016666666666 / 138
友情点: 0 / 468290`
*連続ログイン2日目
※ログインが途切れるか、7日到達すると
1日目から再開されます*
`聖晶石 X 1
6月交換券(2024) X 1
`*カルデア・サマーアドベンチャー！ アンケート復刻版 開幕記念 ログインボーナス*
*開催期間中、1日1回 最大21回 ログインボーナスをプレゼント！*
`白銀の果実 X 1
`_2024-06-01 04:33:42_
--------
*0943a64ed145870889cd435ff3f5e23e*
`登陆天数: 9天 / 646天
等级: 130
石头: 3378
呼符: 0
体力: 14453.043333333333 / 138
友情点: 0 / 468135`
*連続ログイン2日目
※ログインが途切れるか、7日到達すると
1日目から再開されます*
`聖晶石 X 1
6月交換券(2024) X 1
`*カルデア・サマーアドベンチャー！ アンケート復刻版 開幕記念 ログインボーナス*
*開催期間中、1日1回 最大21回 ログインボーナスをプレゼント！*
`白銀の果実 X 1
`_2024-06-01 04:33:51_
--------
*d43302532bbb3d1a92299fffe81a41f9*
`登陆天数: 9天 / 646天
等级: 130
石头: 2473
呼符: 0
体力: 14453.07 / 138
友情点: 0 / 469840`
*連続ログイン2日目
※ログインが途切れるか、7日到達すると
1日目から再開されます*
`聖晶石 X 1
6月交換券(2024) X 1
`*カルデア・サマーアドベンチャー！ アンケート復刻版 開幕記念 ログインボーナス*
*開催期間中、1日1回 最大21回 ログインボーナスをプレゼント！*
`白銀の果実 X 1
`_2024-06-01 04:33:59_
--------
*0aa1101fd0fe79e9c31a3e5aa522d3fa*
`登陆天数: 9天 / 646天
等级: 130
石头: 1786
呼符: 0
体力: 14453.096666666666 / 138
友情点: 0 / 468875`
*連続ログイン2日目
※ログインが途切れるか、7日到達すると
1日目から再開されます*
`聖晶石 X 1
6月交換券(2024) X 1
`*カルデア・サマーアドベンチャー！ アンケート復刻版 開幕記念 ログインボーナス*
*開催期間中、1日1回 最大21回 ログインボーナスをプレゼント！*
`白銀の果実 X 1
`_2024-06-01 04:34:07_
--------
*b963d1cd9f26b844a734289458efbfb0*
`登陆天数: 9天 / 647天
等级: 130
石头: 1848
呼符: 0
体力: 14453.123333333333 / 138
友情点: 0 / 467555`
*連続ログイン2日目
※ログインが途切れるか、7日到達すると
1日目から再開されます*
`聖晶石 X 1
6月交換券(2024) X 1
`*カルデア・サマーアドベンチャー！ アンケート復刻版 開幕記念 ログインボーナス*
*開催期間中、1日1回 最大21回 ログインボーナスをプレゼント！*
`白銀の果実 X 1
`_2024-06-01 04:34:15_
--------
*1e6f7b34a5e5657f1ec521d21134e853*
`登陆天数: 9天 / 646天
等级: 130
石头: 3940
呼符: 0
体力: 14453.15 / 138
友情点: 0 / 469930`
*連続ログイン2日目
※ログインが途切れるか、7日到達すると
1日目から再開されます*
`聖晶石 X 1
6月交換券(2024) X 1
`*カルデア・サマーアドベンチャー！ アンケート復刻版 開幕記念 ログインボーナス*
*開催期間中、1日1回 最大21回 ログインボーナスをプレゼント！*
`白銀の果実 X 1
`_2024-06-01 04:34:23_
--------
*ced0a199164765b8dc8d97ea48e7ea34*
`登陆天数: 9天 / 646天
等级: 130
石头: 3167
呼符: 0
体力: 14453.176666666666 / 138
友情点: 0 / 468085`
*連続ログイン2日目
※ログインが途切れるか、7日到達すると
1日目から再開されます*
`聖晶石 X 1
6月交換券(2024) X 1
`*カルデア・サマーアドベンチャー！ アンケート復刻版 開幕記念 ログインボーナス*
*開催期間中、1日1回 最大21回 ログインボーナスをプレゼント！*
`白銀の果実 X 1
`_2024-06-01 04:34:31_
--------
*d8720bc8a8c1f42eaecba760f6ca3877*
`登陆天数: 9天 / 647天
等级: 130
石头: 2143
呼符: 0
体力: 14453.203333333333 / 138
友情点: 0 / 466560`
*連続ログイン2日目
※ログインが途切れるか、7日到達すると
1日目から再開されます*
`聖晶石 X 1
6月交換券(2024) X 1
`*カルデア・サマーアドベンチャー！ アンケート復刻版 開幕記念 ログインボーナス*
*開催期間中、1日1回 最大21回 ログインボーナスをプレゼント！*
`白銀の果実 X 1
`_2024-06-01 04:34:39_
--------
*4f6c37efa955f1914d9e0045e829cc2a*
`登陆天数: 9天 / 646天
等级: 130
石头: 3859
呼符: 0
体力: 14453.23 / 138
友情点: 0 / 467495`
*連続ログイン2日目
※ログインが途切れるか、7日到達すると
1日目から再開されます*
`聖晶石 X 1
6月交換券(2024) X 1
`*カルデア・サマーアドベンチャー！ アンケート復刻版 開幕記念 ログインボーナス*
*開催期間中、1日1回 最大21回 ログインボーナスをプレゼント！*
`白銀の果実 X 1
`_2024-06-01 04:34:47_
--------
*917f1c1e05eace569cd1d11e80a6113e*
`登陆天数: 9天 / 646天
等级: 130
石头: 3586
呼符: 0
体力: 14453.256666666666 / 138
友情点: 0 / 468265`
*連続ログイン2日目
※ログインが途切れるか、7日到達すると
1日目から再開されます*
`聖晶石 X 1
6月交換券(2024) X 1
`*カルデア・サマーアドベンチャー！ アンケート復刻版 開幕記念 ログインボーナス*
*開催期間中、1日1回 最大21回 ログインボーナスをプレゼント！*
`白銀の果実 X 1
`_2024-06-01 04:34:56_
--------
*9c30747c515749cc6f26d91f3ab2ec5e*
`登陆天数: 9天 / 647天
等级: 130
石头: 3229
呼符: 0
体力: 14453.283333333333 / 138
友情点: 0 / 468685`
*連続ログイン2日目
※ログインが途切れるか、7日到達すると
1日目から再開されます*
`聖晶石 X 1
6月交換券(2024) X 1
`*カルデア・サマーアドベンチャー！ アンケート復刻版 開幕記念 ログインボーナス*
*開催期間中、1日1回 最大21回 ログインボーナスをプレゼント！*
`白銀の果実 X 1
`_2024-06-01 04:35:04_
--------
*a0ea2b09eb479411ab01b5f4cae6212d*
`登陆天数: 9天 / 647天
等级: 130
石头: 4007
呼符: 96
体力: 14453.31 / 138
友情点: 0 / 466870`
*連続ログイン2日目
※ログインが途切れるか、7日到達すると
1日目から再開されます*
`聖晶石 X 1
6月交換券(2024) X 1
`*カルデア・サマーアドベンチャー！ アンケート復刻版 開幕記念 ログインボーナス*
*開催期間中、1日1回 最大21回 ログインボーナスをプレゼント！*
`白銀の果実 X 1
`_2024-06-01 04:35:12_
--------
*5a94f45c30098b620bf903e9cb61cc50*
`登陆天数: 9天 / 646天
等级: 130
石头: 3405
呼符: 0
体力: 14453.34 / 138
友情点: 0 / 467955`
*連続ログイン2日目
※ログインが途切れるか、7日到達すると
1日目から再開されます*
`聖晶石 X 1
6月交換券(2024) X 1
`*カルデア・サマーアドベンチャー！ アンケート復刻版 開幕記念 ログインボーナス*
*開催期間中、1日1回 最大21回 ログインボーナスをプレゼント！*
`白銀の果実 X 1
`_2024-06-01 04:35:20_
--------
*00ebe5c2dbadb983cd76dcb724936316*
`登陆天数: 9天 / 646天
等级: 130
石头: 2504
呼符: 0
体力: 14453.363333333333 / 138
友情点: 0 / 467640`
*連続ログイン2日目
※ログインが途切れるか、7日到達すると
1日目から再開されます*
`聖晶石 X 1
6月交換券(2024) X 1
`*カルデア・サマーアドベンチャー！ アンケート復刻版 開幕記念 ログインボーナス*
*開催期間中、1日1回 最大21回 ログインボーナスをプレゼント！*
`白銀の果実 X 1
`_2024-06-01 04:35:28_
--------
*c0e6326abb3c72eb972594095da57be6*
`登陆天数: 9天 / 647天
等级: 130
石头: 3200
呼符: 0
体力: 14453.39 / 138
友情点: 0 / 466660`
*連続ログイン2日目
※ログインが途切れるか、7日到達すると
1日目から再開されます*
`聖晶石 X 1
6月交換券(2024) X 1
`*カルデア・サマーアドベンチャー！ アンケート復刻版 開幕記念 ログインボーナス*
*開催期間中、1日1回 最大21回 ログインボーナスをプレゼント！*
`白銀の果実 X 1
`_2024-06-01 04:35:36_
--------
*c5c68e8e3ffbd8a70c2b6de50b07d9ba*
`登陆天数: 9天 / 646天
等级: 130
石头: 2534
呼符: 0
体力: 14453.42 / 138
友情点: 0 / 468545`
*連続ログイン2日目
※ログインが途切れるか、7日到達すると
1日目から再開されます*
`聖晶石 X 1
6月交換券(2024) X 1
`*カルデア・サマーアドベンチャー！ アンケート復刻版 開幕記念 ログインボーナス*
*開催期間中、1日1回 最大21回 ログインボーナスをプレゼント！*
`白銀の果実 X 1
`_2024-06-01 04:35:44_
--------
*99ca4e42e188c27ae9688ac0548c5f1b*
`登陆天数: 9天 / 646天
等级: 130
石头: 1425
呼符: 0
体力: 14453.446666666667 / 138
友情点: 0 / 468455`
*連続ログイン2日目
※ログインが途切れるか、7日到達すると
1日目から再開されます*
`聖晶石 X 1
6月交換券(2024) X 1
`*カルデア・サマーアドベンチャー！ アンケート復刻版 開幕記念 ログインボーナス*
*開催期間中、1日1回 最大21回 ログインボーナスをプレゼント！*
`白銀の果実 X 1
`_2024-06-01 04:35:52_
--------
*e7d128cc392dee579676b48fe9dad40e*
`登陆天数: 9天 / 646天
等级: 130
石头: 3641
呼符: 0
体力: 14453.47 / 138
友情点: 0 / 469180`
_2024-06-01 04:36:00_
--------
