【登录信息】
*969cf69cd4e66f81f48959aecbf84d81*
`登陆天数: 9天 / 649天
等级: 130
石头: 1647
呼符: 0
体力: 15604.903333333334 / 138
友情点: 0 / 465990`
*連続ログイン2日目
※ログインが途切れるか、7日到達すると
1日目から再開されます*
`聖晶石 X 1
6月交換券(2024) X 1
`*カルデア・サマーアドベンチャー！ アンケート復刻版 開幕記念 ログインボーナス*
*開催期間中、1日1回 最大21回 ログインボーナスをプレゼント！*
`白銀の果実 X 1
`_2024-06-05 04:33:09_
--------
*6c3d9a45400f787972c7ae810f8279d0*
`登陆天数: 13天 / 650天
等级: 130
石头: 3104
呼符: 0
体力: 15604.93 / 138
友情点: 0 / 467275`
*連続ログイン6日目
※ログインが途切れるか、7日到達すると
1日目から再開されます*
`聖晶石 X 2
6月交換券(2024) X 1
`*カルデア・サマーアドベンチャー！ アンケート復刻版 開幕記念 ログインボーナス*
*開催期間中、1日1回 最大21回 ログインボーナスをプレゼント！*
`白銀の果実 X 1
`_2024-06-05 04:33:18_
--------
*3d5d0768d7dbf6bf653494d8bca9fbf4*
`登陆天数: 13天 / 651天
等级: 130
石头: 2917
呼符: 0
体力: 15604.956666666667 / 138
友情点: 0 / 466075`
*連続ログイン6日目
※ログインが途切れるか、7日到達すると
1日目から再開されます*
`聖晶石 X 2
6月交換券(2024) X 1
`*カルデア・サマーアドベンチャー！ アンケート復刻版 開幕記念 ログインボーナス*
*開催期間中、1日1回 最大21回 ログインボーナスをプレゼント！*
`白銀の果実 X 1
`_2024-06-05 04:33:26_
--------
*8d1f10e6e5d4a236163c7c71d339491f*
`登陆天数: 13天 / 650天
等级: 130
石头: 3706
呼符: 0
体力: 15604.983333333334 / 138
友情点: 0 / 468710`
*連続ログイン6日目
※ログインが途切れるか、7日到達すると
1日目から再開されます*
`聖晶石 X 2
6月交換券(2024) X 1
`*カルデア・サマーアドベンチャー！ アンケート復刻版 開幕記念 ログインボーナス*
*開催期間中、1日1回 最大21回 ログインボーナスをプレゼント！*
`白銀の果実 X 1
`_2024-06-05 04:33:33_
--------
*c620282dee3c7cab338eea7962567261*
`登陆天数: 13天 / 651天
等级: 130
石头: 2718
呼符: 0
体力: 15605.01 / 138
友情点: 0 / 468260`
*連続ログイン6日目
※ログインが途切れるか、7日到達すると
1日目から再開されます*
`聖晶石 X 2
6月交換券(2024) X 1
`*カルデア・サマーアドベンチャー！ アンケート復刻版 開幕記念 ログインボーナス*
*開催期間中、1日1回 最大21回 ログインボーナスをプレゼント！*
`白銀の果実 X 1
`_2024-06-05 04:33:41_
--------
*620a255adf6869aa9de55658eb8c3db2*
`登陆天数: 13天 / 650天
等级: 130
石头: 3995
呼符: 42
体力: 15605.036666666667 / 138
友情点: 0 / 468360`
*連続ログイン6日目
※ログインが途切れるか、7日到達すると
1日目から再開されます*
`聖晶石 X 2
6月交換券(2024) X 1
`*カルデア・サマーアドベンチャー！ アンケート復刻版 開幕記念 ログインボーナス*
*開催期間中、1日1回 最大21回 ログインボーナスをプレゼント！*
`白銀の果実 X 1
`_2024-06-05 04:33:49_
--------
*53629dc51659611bbfa4b74c104d7fe5*
`登陆天数: 13天 / 650天
等级: 130
石头: 2081
呼符: 0
体力: 15605.063333333334 / 138
友情点: 0 / 468570`
*連続ログイン6日目
※ログインが途切れるか、7日到達すると
1日目から再開されます*
`聖晶石 X 2
6月交換券(2024) X 1
`*カルデア・サマーアドベンチャー！ アンケート復刻版 開幕記念 ログインボーナス*
*開催期間中、1日1回 最大21回 ログインボーナスをプレゼント！*
`白銀の果実 X 1
`_2024-06-05 04:33:57_
--------
*c3df721a6d1528228addb90f060757b3*
`登陆天数: 13天 / 650天
等级: 130
石头: 3590
呼符: 0
体力: 15605.09 / 138
友情点: 0 / 468725`
*連続ログイン6日目
※ログインが途切れるか、7日到達すると
1日目から再開されます*
`聖晶石 X 2
6月交換券(2024) X 1
`*カルデア・サマーアドベンチャー！ アンケート復刻版 開幕記念 ログインボーナス*
*開催期間中、1日1回 最大21回 ログインボーナスをプレゼント！*
`白銀の果実 X 1
`_2024-06-05 04:34:05_
--------
*b45f3980c714335bbd897446c542eb12*
`登陆天数: 13天 / 651天
等级: 130
石头: 4006
呼符: 85
体力: 15605.116666666667 / 138
友情点: 0 / 465250`
*連続ログイン6日目
※ログインが途切れるか、7日到達すると
1日目から再開されます*
`聖晶石 X 2
6月交換券(2024) X 1
`*カルデア・サマーアドベンチャー！ アンケート復刻版 開幕記念 ログインボーナス*
*開催期間中、1日1回 最大21回 ログインボーナスをプレゼント！*
`白銀の果実 X 1
`_2024-06-05 04:34:13_
--------
*efad731e6c1ec6b1c5d9e7e476f12c02*
`登陆天数: 13天 / 651天
等级: 130
石头: 3402
呼符: 0
体力: 15605.14 / 138
友情点: 0 / 466430`
*連続ログイン6日目
※ログインが途切れるか、7日到達すると
1日目から再開されます*
`聖晶石 X 2
6月交換券(2024) X 1
`*カルデア・サマーアドベンチャー！ アンケート復刻版 開幕記念 ログインボーナス*
*開催期間中、1日1回 最大21回 ログインボーナスをプレゼント！*
`白銀の果実 X 1
`_2024-06-05 04:34:21_
--------
*e5782049953055ff7609e58cc64d3073*
`登陆天数: 13天 / 650天
等级: 130
石头: 3680
呼符: 0
体力: 15605.166666666666 / 138
友情点: 0 / 468445`
*連続ログイン6日目
※ログインが途切れるか、7日到達すると
1日目から再開されます*
`聖晶石 X 2
6月交換券(2024) X 1
`*カルデア・サマーアドベンチャー！ アンケート復刻版 開幕記念 ログインボーナス*
*開催期間中、1日1回 最大21回 ログインボーナスをプレゼント！*
`白銀の果実 X 1
`_2024-06-05 04:34:29_
--------
*2c1746fcc7172af6267c3d19844cacf4*
`登陆天数: 13天 / 651天
等级: 130
石头: 3167
呼符: 0
体力: 15605.193333333333 / 138
友情点: 0 / 465565`
*連続ログイン6日目
※ログインが途切れるか、7日到達すると
1日目から再開されます*
`聖晶石 X 2
6月交換券(2024) X 1
`*カルデア・サマーアドベンチャー！ アンケート復刻版 開幕記念 ログインボーナス*
*開催期間中、1日1回 最大21回 ログインボーナスをプレゼント！*
`白銀の果実 X 1
`_2024-06-05 04:34:36_
--------
*2c134e2f63405c72dbec9ac9fc2b953d*
`登陆天数: 13天 / 651天
等级: 130
石头: 2388
呼符: 0
体力: 15605.22 / 138
友情点: 0 / 467280`
*連続ログイン6日目
※ログインが途切れるか、7日到達すると
1日目から再開されます*
`聖晶石 X 2
6月交換券(2024) X 1
`*カルデア・サマーアドベンチャー！ アンケート復刻版 開幕記念 ログインボーナス*
*開催期間中、1日1回 最大21回 ログインボーナスをプレゼント！*
`白銀の果実 X 1
`_2024-06-05 04:34:44_
--------
*5a51d1cb09032cd6a6a62adf40cc36b9*
`登陆天数: 13天 / 651天
等级: 130
石头: 3432
呼符: 0
体力: 15605.246666666666 / 138
友情点: 0 / 466500`
*連続ログイン6日目
※ログインが途切れるか、7日到達すると
1日目から再開されます*
`聖晶石 X 2
6月交換券(2024) X 1
`*カルデア・サマーアドベンチャー！ アンケート復刻版 開幕記念 ログインボーナス*
*開催期間中、1日1回 最大21回 ログインボーナスをプレゼント！*
`白銀の果実 X 1
`_2024-06-05 04:34:52_
--------
*df2765fc1f5c175dcb16251a8ac24728*
`登陆天数: 13天 / 651天
等级: 130
石头: 3201
呼符: 0
体力: 15605.266666666666 / 138
友情点: 0 / 465380`
*連続ログイン6日目
※ログインが途切れるか、7日到達すると
1日目から再開されます*
`聖晶石 X 2
6月交換券(2024) X 1
`*カルデア・サマーアドベンチャー！ アンケート復刻版 開幕記念 ログインボーナス*
*開催期間中、1日1回 最大21回 ログインボーナスをプレゼント！*
`白銀の果実 X 1
`_2024-06-05 04:35:00_
--------
*e1cd955137fc86d84fa589b926d6cd7f*
`登陆天数: 13天 / 651天
等级: 130
石头: 3142
呼符: 0
体力: 15605.296666666667 / 138
友情点: 0 / 466630`
*連続ログイン6日目
※ログインが途切れるか、7日到達すると
1日目から再開されます*
`聖晶石 X 2
6月交換券(2024) X 1
`*カルデア・サマーアドベンチャー！ アンケート復刻版 開幕記念 ログインボーナス*
*開催期間中、1日1回 最大21回 ログインボーナスをプレゼント！*
`白銀の果実 X 1
`_2024-06-05 04:35:07_
--------
*ec3ef68c2ff1e715acbe1efdb3b96125*
`登陆天数: 13天 / 651天
等级: 130
石头: 3415
呼符: 0
体力: 15605.323333333334 / 138
友情点: 0 / 465930`
*連続ログイン6日目
※ログインが途切れるか、7日到達すると
1日目から再開されます*
`聖晶石 X 2
6月交換券(2024) X 1
`*カルデア・サマーアドベンチャー！ アンケート復刻版 開幕記念 ログインボーナス*
*開催期間中、1日1回 最大21回 ログインボーナスをプレゼント！*
`白銀の果実 X 1
`_2024-06-05 04:35:15_
--------
*0b57d94ce9304ffcce81f30c6fb0ad6c*
`登陆天数: 13天 / 650天
等级: 130
石头: 3405
呼符: 0
体力: 15605.35 / 138
友情点: 0 / 468750`
*連続ログイン6日目
※ログインが途切れるか、7日到達すると
1日目から再開されます*
`聖晶石 X 2
6月交換券(2024) X 1
`*カルデア・サマーアドベンチャー！ アンケート復刻版 開幕記念 ログインボーナス*
*開催期間中、1日1回 最大21回 ログインボーナスをプレゼント！*
`白銀の果実 X 1
`_2024-06-05 04:35:23_
--------
*9adb87b27b1813dff94df092d8bba48a*
`登陆天数: 13天 / 650天
等级: 130
石头: 3305
呼符: 0
体力: 15605.373333333333 / 138
友情点: 0 / 468665`
*連続ログイン6日目
※ログインが途切れるか、7日到達すると
1日目から再開されます*
`聖晶石 X 2
6月交換券(2024) X 1
`*カルデア・サマーアドベンチャー！ アンケート復刻版 開幕記念 ログインボーナス*
*開催期間中、1日1回 最大21回 ログインボーナスをプレゼント！*
`白銀の果実 X 1
`_2024-06-05 04:35:31_
--------
*b3472b65e8679304c686a1b1e21e9d7b*
`登陆天数: 13天 / 651天
等级: 130
石头: 2664
呼符: 0
体力: 15605.4 / 138
友情点: 0 / 467220`
*連続ログイン6日目
※ログインが途切れるか、7日到達すると
1日目から再開されます*
`聖晶石 X 2
6月交換券(2024) X 1
`*カルデア・サマーアドベンチャー！ アンケート復刻版 開幕記念 ログインボーナス*
*開催期間中、1日1回 最大21回 ログインボーナスをプレゼント！*
`白銀の果実 X 1
`_2024-06-05 04:35:39_
--------
*549c4131ed9b6887b09692346f431f29*
`登陆天数: 13天 / 651天
等级: 130
石头: 3018
呼符: 0
体力: 15605.426666666666 / 138
友情点: 0 / 467410`
*連続ログイン6日目
※ログインが途切れるか、7日到達すると
1日目から再開されます*
`聖晶石 X 2
6月交換券(2024) X 1
`*カルデア・サマーアドベンチャー！ アンケート復刻版 開幕記念 ログインボーナス*
*開催期間中、1日1回 最大21回 ログインボーナスをプレゼント！*
`白銀の果実 X 1
`_2024-06-05 04:35:46_
--------
*92dab0d71357c2accd7df4df2c5afc76*
`登陆天数: 13天 / 650天
等级: 130
石头: 2418
呼符: 0
体力: 15605.453333333333 / 138
友情点: 0 / 468735`
*連続ログイン6日目
※ログインが途切れるか、7日到達すると
1日目から再開されます*
`聖晶石 X 2
6月交換券(2024) X 1
`*カルデア・サマーアドベンチャー！ アンケート復刻版 開幕記念 ログインボーナス*
*開催期間中、1日1回 最大21回 ログインボーナスをプレゼント！*
`白銀の果実 X 1
`_2024-06-05 04:35:54_
--------
*45829723fb09c15cd0f8bdba0bd160b4*
`登陆天数: 13天 / 651天
等级: 130
石头: 3022
呼符: 0
体力: 15605.476666666667 / 138
友情点: 0 / 468865`
*連続ログイン6日目
※ログインが途切れるか、7日到達すると
1日目から再開されます*
`聖晶石 X 2
6月交換券(2024) X 1
`*カルデア・サマーアドベンチャー！ アンケート復刻版 開幕記念 ログインボーナス*
*開催期間中、1日1回 最大21回 ログインボーナスをプレゼント！*
`白銀の果実 X 1
`_2024-06-05 04:36:02_
--------
*14b04e0b70bc45efdfda43b1875ee7ae*
`登陆天数: 13天 / 650天
等级: 130
石头: 2913
呼符: 0
体力: 15605.503333333334 / 138
友情点: 0 / 469485`
*連続ログイン6日目
※ログインが途切れるか、7日到達すると
1日目から再開されます*
`聖晶石 X 2
6月交換券(2024) X 1
`*カルデア・サマーアドベンチャー！ アンケート復刻版 開幕記念 ログインボーナス*
*開催期間中、1日1回 最大21回 ログインボーナスをプレゼント！*
`白銀の果実 X 1
`_2024-06-05 04:36:10_
--------
*170dc61853d5ca25e7fc6de7a1b79050*
`登陆天数: 13天 / 650天
等级: 130
石头: 4005
呼符: 36
体力: 15605.53 / 138
友情点: 0 / 468035`
*連続ログイン6日目
※ログインが途切れるか、7日到達すると
1日目から再開されます*
`聖晶石 X 2
6月交換券(2024) X 1
`*カルデア・サマーアドベンチャー！ アンケート復刻版 開幕記念 ログインボーナス*
*開催期間中、1日1回 最大21回 ログインボーナスをプレゼント！*
`白銀の果実 X 1
`_2024-06-05 04:36:17_
--------
*577ca7b26291dca27a66cfc6c9a2bbd2*
`登陆天数: 13天 / 651天
等级: 130
石头: 3472
呼符: 0
体力: 15605.556666666667 / 138
友情点: 0 / 466735`
*連続ログイン6日目
※ログインが途切れるか、7日到達すると
1日目から再開されます*
`聖晶石 X 2
6月交換券(2024) X 1
`*カルデア・サマーアドベンチャー！ アンケート復刻版 開幕記念 ログインボーナス*
*開催期間中、1日1回 最大21回 ログインボーナスをプレゼント！*
`白銀の果実 X 1
`_2024-06-05 04:36:25_
--------
*ee11bb75d5a560017023c63c470fa4fa*
`登陆天数: 13天 / 650天
等级: 130
石头: 2780
呼符: 0
体力: 15605.583333333334 / 138
友情点: 0 / 468750`
*連続ログイン6日目
※ログインが途切れるか、7日到達すると
1日目から再開されます*
`聖晶石 X 2
6月交換券(2024) X 1
`*カルデア・サマーアドベンチャー！ アンケート復刻版 開幕記念 ログインボーナス*
*開催期間中、1日1回 最大21回 ログインボーナスをプレゼント！*
`白銀の果実 X 1
`_2024-06-05 04:36:33_
--------
*4b2af19efcc200c3e0b9e11ba18ff0ec*
`登陆天数: 13天 / 651天
等级: 130
石头: 3138
呼符: 0
体力: 15605.606666666667 / 138
友情点: 0 / 466660`
*連続ログイン6日目
※ログインが途切れるか、7日到達すると
1日目から再開されます*
`聖晶石 X 2
6月交換券(2024) X 1
`*カルデア・サマーアドベンチャー！ アンケート復刻版 開幕記念 ログインボーナス*
*開催期間中、1日1回 最大21回 ログインボーナスをプレゼント！*
`白銀の果実 X 1
`_2024-06-05 04:36:41_
--------
*9486be7f222a8e7f7897143cd18a89c5*
`登陆天数: 13天 / 651天
等级: 130
石头: 3082
呼符: 0
体力: 15605.633333333333 / 138
友情点: 0 / 465870`
*連続ログイン6日目
※ログインが途切れるか、7日到達すると
1日目から再開されます*
`聖晶石 X 2
6月交換券(2024) X 1
`*カルデア・サマーアドベンチャー！ アンケート復刻版 開幕記念 ログインボーナス*
*開催期間中、1日1回 最大21回 ログインボーナスをプレゼント！*
`白銀の果実 X 1
`_2024-06-05 04:36:48_
--------
*1140e900c715db176b8d4e2926bb2744*
`登陆天数: 13天 / 651天
等级: 130
石头: 2117
呼符: 0
体力: 15605.656666666666 / 138
友情点: 0 / 466765`
*連続ログイン6日目
※ログインが途切れるか、7日到達すると
1日目から再開されます*
`聖晶石 X 2
6月交換券(2024) X 1
`*カルデア・サマーアドベンチャー！ アンケート復刻版 開幕記念 ログインボーナス*
*開催期間中、1日1回 最大21回 ログインボーナスをプレゼント！*
`白銀の果実 X 1
`_2024-06-05 04:36:56_
--------
*5a22fcfb636a0bcd7c0ebcba2924d0df*
`登陆天数: 13天 / 650天
等级: 130
石头: 2358
呼符: 0
体力: 15605.683333333332 / 138
友情点: 0 / 468205`
*連続ログイン6日目
※ログインが途切れるか、7日到達すると
1日目から再開されます*
`聖晶石 X 2
6月交換券(2024) X 1
`*カルデア・サマーアドベンチャー！ アンケート復刻版 開幕記念 ログインボーナス*
*開催期間中、1日1回 最大21回 ログインボーナスをプレゼント！*
`白銀の果実 X 1
`_2024-06-05 04:37:04_
--------
*0e574eb0e1968979a9615c8d231e3402*
`登陆天数: 13天 / 650天
等级: 130
石头: 3435
呼符: 0
体力: 15605.71 / 138
友情点: 0 / 468370`
*連続ログイン6日目
※ログインが途切れるか、7日到達すると
1日目から再開されます*
`聖晶石 X 2
6月交換券(2024) X 1
`*カルデア・サマーアドベンチャー！ アンケート復刻版 開幕記念 ログインボーナス*
*開催期間中、1日1回 最大21回 ログインボーナスをプレゼント！*
`白銀の果実 X 1
`_2024-06-05 04:37:12_
--------
*685da6b7e35bd4b378b7e2c0591b7523*
`登陆天数: 13天 / 650天
等级: 130
石头: 1756
呼符: 0
体力: 15605.736666666666 / 138
友情点: 0 / 468290`
*連続ログイン6日目
※ログインが途切れるか、7日到達すると
1日目から再開されます*
`聖晶石 X 2
6月交換券(2024) X 1
`*カルデア・サマーアドベンチャー！ アンケート復刻版 開幕記念 ログインボーナス*
*開催期間中、1日1回 最大21回 ログインボーナスをプレゼント！*
`白銀の果実 X 1
`_2024-06-05 04:37:19_
--------
*0943a64ed145870889cd435ff3f5e23e*
`登陆天数: 13天 / 650天
等级: 130
石头: 3378
呼符: 0
体力: 15605.763333333334 / 138
友情点: 0 / 468135`
*連続ログイン6日目
※ログインが途切れるか、7日到達すると
1日目から再開されます*
`聖晶石 X 2
6月交換券(2024) X 1
`*カルデア・サマーアドベンチャー！ アンケート復刻版 開幕記念 ログインボーナス*
*開催期間中、1日1回 最大21回 ログインボーナスをプレゼント！*
`白銀の果実 X 1
`_2024-06-05 04:37:27_
--------
*d43302532bbb3d1a92299fffe81a41f9*
`登陆天数: 13天 / 650天
等级: 130
石头: 2473
呼符: 0
体力: 15605.786666666667 / 138
友情点: 0 / 469840`
*連続ログイン6日目
※ログインが途切れるか、7日到達すると
1日目から再開されます*
`聖晶石 X 2
6月交換券(2024) X 1
`*カルデア・サマーアドベンチャー！ アンケート復刻版 開幕記念 ログインボーナス*
*開催期間中、1日1回 最大21回 ログインボーナスをプレゼント！*
`白銀の果実 X 1
`_2024-06-05 04:37:35_
--------
*0aa1101fd0fe79e9c31a3e5aa522d3fa*
`登陆天数: 13天 / 650天
等级: 130
石头: 1786
呼符: 0
体力: 15605.813333333334 / 138
友情点: 0 / 468875`
*連続ログイン6日目
※ログインが途切れるか、7日到達すると
1日目から再開されます*
`聖晶石 X 2
6月交換券(2024) X 1
`*カルデア・サマーアドベンチャー！ アンケート復刻版 開幕記念 ログインボーナス*
*開催期間中、1日1回 最大21回 ログインボーナスをプレゼント！*
`白銀の果実 X 1
`_2024-06-05 04:37:43_
--------
*b963d1cd9f26b844a734289458efbfb0*
`登陆天数: 13天 / 651天
等级: 130
石头: 1848
呼符: 0
体力: 15605.84 / 138
友情点: 0 / 467555`
*連続ログイン6日目
※ログインが途切れるか、7日到達すると
1日目から再開されます*
`聖晶石 X 2
6月交換券(2024) X 1
`*カルデア・サマーアドベンチャー！ アンケート復刻版 開幕記念 ログインボーナス*
*開催期間中、1日1回 最大21回 ログインボーナスをプレゼント！*
`白銀の果実 X 1
`_2024-06-05 04:37:50_
--------
*1e6f7b34a5e5657f1ec521d21134e853*
`登陆天数: 13天 / 650天
等级: 130
石头: 3940
呼符: 0
体力: 15605.863333333333 / 138
友情点: 0 / 469930`
*連続ログイン6日目
※ログインが途切れるか、7日到達すると
1日目から再開されます*
`聖晶石 X 2
6月交換券(2024) X 1
`*カルデア・サマーアドベンチャー！ アンケート復刻版 開幕記念 ログインボーナス*
*開催期間中、1日1回 最大21回 ログインボーナスをプレゼント！*
`白銀の果実 X 1
`_2024-06-05 04:37:58_
--------
*ced0a199164765b8dc8d97ea48e7ea34*
`登陆天数: 13天 / 650天
等级: 130
石头: 3167
呼符: 0
体力: 15605.89 / 138
友情点: 0 / 468085`
*連続ログイン6日目
※ログインが途切れるか、7日到達すると
1日目から再開されます*
`聖晶石 X 2
6月交換券(2024) X 1
`*カルデア・サマーアドベンチャー！ アンケート復刻版 開幕記念 ログインボーナス*
*開催期間中、1日1回 最大21回 ログインボーナスをプレゼント！*
`白銀の果実 X 1
`_2024-06-05 04:38:06_
--------
*d8720bc8a8c1f42eaecba760f6ca3877*
`登陆天数: 13天 / 651天
等级: 130
石头: 2143
呼符: 0
体力: 15605.916666666666 / 138
友情点: 0 / 466560`
*連続ログイン6日目
※ログインが途切れるか、7日到達すると
1日目から再開されます*
`聖晶石 X 2
6月交換券(2024) X 1
`*カルデア・サマーアドベンチャー！ アンケート復刻版 開幕記念 ログインボーナス*
*開催期間中、1日1回 最大21回 ログインボーナスをプレゼント！*
`白銀の果実 X 1
`_2024-06-05 04:38:13_
--------
*4f6c37efa955f1914d9e0045e829cc2a*
`登陆天数: 13天 / 650天
等级: 130
石头: 3859
呼符: 0
体力: 15605.943333333333 / 138
友情点: 0 / 467495`
*連続ログイン6日目
※ログインが途切れるか、7日到達すると
1日目から再開されます*
`聖晶石 X 2
6月交換券(2024) X 1
`*カルデア・サマーアドベンチャー！ アンケート復刻版 開幕記念 ログインボーナス*
*開催期間中、1日1回 最大21回 ログインボーナスをプレゼント！*
`白銀の果実 X 1
`_2024-06-05 04:38:21_
--------
*917f1c1e05eace569cd1d11e80a6113e*
`登陆天数: 13天 / 650天
等级: 130
石头: 3586
呼符: 0
体力: 15605.966666666667 / 138
友情点: 0 / 468265`
*連続ログイン6日目
※ログインが途切れるか、7日到達すると
1日目から再開されます*
`聖晶石 X 2
6月交換券(2024) X 1
`*カルデア・サマーアドベンチャー！ アンケート復刻版 開幕記念 ログインボーナス*
*開催期間中、1日1回 最大21回 ログインボーナスをプレゼント！*
`白銀の果実 X 1
`_2024-06-05 04:38:29_
--------
*9c30747c515749cc6f26d91f3ab2ec5e*
`登陆天数: 13天 / 651天
等级: 130
石头: 3229
呼符: 0
体力: 15605.993333333334 / 138
友情点: 0 / 468685`
*連続ログイン6日目
※ログインが途切れるか、7日到達すると
1日目から再開されます*
`聖晶石 X 2
6月交換券(2024) X 1
`*カルデア・サマーアドベンチャー！ アンケート復刻版 開幕記念 ログインボーナス*
*開催期間中、1日1回 最大21回 ログインボーナスをプレゼント！*
`白銀の果実 X 1
`_2024-06-05 04:38:36_
--------
*a0ea2b09eb479411ab01b5f4cae6212d*
`登陆天数: 13天 / 651天
等级: 130
石头: 4007
呼符: 96
体力: 15606.016666666666 / 138
友情点: 0 / 466870`
*連続ログイン6日目
※ログインが途切れるか、7日到達すると
1日目から再開されます*
`聖晶石 X 2
6月交換券(2024) X 1
`*カルデア・サマーアドベンチャー！ アンケート復刻版 開幕記念 ログインボーナス*
*開催期間中、1日1回 最大21回 ログインボーナスをプレゼント！*
`白銀の果実 X 1
`_2024-06-05 04:38:44_
--------
*5a94f45c30098b620bf903e9cb61cc50*
`登陆天数: 13天 / 650天
等级: 130
石头: 3405
呼符: 0
体力: 15606.043333333333 / 138
友情点: 0 / 467955`
*連続ログイン6日目
※ログインが途切れるか、7日到達すると
1日目から再開されます*
`聖晶石 X 2
6月交換券(2024) X 1
`*カルデア・サマーアドベンチャー！ アンケート復刻版 開幕記念 ログインボーナス*
*開催期間中、1日1回 最大21回 ログインボーナスをプレゼント！*
`白銀の果実 X 1
`_2024-06-05 04:38:52_
--------
*00ebe5c2dbadb983cd76dcb724936316*
`登陆天数: 13天 / 650天
等级: 130
石头: 2504
呼符: 0
体力: 15606.066666666668 / 138
友情点: 0 / 467640`
*連続ログイン6日目
※ログインが途切れるか、7日到達すると
1日目から再開されます*
`聖晶石 X 2
6月交換券(2024) X 1
`*カルデア・サマーアドベンチャー！ アンケート復刻版 開幕記念 ログインボーナス*
*開催期間中、1日1回 最大21回 ログインボーナスをプレゼント！*
`白銀の果実 X 1
`_2024-06-05 04:38:59_
--------
*c0e6326abb3c72eb972594095da57be6*
`登陆天数: 13天 / 651天
等级: 130
石头: 3200
呼符: 0
体力: 15606.09 / 138
友情点: 0 / 466660`
*連続ログイン6日目
※ログインが途切れるか、7日到達すると
1日目から再開されます*
`聖晶石 X 2
6月交換券(2024) X 1
`*カルデア・サマーアドベンチャー！ アンケート復刻版 開幕記念 ログインボーナス*
*開催期間中、1日1回 最大21回 ログインボーナスをプレゼント！*
`白銀の果実 X 1
`_2024-06-05 04:39:07_
--------
*c5c68e8e3ffbd8a70c2b6de50b07d9ba*
`登陆天数: 13天 / 650天
等级: 130
石头: 2534
呼符: 0
体力: 15606.12 / 138
友情点: 0 / 468545`
*連続ログイン6日目
※ログインが途切れるか、7日到達すると
1日目から再開されます*
`聖晶石 X 2
6月交換券(2024) X 1
`*カルデア・サマーアドベンチャー！ アンケート復刻版 開幕記念 ログインボーナス*
*開催期間中、1日1回 最大21回 ログインボーナスをプレゼント！*
`白銀の果実 X 1
`_2024-06-05 04:39:15_
--------
*99ca4e42e188c27ae9688ac0548c5f1b*
`登陆天数: 13天 / 650天
等级: 130
石头: 1425
呼符: 0
体力: 15606.146666666667 / 138
友情点: 0 / 468455`
*連続ログイン6日目
※ログインが途切れるか、7日到達すると
1日目から再開されます*
`聖晶石 X 2
6月交換券(2024) X 1
`*カルデア・サマーアドベンチャー！ アンケート復刻版 開幕記念 ログインボーナス*
*開催期間中、1日1回 最大21回 ログインボーナスをプレゼント！*
`白銀の果実 X 1
`_2024-06-05 04:39:22_
--------
*e7d128cc392dee579676b48fe9dad40e*
`登陆天数: 13天 / 650天
等级: 130
石头: 3641
呼符: 0
体力: 15606.17 / 138
友情点: 0 / 469180`
_2024-06-05 04:39:30_
--------
