【登录信息】
*969cf69cd4e66f81f48959aecbf84d81*
`登陆天数: 13天 / 653天
等级: 130
石头: 1647
呼符: 0
体力: 16756.203333333335 / 138
友情点: 0 / 465990`
*連続ログイン6日目
※ログインが途切れるか、7日到達すると
1日目から再開されます*
`聖晶石 X 2
6月交換券(2024) X 1
`*螺旋証明世界 リリムハーロット ～喝采なき薔薇～ アンケート復刻版
開幕記念 ログインボーナス*
*開催期間中、1日1回 最大21回 ログインボーナスをプレゼント！*
`白銀の果実 X 1
`_2024-06-09 04:29:39_
--------
*6c3d9a45400f787972c7ae810f8279d0*
`登陆天数: 17天 / 654天
等级: 130
石头: 3155
呼符: 9
体力: 29.823333333333338 / 138
友情点: 0 / 467275`
_2024-06-09 04:29:47_
--------
*3d5d0768d7dbf6bf653494d8bca9fbf4*
`登陆天数: 17天 / 655天
等级: 130
石头: 2966
呼符: 9
体力: 29.78666666666666 / 138
友情点: 0 / 468075`
_2024-06-09 04:29:55_
--------
*8d1f10e6e5d4a236163c7c71d339491f*
`登陆天数: 17天 / 654天
等级: 130
石头: 3757
呼符: 9
体力: 29.75 / 138
友情点: 0 / 468710`
_2024-06-09 04:30:03_
--------
*c620282dee3c7cab338eea7962567261*
`登陆天数: 17天 / 655天
等级: 130
石头: 2767
呼符: 9
体力: 29.71666666666667 / 138
友情点: 0 / 470260`
_2024-06-09 04:30:11_
--------
*620a255adf6869aa9de55658eb8c3db2*
`登陆天数: 17天 / 654天
等级: 130
石头: 4046
呼符: 51
体力: 29.686666666666667 / 138
友情点: 0 / 468360`
_2024-06-09 04:30:18_
--------
*53629dc51659611bbfa4b74c104d7fe5*
`登陆天数: 17天 / 654天
等级: 130
石头: 2132
呼符: 9
体力: 29.650000000000006 / 138
友情点: 0 / 474570`
_2024-06-09 04:30:26_
--------
*c3df721a6d1528228addb90f060757b3*
`登陆天数: 17天 / 654天
等级: 130
石头: 3641
呼符: 9
体力: 29.620000000000005 / 138
友情点: 0 / 468725`
_2024-06-09 04:30:34_
--------
*b45f3980c714335bbd897446c542eb12*
`登陆天数: 17天 / 655天
等级: 130
石头: 4055
呼符: 94
体力: 29.586666666666673 / 138
友情点: 0 / 467250`
_2024-06-09 04:30:41_
--------
*efad731e6c1ec6b1c5d9e7e476f12c02*
`登陆天数: 17天 / 655天
等级: 130
石头: 3451
呼符: 9
体力: 29.553333333333327 / 138
友情点: 0 / 468430`
_2024-06-09 04:30:49_
--------
*e5782049953055ff7609e58cc64d3073*
`登陆天数: 17天 / 654天
等级: 130
石头: 3731
呼符: 9
体力: 29.516666666666666 / 138
友情点: 0 / 468445`
_2024-06-09 04:30:57_
--------
*2c1746fcc7172af6267c3d19844cacf4*
`登陆天数: 17天 / 655天
等级: 130
石头: 3216
呼符: 9
体力: 29.486666666666665 / 138
友情点: 0 / 467565`
_2024-06-09 04:31:04_
--------
*2c134e2f63405c72dbec9ac9fc2b953d*
`登陆天数: 17天 / 655天
等级: 130
石头: 2437
呼符: 9
体力: 29.453333333333333 / 138
友情点: 0 / 475280`
_2024-06-09 04:31:12_
--------
*5a51d1cb09032cd6a6a62adf40cc36b9*
`登陆天数: 17天 / 655天
等级: 130
石头: 3481
呼符: 9
体力: 29.41666666666667 / 138
友情点: 0 / 468500`
_2024-06-09 04:31:20_
--------
*df2765fc1f5c175dcb16251a8ac24728*
`登陆天数: 17天 / 655天
等级: 130
石头: 3250
呼符: 9
体力: 29.38666666666667 / 138
友情点: 0 / 467380`
_2024-06-09 04:31:28_
--------
*e1cd955137fc86d84fa589b926d6cd7f*
`登陆天数: 17天 / 655天
等级: 130
石头: 3191
呼符: 9
体力: 29.35666666666667 / 138
友情点: 0 / 468630`
_2024-06-09 04:31:36_
--------
*ec3ef68c2ff1e715acbe1efdb3b96125*
`登陆天数: 17天 / 655天
等级: 130
石头: 3464
呼符: 9
体力: 29.323333333333338 / 138
友情点: 0 / 467930`
_2024-06-09 04:31:44_
--------
*0b57d94ce9304ffcce81f30c6fb0ad6c*
`登陆天数: 17天 / 654天
等级: 130
石头: 3456
呼符: 9
体力: 29.290000000000006 / 138
友情点: 0 / 468750`
_2024-06-09 04:31:51_
--------
*9adb87b27b1813dff94df092d8bba48a*
`登陆天数: 17天 / 654天
等级: 130
石头: 3356
呼符: 9
体力: 29.25666666666666 / 138
友情点: 0 / 468665`
_2024-06-09 04:31:59_
--------
*b3472b65e8679304c686a1b1e21e9d7b*
`登陆天数: 17天 / 655天
等级: 130
石头: 2713
呼符: 9
体力: 29.22333333333333 / 138
友情点: 0 / 469220`
_2024-06-09 04:32:07_
--------
*549c4131ed9b6887b09692346f431f29*
`登陆天数: 17天 / 655天
等级: 130
石头: 3067
呼符: 9
体力: 29.189999999999998 / 138
友情点: 0 / 469410`
_2024-06-09 04:32:14_
--------
*92dab0d71357c2accd7df4df2c5afc76*
`登陆天数: 17天 / 654天
等级: 130
石头: 2469
呼符: 9
体力: 29.156666666666666 / 138
友情点: 0 / 472735`
_2024-06-09 04:32:22_
--------
*45829723fb09c15cd0f8bdba0bd160b4*
`登陆天数: 17天 / 655天
等级: 130
石头: 3071
呼符: 9
体力: 29.120000000000005 / 138
友情点: 0 / 470865`
_2024-06-09 04:32:30_
--------
*14b04e0b70bc45efdfda43b1875ee7ae*
`登陆天数: 17天 / 654天
等级: 130
石头: 2964
呼符: 9
体力: 29.090000000000003 / 138
友情点: 0 / 469485`
_2024-06-09 04:32:38_
--------
*170dc61853d5ca25e7fc6de7a1b79050*
`登陆天数: 17天 / 654天
等级: 130
石头: 4056
呼符: 45
体力: 29.056666666666672 / 138
友情点: 0 / 468035`
_2024-06-09 04:32:46_
--------
*577ca7b26291dca27a66cfc6c9a2bbd2*
`登陆天数: 17天 / 655天
等级: 130
石头: 3521
呼符: 9
体力: 29.02666666666667 / 138
友情点: 0 / 468735`
_2024-06-09 04:32:53_
--------
*ee11bb75d5a560017023c63c470fa4fa*
`登陆天数: 17天 / 654天
等级: 130
石头: 2831
呼符: 9
体力: 28.989999999999995 / 138
友情点: 0 / 468750`
_2024-06-09 04:33:01_
--------
*4b2af19efcc200c3e0b9e11ba18ff0ec*
`登陆天数: 17天 / 655天
等级: 130
石头: 3187
呼符: 9
体力: 28.959999999999994 / 138
友情点: 0 / 468660`
_2024-06-09 04:33:09_
--------
*9486be7f222a8e7f7897143cd18a89c5*
`登陆天数: 17天 / 655天
等级: 130
石头: 3131
呼符: 9
体力: 28.930000000000007 / 138
友情点: 0 / 467870`
_2024-06-09 04:33:16_
--------
*1140e900c715db176b8d4e2926bb2744*
`登陆天数: 17天 / 655天
等级: 130
石头: 2166
呼符: 9
体力: 28.89666666666666 / 138
友情点: 0 / 474765`
_2024-06-09 04:33:24_
--------
*5a22fcfb636a0bcd7c0ebcba2924d0df*
`登陆天数: 17天 / 654天
等级: 130
石头: 2409
呼符: 9
体力: 28.86333333333333 / 138
友情点: 0 / 468205`
_2024-06-09 04:33:32_
--------
*0e574eb0e1968979a9615c8d231e3402*
`登陆天数: 17天 / 654天
等级: 130
石头: 3486
呼符: 9
体力: 28.83333333333333 / 138
友情点: 0 / 468370`
_2024-06-09 04:33:40_
--------
*685da6b7e35bd4b378b7e2c0591b7523*
`登陆天数: 17天 / 654天
等级: 130
石头: 1807
呼符: 9
体力: 28.799999999999997 / 138
友情点: 0 / 474290`
_2024-06-09 04:33:47_
--------
*0943a64ed145870889cd435ff3f5e23e*
`登陆天数: 17天 / 654天
等级: 130
石头: 3429
呼符: 9
体力: 28.763333333333335 / 138
友情点: 0 / 468135`
_2024-06-09 04:33:55_
--------
*d43302532bbb3d1a92299fffe81a41f9*
`登陆天数: 17天 / 654天
等级: 130
石头: 2524
呼符: 9
体力: 28.733333333333334 / 138
友情点: 0 / 471840`
_2024-06-09 04:34:03_
--------
*0aa1101fd0fe79e9c31a3e5aa522d3fa*
`登陆天数: 17天 / 654天
等级: 130
石头: 1837
呼符: 9
体力: 28.700000000000003 / 138
友情点: 0 / 474875`
_2024-06-09 04:34:10_
--------
*b963d1cd9f26b844a734289458efbfb0*
`登陆天数: 17天 / 655天
等级: 130
石头: 1897
呼符: 9
体力: 28.67 / 138
友情点: 0 / 475555`
_2024-06-09 04:34:18_
--------
*1e6f7b34a5e5657f1ec521d21134e853*
`登陆天数: 17天 / 654天
等级: 130
石头: 3991
呼符: 9
体力: 28.64333333333333 / 138
友情点: 0 / 469930`
_2024-06-09 04:34:26_
--------
*ced0a199164765b8dc8d97ea48e7ea34*
`登陆天数: 17天 / 654天
等级: 130
石头: 3218
呼符: 9
体力: 28.61 / 138
友情点: 0 / 468085`
_2024-06-09 04:34:34_
--------
*d8720bc8a8c1f42eaecba760f6ca3877*
`登陆天数: 17天 / 655天
等级: 130
石头: 2192
呼符: 9
体力: 28.576666666666668 / 138
友情点: 0 / 474560`
_2024-06-09 04:34:42_
--------
*4f6c37efa955f1914d9e0045e829cc2a*
`登陆天数: 17天 / 654天
等级: 130
石头: 3910
呼符: 9
体力: 28.546666666666667 / 138
友情点: 0 / 467495`
_2024-06-09 04:34:50_
--------
*917f1c1e05eace569cd1d11e80a6113e*
`登陆天数: 17天 / 654天
等级: 130
石头: 3637
呼符: 9
体力: 28.516666666666666 / 138
友情点: 0 / 468265`
_2024-06-09 04:34:57_
--------
*9c30747c515749cc6f26d91f3ab2ec5e*
`登陆天数: 17天 / 655天
等级: 130
石头: 3278
呼符: 9
体力: 28.483333333333334 / 138
友情点: 0 / 470685`
_2024-06-09 04:35:05_
--------
*a0ea2b09eb479411ab01b5f4cae6212d*
`登陆天数: 17天 / 655天
等级: 130
石头: 4056
呼符: 105
体力: 28.450000000000003 / 138
友情点: 0 / 468870`
_2024-06-09 04:35:13_
--------
*5a94f45c30098b620bf903e9cb61cc50*
`登陆天数: 17天 / 654天
等级: 130
石头: 3456
呼符: 9
体力: 28.41666666666667 / 138
友情点: 0 / 467955`
_2024-06-09 04:35:20_
--------
*00ebe5c2dbadb983cd76dcb724936316*
`登陆天数: 17天 / 654天
等级: 130
石头: 2555
呼符: 9
体力: 28.38333333333334 / 138
友情点: 0 / 467640`
_2024-06-09 04:35:28_
--------
*c0e6326abb3c72eb972594095da57be6*
`登陆天数: 17天 / 655天
等级: 130
石头: 3249
呼符: 9
体力: 28.346666666666664 / 138
友情点: 0 / 468660`
_2024-06-09 04:35:36_
--------
*c5c68e8e3ffbd8a70c2b6de50b07d9ba*
`登陆天数: 17天 / 654天
等级: 130
石头: 2585
呼符: 9
体力: 28.313333333333333 / 138
友情点: 0 / 468545`
_2024-06-09 04:35:44_
--------
*99ca4e42e188c27ae9688ac0548c5f1b*
`登陆天数: 17天 / 654天
等级: 130
石头: 1476
呼符: 9
体力: 28.28333333333333 / 138
友情点: 0 / 474455`
_2024-06-09 04:35:52_
--------
*e7d128cc392dee579676b48fe9dad40e*
`登陆天数: 17天 / 654天
等级: 130
石头: 3692
呼符: 9
体力: 28.25333333333333 / 138
友情点: 0 / 469180`
_2024-06-09 04:35:59_
--------
