【登录信息】
*969cf69cd4e66f81f48959aecbf84d81*
`登陆天数: 14天 / 654天
等级: 130
石头: 1647
呼符: 0
体力: 17045.04 / 138
友情点: 0 / 465990`
*連続ログイン7日間到達おめでとうございます！
明日は1日目からリスタートされます。*
`獣の足跡 X 1
呼符 X 1
6月交換券(2024) X 1
`*螺旋証明世界 リリムハーロット ～喝采なき薔薇～ アンケート復刻版
開幕記念 ログインボーナス*
*開催期間中、1日1回 最大21回 ログインボーナスをプレゼント！*
`白銀の果実 X 1
`_2024-06-10 04:33:50_
--------
*6c3d9a45400f787972c7ae810f8279d0*
`登陆天数: 18天 / 655天
等级: 130
石头: 3156
呼符: 9
体力: 30.773333333333326 / 138
友情点: 0 / 461275`
_2024-06-10 04:33:58_
--------
*3d5d0768d7dbf6bf653494d8bca9fbf4*
`登陆天数: 18天 / 656天
等级: 130
石头: 2967
呼符: 9
体力: 30.739999999999995 / 138
友情点: 0 / 462075`
_2024-06-10 04:34:06_
--------
*8d1f10e6e5d4a236163c7c71d339491f*
`登陆天数: 18天 / 655天
等级: 130
石头: 3758
呼符: 9
体力: 30.709999999999994 / 138
友情点: 0 / 462710`
_2024-06-10 04:34:15_
--------
*c620282dee3c7cab338eea7962567261*
`登陆天数: 18天 / 656天
等级: 130
石头: 2768
呼符: 9
体力: 30.680000000000007 / 138
友情点: 0 / 464260`
_2024-06-10 04:34:23_
--------
*620a255adf6869aa9de55658eb8c3db2*
`登陆天数: 18天 / 655天
等级: 130
石头: 4047
呼符: 51
体力: 30.650000000000006 / 138
友情点: 0 / 462360`
_2024-06-10 04:34:31_
--------
*53629dc51659611bbfa4b74c104d7fe5*
`登陆天数: 18天 / 655天
等级: 130
石头: 2133
呼符: 9
体力: 30.620000000000005 / 138
友情点: 0 / 474570`
_2024-06-10 04:34:39_
--------
*c3df721a6d1528228addb90f060757b3*
`登陆天数: 18天 / 655天
等级: 130
石头: 3642
呼符: 9
体力: 30.590000000000003 / 138
友情点: 0 / 462725`
_2024-06-10 04:34:47_
--------
*b45f3980c714335bbd897446c542eb12*
`登陆天数: 18天 / 656天
等级: 130
石头: 4056
呼符: 94
体力: 30.563333333333333 / 138
友情点: 0 / 461250`
_2024-06-10 04:34:54_
--------
*efad731e6c1ec6b1c5d9e7e476f12c02*
`登陆天数: 18天 / 656天
等级: 130
石头: 3452
呼符: 9
体力: 30.53333333333333 / 138
友情点: 0 / 462430`
_2024-06-10 04:35:02_
--------
*e5782049953055ff7609e58cc64d3073*
`登陆天数: 18天 / 655天
等级: 130
石头: 3732
呼符: 9
体力: 30.50333333333333 / 138
友情点: 0 / 462445`
_2024-06-10 04:35:10_
--------
*2c1746fcc7172af6267c3d19844cacf4*
`登陆天数: 18天 / 656天
等级: 130
石头: 3217
呼符: 9
体力: 30.47333333333333 / 138
友情点: 0 / 461565`
_2024-06-10 04:35:18_
--------
*2c134e2f63405c72dbec9ac9fc2b953d*
`登陆天数: 18天 / 656天
等级: 130
石头: 2438
呼符: 9
体力: 30.443333333333328 / 138
友情点: 0 / 475280`
_2024-06-10 04:35:26_
--------
*5a51d1cb09032cd6a6a62adf40cc36b9*
`登陆天数: 18天 / 656天
等级: 130
石头: 3482
呼符: 9
体力: 30.409999999999997 / 138
友情点: 0 / 462500`
_2024-06-10 04:35:34_
--------
*df2765fc1f5c175dcb16251a8ac24728*
`登陆天数: 18天 / 656天
等级: 130
石头: 3251
呼符: 9
体力: 30.379999999999995 / 138
友情点: 0 / 461380`
_2024-06-10 04:35:42_
--------
*e1cd955137fc86d84fa589b926d6cd7f*
`登陆天数: 18天 / 656天
等级: 130
石头: 3192
呼符: 9
体力: 30.35333333333334 / 138
友情点: 0 / 462630`
_2024-06-10 04:35:50_
--------
*ec3ef68c2ff1e715acbe1efdb3b96125*
`登陆天数: 18天 / 656天
等级: 130
石头: 3465
呼符: 9
体力: 30.323333333333338 / 138
友情点: 0 / 461930`
_2024-06-10 04:35:58_
--------
*0b57d94ce9304ffcce81f30c6fb0ad6c*
`登陆天数: 18天 / 655天
等级: 130
石头: 3457
呼符: 9
体力: 30.290000000000006 / 138
友情点: 0 / 462750`
_2024-06-10 04:36:06_
--------
*9adb87b27b1813dff94df092d8bba48a*
`登陆天数: 18天 / 655天
等级: 130
石头: 3357
呼符: 9
体力: 30.260000000000005 / 138
友情点: 0 / 462665`
_2024-06-10 04:36:14_
--------
*b3472b65e8679304c686a1b1e21e9d7b*
`登陆天数: 18天 / 656天
等级: 130
石头: 2714
呼符: 9
体力: 30.233333333333334 / 138
友情点: 0 / 463220`
_2024-06-10 04:36:22_
--------
*549c4131ed9b6887b09692346f431f29*
`登陆天数: 18天 / 656天
等级: 130
石头: 3068
呼符: 9
体力: 30.203333333333333 / 138
友情点: 0 / 463410`
_2024-06-10 04:36:30_
--------
*92dab0d71357c2accd7df4df2c5afc76*
`登陆天数: 18天 / 655天
等级: 130
石头: 2470
呼符: 9
体力: 30.173333333333332 / 138
友情点: 0 / 472735`
_2024-06-10 04:36:38_
--------
*45829723fb09c15cd0f8bdba0bd160b4*
`登陆天数: 18天 / 656天
等级: 130
石头: 3072
呼符: 9
体力: 30.14666666666666 / 138
友情点: 0 / 464865`
_2024-06-10 04:36:46_
--------
*14b04e0b70bc45efdfda43b1875ee7ae*
`登陆天数: 18天 / 655天
等级: 130
石头: 2965
呼符: 9
体力: 30.11666666666666 / 138
友情点: 0 / 463485`
_2024-06-10 04:36:54_
--------
*170dc61853d5ca25e7fc6de7a1b79050*
`登陆天数: 18天 / 655天
等级: 130
石头: 4057
呼符: 45
体力: 30.090000000000003 / 138
友情点: 0 / 462035`
_2024-06-10 04:37:02_
--------
*577ca7b26291dca27a66cfc6c9a2bbd2*
`登陆天数: 18天 / 656天
等级: 130
石头: 3522
呼符: 9
体力: 30.060000000000002 / 138
友情点: 0 / 462735`
_2024-06-10 04:37:10_
--------
*ee11bb75d5a560017023c63c470fa4fa*
`登陆天数: 18天 / 655天
等级: 130
石头: 2832
呼符: 9
体力: 30.03333333333333 / 138
友情点: 0 / 462750`
_2024-06-10 04:37:18_
--------
*4b2af19efcc200c3e0b9e11ba18ff0ec*
`登陆天数: 18天 / 656天
等级: 130
石头: 3188
呼符: 9
体力: 30.00333333333333 / 138
友情点: 0 / 462660`
_2024-06-10 04:37:26_
--------
*9486be7f222a8e7f7897143cd18a89c5*
`登陆天数: 18天 / 656天
等级: 130
石头: 3132
呼符: 9
体力: 29.980000000000004 / 138
友情点: 0 / 461870`
_2024-06-10 04:37:34_
--------
*1140e900c715db176b8d4e2926bb2744*
`登陆天数: 18天 / 656天
等级: 130
石头: 2167
呼符: 9
体力: 29.946666666666673 / 138
友情点: 0 / 474765`
_2024-06-10 04:37:42_
--------
*5a22fcfb636a0bcd7c0ebcba2924d0df*
`登陆天数: 18天 / 655天
等级: 130
石头: 2410
呼符: 9
体力: 29.92 / 138
友情点: 0 / 462205`
_2024-06-10 04:37:50_
--------
*0e574eb0e1968979a9615c8d231e3402*
`登陆天数: 18天 / 655天
等级: 130
石头: 3487
呼符: 9
体力: 29.89666666666666 / 138
友情点: 0 / 462370`
_2024-06-10 04:37:58_
--------
*685da6b7e35bd4b378b7e2c0591b7523*
`登陆天数: 18天 / 655天
等级: 130
石头: 1808
呼符: 9
体力: 29.86666666666666 / 138
友情点: 0 / 474290`
_2024-06-10 04:38:06_
--------
*0943a64ed145870889cd435ff3f5e23e*
`登陆天数: 18天 / 655天
等级: 130
石头: 3430
呼符: 9
体力: 29.836666666666673 / 138
友情点: 0 / 462135`
_2024-06-10 04:38:14_
--------
*d43302532bbb3d1a92299fffe81a41f9*
`登陆天数: 18天 / 655天
等级: 130
石头: 2525
呼符: 9
体力: 29.810000000000002 / 138
友情点: 0 / 471840`
_2024-06-10 04:38:22_
--------
*0aa1101fd0fe79e9c31a3e5aa522d3fa*
`登陆天数: 18天 / 655天
等级: 130
石头: 1838
呼符: 9
体力: 29.78 / 138
友情点: 0 / 474875`
_2024-06-10 04:38:31_
--------
*b963d1cd9f26b844a734289458efbfb0*
`登陆天数: 18天 / 656天
等级: 130
石头: 1898
呼符: 9
体力: 29.75666666666666 / 138
友情点: 0 / 475555`
_2024-06-10 04:38:39_
--------
*1e6f7b34a5e5657f1ec521d21134e853*
`登陆天数: 18天 / 655天
等级: 130
石头: 3992
呼符: 9
体力: 29.726666666666674 / 138
友情点: 0 / 463930`
_2024-06-10 04:38:47_
--------
*ced0a199164765b8dc8d97ea48e7ea34*
`登陆天数: 18天 / 655天
等级: 130
石头: 3219
呼符: 9
体力: 29.700000000000003 / 138
友情点: 0 / 462085`
_2024-06-10 04:38:55_
--------
*d8720bc8a8c1f42eaecba760f6ca3877*
`登陆天数: 18天 / 656天
等级: 130
石头: 2193
呼符: 9
体力: 29.67 / 138
友情点: 0 / 474560`
_2024-06-10 04:39:04_
--------
*4f6c37efa955f1914d9e0045e829cc2a*
`登陆天数: 18天 / 655天
等级: 130
石头: 3911
呼符: 9
体力: 29.64333333333333 / 138
友情点: 0 / 461495`
_2024-06-10 04:39:11_
--------
*917f1c1e05eace569cd1d11e80a6113e*
`登陆天数: 18天 / 655天
等级: 130
石头: 3638
呼符: 9
体力: 29.61666666666666 / 138
友情点: 0 / 462265`
_2024-06-10 04:39:19_
--------
*9c30747c515749cc6f26d91f3ab2ec5e*
`登陆天数: 18天 / 656天
等级: 130
石头: 3279
呼符: 9
体力: 29.586666666666673 / 138
友情点: 0 / 464685`
_2024-06-10 04:39:27_
--------
*a0ea2b09eb479411ab01b5f4cae6212d*
`登陆天数: 18天 / 656天
等级: 130
石头: 4057
呼符: 105
体力: 29.556666666666672 / 138
友情点: 0 / 462870`
_2024-06-10 04:39:35_
--------
*5a94f45c30098b620bf903e9cb61cc50*
`登陆天数: 18天 / 655天
等级: 130
石头: 3457
呼符: 9
体力: 29.53 / 138
友情点: 0 / 461955`
_2024-06-10 04:39:43_
--------
*00ebe5c2dbadb983cd76dcb724936316*
`登陆天数: 18天 / 655天
等级: 130
石头: 2556
呼符: 9
体力: 29.5 / 138
友情点: 0 / 465640`
_2024-06-10 04:39:51_
--------
*c0e6326abb3c72eb972594095da57be6*
`登陆天数: 18天 / 656天
等级: 130
石头: 3250
呼符: 9
体力: 29.47333333333333 / 138
友情点: 0 / 462660`
_2024-06-10 04:39:59_
--------
*c5c68e8e3ffbd8a70c2b6de50b07d9ba*
`登陆天数: 18天 / 655天
等级: 130
石头: 2586
呼符: 9
体力: 29.446666666666673 / 138
友情点: 0 / 462545`
_2024-06-10 04:40:08_
--------
*99ca4e42e188c27ae9688ac0548c5f1b*
`登陆天数: 18天 / 655天
等级: 130
石头: 1477
呼符: 9
体力: 29.42 / 138
友情点: 0 / 474455`
_2024-06-10 04:40:16_
--------
*e7d128cc392dee579676b48fe9dad40e*
`登陆天数: 18天 / 655天
等级: 130
石头: 3693
呼符: 9
体力: 29.39333333333333 / 138
友情点: 0 / 463180`
_2024-06-10 04:40:24_
--------
