【登录信息】
*969cf69cd4e66f81f48959aecbf84d81*
`登陆天数: 15天 / 655天
等级: 130
石头: 1647
呼符: 0
体力: 17332.833333333332 / 138
友情点: 0 / 465990`
*連続ログイン1日目
※ログインが途切れるか、7日到達すると
1日目から再開されます*
`フレンドポイント X 2000
6月交換券(2024) X 1
`*螺旋証明世界 リリムハーロット ～喝采なき薔薇～ アンケート復刻版
開幕記念 ログインボーナス*
*開催期間中、1日1回 最大21回 ログインボーナスをプレゼント！*
`白銀の果実 X 1
`_2024-06-11 04:32:48_
--------
*6c3d9a45400f787972c7ae810f8279d0*
`登陆天数: 19天 / 656天
等级: 130
石头: 3156
呼符: 9
体力: 30.560000000000002 / 138
友情点: 0 / 455275`
_2024-06-11 04:32:56_
--------
*3d5d0768d7dbf6bf653494d8bca9fbf4*
`登陆天数: 19天 / 657天
等级: 130
石头: 2967
呼符: 9
体力: 30.52666666666667 / 138
友情点: 0 / 456075`
_2024-06-11 04:33:04_
--------
*8d1f10e6e5d4a236163c7c71d339491f*
`登陆天数: 19天 / 656天
等级: 130
石头: 3758
呼符: 9
体力: 30.489999999999995 / 138
友情点: 0 / 456710`
_2024-06-11 04:33:11_
--------
*c620282dee3c7cab338eea7962567261*
`登陆天数: 19天 / 657天
等级: 130
石头: 2768
呼符: 9
体力: 30.456666666666663 / 138
友情点: 0 / 464260`
_2024-06-11 04:33:19_
--------
*620a255adf6869aa9de55658eb8c3db2*
`登陆天数: 19天 / 656天
等级: 130
石头: 4047
呼符: 51
体力: 30.430000000000007 / 138
友情点: 0 / 456360`
_2024-06-11 04:33:26_
--------
*53629dc51659611bbfa4b74c104d7fe5*
`登陆天数: 19天 / 656天
等级: 130
石头: 2133
呼符: 9
体力: 30.39333333333333 / 138
友情点: 0 / 474570`
_2024-06-11 04:33:34_
--------
*c3df721a6d1528228addb90f060757b3*
`登陆天数: 19天 / 656天
等级: 130
石头: 3642
呼符: 9
体力: 30.36666666666666 / 138
友情点: 0 / 456725`
_2024-06-11 04:33:41_
--------
*b45f3980c714335bbd897446c542eb12*
`登陆天数: 19天 / 657天
等级: 130
石头: 4056
呼符: 94
体力: 30.33333333333333 / 138
友情点: 0 / 455250`
_2024-06-11 04:33:49_
--------
*efad731e6c1ec6b1c5d9e7e476f12c02*
`登陆天数: 19天 / 657天
等级: 130
石头: 3452
呼符: 9
体力: 30.303333333333327 / 138
友情点: 0 / 456430`
_2024-06-11 04:33:56_
--------
*e5782049953055ff7609e58cc64d3073*
`登陆天数: 19天 / 656天
等级: 130
石头: 3732
呼符: 9
体力: 30.273333333333326 / 138
友情点: 0 / 456445`
_2024-06-11 04:34:04_
--------
*2c1746fcc7172af6267c3d19844cacf4*
`登陆天数: 19天 / 657天
等级: 130
石头: 3217
呼符: 9
体力: 30.239999999999995 / 138
友情点: 0 / 455565`
_2024-06-11 04:34:12_
--------
*2c134e2f63405c72dbec9ac9fc2b953d*
`登陆天数: 19天 / 657天
等级: 130
石头: 2438
呼符: 9
体力: 30.206666666666663 / 138
友情点: 0 / 475280`
_2024-06-11 04:34:19_
--------
*5a51d1cb09032cd6a6a62adf40cc36b9*
`登陆天数: 19天 / 657天
等级: 130
石头: 3482
呼符: 9
体力: 30.173333333333332 / 138
友情点: 0 / 456500`
_2024-06-11 04:34:27_
--------
*df2765fc1f5c175dcb16251a8ac24728*
`登陆天数: 19天 / 657天
等级: 130
石头: 3251
呼符: 9
体力: 30.14333333333333 / 138
友情点: 0 / 455380`
_2024-06-11 04:34:34_
--------
*e1cd955137fc86d84fa589b926d6cd7f*
`登陆天数: 19天 / 657天
等级: 130
石头: 3192
呼符: 9
体力: 30.10666666666667 / 138
友情点: 0 / 456630`
_2024-06-11 04:34:42_
--------
*ec3ef68c2ff1e715acbe1efdb3b96125*
`登陆天数: 19天 / 657天
等级: 130
石头: 3465
呼符: 9
体力: 30.08 / 138
友情点: 0 / 455930`
_2024-06-11 04:34:50_
--------
*0b57d94ce9304ffcce81f30c6fb0ad6c*
`登陆天数: 19天 / 656天
等级: 130
石头: 3457
呼符: 9
体力: 30.046666666666667 / 138
友情点: 0 / 456750`
_2024-06-11 04:34:57_
--------
*9adb87b27b1813dff94df092d8bba48a*
`登陆天数: 19天 / 656天
等级: 130
石头: 3357
呼符: 9
体力: 30.013333333333335 / 138
友情点: 0 / 456665`
_2024-06-11 04:35:05_
--------
*b3472b65e8679304c686a1b1e21e9d7b*
`登陆天数: 19天 / 657天
等级: 130
石头: 2714
呼符: 9
体力: 29.983333333333334 / 138
友情点: 0 / 457220`
_2024-06-11 04:35:12_
--------
*549c4131ed9b6887b09692346f431f29*
`登陆天数: 19天 / 657天
等级: 130
石头: 3068
呼符: 9
体力: 29.950000000000003 / 138
友情点: 0 / 457410`
_2024-06-11 04:35:20_
--------
*92dab0d71357c2accd7df4df2c5afc76*
`登陆天数: 19天 / 656天
等级: 130
石头: 2470
呼符: 9
体力: 29.92 / 138
友情点: 0 / 472735`
_2024-06-11 04:35:27_
--------
*45829723fb09c15cd0f8bdba0bd160b4*
`登陆天数: 19天 / 657天
等级: 130
石头: 3072
呼符: 9
体力: 29.89 / 138
友情点: 0 / 458865`
_2024-06-11 04:35:35_
--------
*14b04e0b70bc45efdfda43b1875ee7ae*
`登陆天数: 19天 / 656天
等级: 130
石头: 2965
呼符: 9
体力: 29.86333333333333 / 138
友情点: 0 / 457485`
_2024-06-11 04:35:43_
--------
*170dc61853d5ca25e7fc6de7a1b79050*
`登陆天数: 19天 / 656天
等级: 130
石头: 4057
呼符: 45
体力: 29.83333333333333 / 138
友情点: 0 / 456035`
_2024-06-11 04:35:50_
--------
*577ca7b26291dca27a66cfc6c9a2bbd2*
`登陆天数: 19天 / 657天
等级: 130
石头: 3522
呼符: 9
体力: 29.799999999999997 / 138
友情点: 0 / 456735`
_2024-06-11 04:35:58_
--------
*ee11bb75d5a560017023c63c470fa4fa*
`登陆天数: 19天 / 656天
等级: 130
石头: 2832
呼符: 9
体力: 29.769999999999996 / 138
友情点: 0 / 456750`
_2024-06-11 04:36:05_
--------
*4b2af19efcc200c3e0b9e11ba18ff0ec*
`登陆天数: 19天 / 657天
等级: 130
石头: 3188
呼符: 9
体力: 29.739999999999995 / 138
友情点: 0 / 456660`
_2024-06-11 04:36:13_
--------
*9486be7f222a8e7f7897143cd18a89c5*
`登陆天数: 19天 / 657天
等级: 130
石头: 3132
呼符: 9
体力: 29.71333333333334 / 138
友情点: 0 / 455870`
_2024-06-11 04:36:20_
--------
*1140e900c715db176b8d4e2926bb2744*
`登陆天数: 19天 / 657天
等级: 130
石头: 2167
呼符: 9
体力: 29.680000000000007 / 138
友情点: 0 / 474765`
_2024-06-11 04:36:28_
--------
*5a22fcfb636a0bcd7c0ebcba2924d0df*
`登陆天数: 19天 / 656天
等级: 130
石头: 2410
呼符: 9
体力: 29.650000000000006 / 138
友情点: 0 / 458205`
_2024-06-11 04:36:36_
--------
*0e574eb0e1968979a9615c8d231e3402*
`登陆天数: 19天 / 656天
等级: 130
石头: 3487
呼符: 9
体力: 29.620000000000005 / 138
友情点: 0 / 456370`
_2024-06-11 04:36:43_
--------
*685da6b7e35bd4b378b7e2c0591b7523*
`登陆天数: 19天 / 656天
等级: 130
石头: 1808
呼符: 9
体力: 29.593333333333334 / 138
友情点: 0 / 474290`
_2024-06-11 04:36:51_
--------
*0943a64ed145870889cd435ff3f5e23e*
`登陆天数: 19天 / 656天
等级: 130
石头: 3430
呼符: 9
体力: 29.560000000000002 / 138
友情点: 0 / 456135`
_2024-06-11 04:36:59_
--------
*d43302532bbb3d1a92299fffe81a41f9*
`登陆天数: 19天 / 656天
等级: 130
石头: 2525
呼符: 9
体力: 29.53333333333333 / 138
友情点: 0 / 471840`
_2024-06-11 04:37:06_
--------
*0aa1101fd0fe79e9c31a3e5aa522d3fa*
`登陆天数: 19天 / 656天
等级: 130
石头: 1838
呼符: 9
体力: 29.50333333333333 / 138
友情点: 0 / 474875`
_2024-06-11 04:37:14_
--------
*b963d1cd9f26b844a734289458efbfb0*
`登陆天数: 19天 / 657天
等级: 130
石头: 1898
呼符: 9
体力: 29.476666666666674 / 138
友情点: 0 / 475555`
_2024-06-11 04:37:21_
--------
*1e6f7b34a5e5657f1ec521d21134e853*
`登陆天数: 19天 / 656天
等级: 130
石头: 3992
呼符: 9
体力: 29.443333333333328 / 138
友情点: 0 / 457930`
_2024-06-11 04:37:29_
--------
*ced0a199164765b8dc8d97ea48e7ea34*
`登陆天数: 19天 / 656天
等级: 130
石头: 3219
呼符: 9
体力: 29.413333333333327 / 138
友情点: 0 / 456085`
_2024-06-11 04:37:37_
--------
*d8720bc8a8c1f42eaecba760f6ca3877*
`登陆天数: 19天 / 657天
等级: 130
石头: 2193
呼符: 9
体力: 29.38666666666667 / 138
友情点: 0 / 474560`
_2024-06-11 04:37:44_
--------
*4f6c37efa955f1914d9e0045e829cc2a*
`登陆天数: 19天 / 656天
等级: 130
石头: 3911
呼符: 9
体力: 29.35666666666667 / 138
友情点: 0 / 455495`
_2024-06-11 04:37:52_
--------
*917f1c1e05eace569cd1d11e80a6113e*
`登陆天数: 19天 / 656天
等级: 130
石头: 3638
呼符: 9
体力: 29.326666666666668 / 138
友情点: 0 / 456265`
_2024-06-11 04:38:00_
--------
*9c30747c515749cc6f26d91f3ab2ec5e*
`登陆天数: 19天 / 657天
等级: 130
石头: 3279
呼符: 9
体力: 29.296666666666667 / 138
友情点: 0 / 458685`
_2024-06-11 04:38:07_
--------
*a0ea2b09eb479411ab01b5f4cae6212d*
`登陆天数: 19天 / 657天
等级: 130
石头: 4057
呼符: 105
体力: 29.263333333333335 / 138
友情点: 0 / 456870`
_2024-06-11 04:38:15_
--------
*5a94f45c30098b620bf903e9cb61cc50*
`登陆天数: 19天 / 656天
等级: 130
石头: 3457
呼符: 9
体力: 29.236666666666665 / 138
友情点: 0 / 455955`
_2024-06-11 04:38:22_
--------
*00ebe5c2dbadb983cd76dcb724936316*
`登陆天数: 19天 / 656天
等级: 130
石头: 2556
呼符: 9
体力: 29.203333333333333 / 138
友情点: 0 / 465640`
_2024-06-11 04:38:30_
--------
*c0e6326abb3c72eb972594095da57be6*
`登陆天数: 19天 / 657天
等级: 130
石头: 3250
呼符: 9
体力: 29.176666666666662 / 138
友情点: 0 / 456660`
_2024-06-11 04:38:38_
--------
*c5c68e8e3ffbd8a70c2b6de50b07d9ba*
`登陆天数: 19天 / 656天
等级: 130
石头: 2586
呼符: 9
体力: 29.14666666666666 / 138
友情点: 0 / 460545`
_2024-06-11 04:38:45_
--------
*99ca4e42e188c27ae9688ac0548c5f1b*
`登陆天数: 19天 / 656天
等级: 130
石头: 1477
呼符: 9
体力: 29.11666666666666 / 138
友情点: 0 / 474455`
_2024-06-11 04:38:53_
--------
*e7d128cc392dee579676b48fe9dad40e*
`登陆天数: 19天 / 656天
等级: 130
石头: 3693
呼符: 9
体力: 29.090000000000003 / 138
友情点: 0 / 457180`
_2024-06-11 04:39:01_
--------
