【登录信息】
*969cf69cd4e66f81f48959aecbf84d81*
`登陆天数: 16天 / 656天
等级: 130
石头: 1647
呼符: 0
体力: 17620.413333333334 / 138
友情点: 0 / 465990`
*連続ログイン2日目
※ログインが途切れるか、7日到達すると
1日目から再開されます*
`聖晶石 X 1
6月交換券(2024) X 1
`*螺旋証明世界 リリムハーロット ～喝采なき薔薇～ アンケート復刻版
開幕記念 ログインボーナス*
*開催期間中、1日1回 最大21回 ログインボーナスをプレゼント！*
`白銀の果実 X 1
`_2024-06-12 04:30:43_
--------
*6c3d9a45400f787972c7ae810f8279d0*
`登陆天数: 20天 / 657天
等级: 130
石头: 3158
呼符: 9
体力: 30.03 / 138
友情点: 0 / 449275`
_2024-06-12 04:30:50_
--------
*3d5d0768d7dbf6bf653494d8bca9fbf4*
`登陆天数: 20天 / 658天
等级: 130
石头: 2969
呼符: 9
体力: 30.00333333333333 / 138
友情点: 0 / 450075`
_2024-06-12 04:30:58_
--------
*8d1f10e6e5d4a236163c7c71d339491f*
`登陆天数: 20天 / 657天
等级: 130
石头: 3760
呼符: 9
体力: 29.97 / 138
友情点: 0 / 450710`
_2024-06-12 04:31:06_
--------
*c620282dee3c7cab338eea7962567261*
`登陆天数: 20天 / 658天
等级: 130
石头: 2770
呼符: 9
体力: 29.943333333333328 / 138
友情点: 0 / 464260`
_2024-06-12 04:31:13_
--------
*620a255adf6869aa9de55658eb8c3db2*
`登陆天数: 20天 / 657天
等级: 130
石头: 4049
呼符: 51
体力: 29.92 / 138
友情点: 0 / 450360`
_2024-06-12 04:31:21_
--------
*53629dc51659611bbfa4b74c104d7fe5*
`登陆天数: 20天 / 657天
等级: 130
石头: 2135
呼符: 9
体力: 29.89 / 138
友情点: 0 / 474570`
_2024-06-12 04:31:29_
--------
*c3df721a6d1528228addb90f060757b3*
`登陆天数: 20天 / 657天
等级: 130
石头: 3644
呼符: 9
体力: 29.86666666666666 / 138
友情点: 0 / 450725`
_2024-06-12 04:31:37_
--------
*b45f3980c714335bbd897446c542eb12*
`登陆天数: 20天 / 658天
等级: 130
石头: 4058
呼符: 94
体力: 29.840000000000003 / 138
友情点: 0 / 449250`
_2024-06-12 04:31:44_
--------
*efad731e6c1ec6b1c5d9e7e476f12c02*
`登陆天数: 20天 / 658天
等级: 130
石头: 3454
呼符: 9
体力: 29.813333333333333 / 138
友情点: 0 / 450430`
_2024-06-12 04:31:52_
--------
*e5782049953055ff7609e58cc64d3073*
`登陆天数: 20天 / 657天
等级: 130
石头: 3734
呼符: 9
体力: 29.78333333333333 / 138
友情点: 0 / 450445`
_2024-06-12 04:32:00_
--------
*2c1746fcc7172af6267c3d19844cacf4*
`登陆天数: 20天 / 658天
等级: 130
石头: 3219
呼符: 9
体力: 29.75666666666666 / 138
友情点: 0 / 449565`
_2024-06-12 04:32:07_
--------
*2c134e2f63405c72dbec9ac9fc2b953d*
`登陆天数: 20天 / 658天
等级: 130
石头: 2440
呼符: 9
体力: 29.730000000000004 / 138
友情点: 0 / 475280`
_2024-06-12 04:32:16_
--------
*5a51d1cb09032cd6a6a62adf40cc36b9*
`登陆天数: 20天 / 658天
等级: 130
石头: 3484
呼符: 9
体力: 29.703333333333333 / 138
友情点: 0 / 450500`
_2024-06-12 04:32:23_
--------
*df2765fc1f5c175dcb16251a8ac24728*
`登陆天数: 20天 / 658天
等级: 130
石头: 3253
呼符: 9
体力: 29.673333333333332 / 138
友情点: 0 / 449380`
_2024-06-12 04:32:31_
--------
*e1cd955137fc86d84fa589b926d6cd7f*
`登陆天数: 20天 / 658天
等级: 130
石头: 3194
呼符: 9
体力: 29.64666666666666 / 138
友情点: 0 / 450630`
_2024-06-12 04:32:38_
--------
*ec3ef68c2ff1e715acbe1efdb3b96125*
`登陆天数: 20天 / 658天
等级: 130
石头: 3467
呼符: 9
体力: 29.620000000000005 / 138
友情点: 0 / 449930`
_2024-06-12 04:32:46_
--------
*0b57d94ce9304ffcce81f30c6fb0ad6c*
`登陆天数: 20天 / 657天
等级: 130
石头: 3459
呼符: 9
体力: 29.593333333333334 / 138
友情点: 0 / 450750`
_2024-06-12 04:32:54_
--------
*9adb87b27b1813dff94df092d8bba48a*
`登陆天数: 20天 / 657天
等级: 130
石头: 3359
呼符: 9
体力: 29.563333333333333 / 138
友情点: 0 / 450665`
_2024-06-12 04:33:02_
--------
*b3472b65e8679304c686a1b1e21e9d7b*
`登陆天数: 20天 / 658天
等级: 130
石头: 2716
呼符: 9
体力: 29.53666666666666 / 138
友情点: 0 / 451220`
_2024-06-12 04:33:10_
--------
*549c4131ed9b6887b09692346f431f29*
`登陆天数: 20天 / 658天
等级: 130
石头: 3070
呼符: 9
体力: 29.510000000000005 / 138
友情点: 0 / 451410`
_2024-06-12 04:33:17_
--------
*92dab0d71357c2accd7df4df2c5afc76*
`登陆天数: 20天 / 657天
等级: 130
石头: 2472
呼符: 9
体力: 29.480000000000004 / 138
友情点: 0 / 472735`
_2024-06-12 04:33:25_
--------
*45829723fb09c15cd0f8bdba0bd160b4*
`登陆天数: 20天 / 658天
等级: 130
石头: 3074
呼符: 9
体力: 29.456666666666663 / 138
友情点: 0 / 452865`
_2024-06-12 04:33:32_
--------
*14b04e0b70bc45efdfda43b1875ee7ae*
`登陆天数: 20天 / 657天
等级: 130
石头: 2967
呼符: 9
体力: 29.430000000000007 / 138
友情点: 0 / 451485`
_2024-06-12 04:33:40_
--------
*170dc61853d5ca25e7fc6de7a1b79050*
`登陆天数: 20天 / 657天
等级: 130
石头: 4059
呼符: 45
体力: 29.400000000000006 / 138
友情点: 0 / 450035`
_2024-06-12 04:33:48_
--------
*577ca7b26291dca27a66cfc6c9a2bbd2*
`登陆天数: 20天 / 658天
等级: 130
石头: 3524
呼符: 9
体力: 29.373333333333335 / 138
友情点: 0 / 450735`
_2024-06-12 04:33:56_
--------
*ee11bb75d5a560017023c63c470fa4fa*
`登陆天数: 20天 / 657天
等级: 130
石头: 2834
呼符: 9
体力: 29.343333333333334 / 138
友情点: 0 / 456750`
_2024-06-12 04:34:03_
--------
*4b2af19efcc200c3e0b9e11ba18ff0ec*
`登陆天数: 20天 / 658天
等级: 130
石头: 3190
呼符: 9
体力: 29.319999999999993 / 138
友情点: 0 / 450660`
_2024-06-12 04:34:11_
--------
*9486be7f222a8e7f7897143cd18a89c5*
`登陆天数: 20天 / 658天
等级: 130
石头: 3134
呼符: 9
体力: 29.293333333333337 / 138
友情点: 0 / 449870`
_2024-06-12 04:34:18_
--------
*1140e900c715db176b8d4e2926bb2744*
`登陆天数: 20天 / 658天
等级: 130
石头: 2169
呼符: 9
体力: 29.263333333333335 / 138
友情点: 0 / 474765`
_2024-06-12 04:34:26_
--------
*5a22fcfb636a0bcd7c0ebcba2924d0df*
`登陆天数: 20天 / 657天
等级: 130
石头: 2412
呼符: 9
体力: 29.239999999999995 / 138
友情点: 0 / 458205`
_2024-06-12 04:34:34_
--------
*0e574eb0e1968979a9615c8d231e3402*
`登陆天数: 20天 / 657天
等级: 130
石头: 3489
呼符: 9
体力: 29.21666666666667 / 138
友情点: 0 / 450370`
_2024-06-12 04:34:41_
--------
*685da6b7e35bd4b378b7e2c0591b7523*
`登陆天数: 20天 / 657天
等级: 130
石头: 1810
呼符: 9
体力: 29.189999999999998 / 138
友情点: 0 / 474290`
_2024-06-12 04:34:49_
--------
*0943a64ed145870889cd435ff3f5e23e*
`登陆天数: 20天 / 657天
等级: 130
石头: 3432
呼符: 9
体力: 29.163333333333327 / 138
友情点: 0 / 450135`
_2024-06-12 04:34:57_
--------
*d43302532bbb3d1a92299fffe81a41f9*
`登陆天数: 20天 / 657天
等级: 130
石头: 2527
呼符: 9
体力: 29.13666666666667 / 138
友情点: 0 / 471840`
_2024-06-12 04:35:05_
--------
*0aa1101fd0fe79e9c31a3e5aa522d3fa*
`登陆天数: 20天 / 657天
等级: 130
石头: 1840
呼符: 9
体力: 29.11333333333333 / 138
友情点: 0 / 474875`
_2024-06-12 04:35:12_
--------
*b963d1cd9f26b844a734289458efbfb0*
`登陆天数: 20天 / 658天
等级: 130
石头: 1900
呼符: 9
体力: 29.090000000000003 / 138
友情点: 0 / 475555`
_2024-06-12 04:35:20_
--------
*1e6f7b34a5e5657f1ec521d21134e853*
`登陆天数: 20天 / 657天
等级: 130
石头: 3994
呼符: 9
体力: 29.066666666666663 / 138
友情点: 0 / 451930`
_2024-06-12 04:35:27_
--------
*ced0a199164765b8dc8d97ea48e7ea34*
`登陆天数: 20天 / 657天
等级: 130
石头: 3221
呼符: 9
体力: 29.040000000000006 / 138
友情点: 0 / 450085`
_2024-06-12 04:35:35_
--------
*d8720bc8a8c1f42eaecba760f6ca3877*
`登陆天数: 20天 / 658天
等级: 130
石头: 2195
呼符: 9
体力: 29.010000000000005 / 138
友情点: 0 / 474560`
_2024-06-12 04:35:43_
--------
*4f6c37efa955f1914d9e0045e829cc2a*
`登陆天数: 20天 / 657天
等级: 130
石头: 3913
呼符: 9
体力: 28.986666666666665 / 138
友情点: 0 / 449495`
_2024-06-12 04:35:51_
--------
*917f1c1e05eace569cd1d11e80a6113e*
`登陆天数: 20天 / 657天
等级: 130
石头: 3640
呼符: 9
体力: 28.959999999999994 / 138
友情点: 0 / 450265`
_2024-06-12 04:35:58_
--------
*9c30747c515749cc6f26d91f3ab2ec5e*
`登陆天数: 20天 / 658天
等级: 130
石头: 3281
呼符: 9
体力: 28.933333333333337 / 138
友情点: 0 / 452685`
_2024-06-12 04:36:06_
--------
*a0ea2b09eb479411ab01b5f4cae6212d*
`登陆天数: 20天 / 658天
等级: 130
石头: 4059
呼符: 105
体力: 28.906666666666666 / 138
友情点: 0 / 450870`
_2024-06-12 04:36:14_
--------
*5a94f45c30098b620bf903e9cb61cc50*
`登陆天数: 20天 / 657天
等级: 130
石头: 3459
呼符: 9
体力: 28.879999999999995 / 138
友情点: 0 / 449955`
_2024-06-12 04:36:21_
--------
*00ebe5c2dbadb983cd76dcb724936316*
`登陆天数: 20天 / 657天
等级: 130
石头: 2558
呼符: 9
体力: 28.849999999999994 / 138
友情点: 0 / 465640`
_2024-06-12 04:36:29_
--------
*c0e6326abb3c72eb972594095da57be6*
`登陆天数: 20天 / 658天
等级: 130
石头: 3252
呼符: 9
体力: 28.826666666666668 / 138
友情点: 0 / 450660`
_2024-06-12 04:36:37_
--------
*c5c68e8e3ffbd8a70c2b6de50b07d9ba*
`登陆天数: 20天 / 657天
等级: 130
石头: 2588
呼符: 9
体力: 28.799999999999997 / 138
友情点: 0 / 460545`
_2024-06-12 04:36:44_
--------
*99ca4e42e188c27ae9688ac0548c5f1b*
`登陆天数: 20天 / 657天
等级: 130
石头: 1479
呼符: 9
体力: 28.77666666666667 / 138
友情点: 0 / 474455`
_2024-06-12 04:36:52_
--------
*e7d128cc392dee579676b48fe9dad40e*
`登陆天数: 20天 / 657天
等级: 130
石头: 3695
呼符: 9
体力: 28.75 / 138
友情点: 0 / 451180`
_2024-06-12 04:37:00_
--------
