【登录信息】
*969cf69cd4e66f81f48959aecbf84d81*
`登陆天数: 18天 / 658天
等级: 130
石头: 1647
呼符: 0
体力: 18196.333333333332 / 138
友情点: 0 / 465990`
*連続ログイン4日目
※ログインが途切れるか、7日到達すると
1日目から再開されます*
`聖晶石 X 1
6月交換券(2024) X 1
`*螺旋証明世界 リリムハーロット ～喝采なき薔薇～ アンケート復刻版
開幕記念 ログインボーナス*
*開催期間中、1日1回 最大21回 ログインボーナスをプレゼント！*
`黄金の果実 X 1
`_2024-06-14 04:30:18_
--------
*6c3d9a45400f787972c7ae810f8279d0*
`登陆天数: 22天 / 659天
等级: 130
石头: 3158
呼符: 10
体力: 30.11333333333333 / 138
友情点: 0 / 449275`
_2024-06-14 04:30:26_
--------
*3d5d0768d7dbf6bf653494d8bca9fbf4*
`登陆天数: 22天 / 660天
等级: 130
石头: 2969
呼符: 10
体力: 30.086666666666673 / 138
友情点: 0 / 450075`
_2024-06-14 04:30:35_
--------
*8d1f10e6e5d4a236163c7c71d339491f*
`登陆天数: 22天 / 659天
等级: 130
石头: 3760
呼符: 10
体力: 30.056666666666672 / 138
友情点: 0 / 440710`
_2024-06-14 04:30:42_
--------
*c620282dee3c7cab338eea7962567261*
`登陆天数: 22天 / 660天
等级: 130
石头: 2770
呼符: 10
体力: 30.023333333333326 / 138
友情点: 0 / 466260`
_2024-06-14 04:30:51_
--------
*620a255adf6869aa9de55658eb8c3db2*
`登陆天数: 22天 / 659天
等级: 130
石头: 4049
呼符: 52
体力: 29.99333333333334 / 138
友情点: 0 / 440360`
_2024-06-14 04:30:59_
--------
*53629dc51659611bbfa4b74c104d7fe5*
`登陆天数: 22天 / 659天
等级: 130
石头: 2135
呼符: 10
体力: 29.96333333333334 / 138
友情点: 0 / 476570`
_2024-06-14 04:31:07_
--------
*c3df721a6d1528228addb90f060757b3*
`登陆天数: 22天 / 659天
等级: 130
石头: 3644
呼符: 10
体力: 29.933333333333337 / 138
友情点: 0 / 440725`
_2024-06-14 04:31:15_
--------
*b45f3980c714335bbd897446c542eb12*
`登陆天数: 22天 / 660天
等级: 130
石头: 4058
呼符: 95
体力: 29.903333333333336 / 138
友情点: 0 / 439250`
_2024-06-14 04:31:23_
--------
*efad731e6c1ec6b1c5d9e7e476f12c02*
`登陆天数: 22天 / 660天
等级: 130
石头: 3454
呼符: 10
体力: 29.873333333333335 / 138
友情点: 0 / 440430`
_2024-06-14 04:31:31_
--------
*e5782049953055ff7609e58cc64d3073*
`登陆天数: 22天 / 659天
等级: 130
石头: 3734
呼符: 10
体力: 29.843333333333334 / 138
友情点: 0 / 440445`
_2024-06-14 04:31:39_
--------
*2c1746fcc7172af6267c3d19844cacf4*
`登陆天数: 22天 / 660天
等级: 130
石头: 3219
呼符: 10
体力: 29.813333333333333 / 138
友情点: 0 / 439565`
_2024-06-14 04:31:47_
--------
*2c134e2f63405c72dbec9ac9fc2b953d*
`登陆天数: 22天 / 660天
等级: 130
石头: 2440
呼符: 10
体力: 29.78333333333333 / 138
友情点: 0 / 477280`
_2024-06-14 04:31:55_
--------
*5a51d1cb09032cd6a6a62adf40cc36b9*
`登陆天数: 22天 / 660天
等级: 130
石头: 3484
呼符: 10
体力: 29.75666666666666 / 138
友情点: 0 / 440500`
_2024-06-14 04:32:03_
--------
*df2765fc1f5c175dcb16251a8ac24728*
`登陆天数: 22天 / 660天
等级: 130
石头: 3253
呼符: 10
体力: 29.726666666666674 / 138
友情点: 0 / 439380`
_2024-06-14 04:32:11_
--------
*e1cd955137fc86d84fa589b926d6cd7f*
`登陆天数: 22天 / 660天
等级: 130
石头: 3194
呼符: 10
体力: 29.696666666666673 / 138
友情点: 0 / 440630`
_2024-06-14 04:32:19_
--------
*ec3ef68c2ff1e715acbe1efdb3b96125*
`登陆天数: 22天 / 660天
等级: 130
石头: 3467
呼符: 10
体力: 29.66666666666667 / 138
友情点: 0 / 439930`
_2024-06-14 04:32:27_
--------
*0b57d94ce9304ffcce81f30c6fb0ad6c*
`登陆天数: 22天 / 659天
等级: 130
石头: 3459
呼符: 10
体力: 29.63666666666667 / 138
友情点: 0 / 440750`
_2024-06-14 04:32:35_
--------
*9adb87b27b1813dff94df092d8bba48a*
`登陆天数: 22天 / 659天
等级: 130
石头: 3359
呼符: 10
体力: 29.60666666666667 / 138
友情点: 0 / 440665`
_2024-06-14 04:32:43_
--------
*b3472b65e8679304c686a1b1e21e9d7b*
`登陆天数: 22天 / 660天
等级: 130
石头: 2716
呼符: 10
体力: 29.58 / 138
友情点: 0 / 451220`
_2024-06-14 04:32:51_
--------
*549c4131ed9b6887b09692346f431f29*
`登陆天数: 22天 / 660天
等级: 130
石头: 3070
呼符: 10
体力: 29.546666666666667 / 138
友情点: 0 / 441410`
_2024-06-14 04:32:59_
--------
*92dab0d71357c2accd7df4df2c5afc76*
`登陆天数: 22天 / 659天
等级: 130
石头: 2472
呼符: 10
体力: 29.516666666666666 / 138
友情点: 0 / 474735`
_2024-06-14 04:33:07_
--------
*45829723fb09c15cd0f8bdba0bd160b4*
`登陆天数: 22天 / 660天
等级: 130
石头: 3074
呼符: 10
体力: 29.489999999999995 / 138
友情点: 0 / 446865`
_2024-06-14 04:33:15_
--------
*14b04e0b70bc45efdfda43b1875ee7ae*
`登陆天数: 22天 / 659天
等级: 130
石头: 2967
呼符: 10
体力: 29.46666666666667 / 138
友情点: 0 / 441485`
_2024-06-14 04:33:24_
--------
*170dc61853d5ca25e7fc6de7a1b79050*
`登陆天数: 22天 / 659天
等级: 130
石头: 4059
呼符: 46
体力: 29.436666666666667 / 138
友情点: 0 / 440035`
_2024-06-14 04:33:32_
--------
*577ca7b26291dca27a66cfc6c9a2bbd2*
`登陆天数: 22天 / 660天
等级: 130
石头: 3524
呼符: 10
体力: 29.406666666666666 / 138
友情点: 0 / 440735`
_2024-06-14 04:33:40_
--------
*ee11bb75d5a560017023c63c470fa4fa*
`登陆天数: 22天 / 659天
等级: 130
石头: 2834
呼符: 10
体力: 29.376666666666665 / 138
友情点: 0 / 458750`
_2024-06-14 04:33:48_
--------
*4b2af19efcc200c3e0b9e11ba18ff0ec*
`登陆天数: 22天 / 660天
等级: 130
石头: 3190
呼符: 10
体力: 29.349999999999994 / 138
友情点: 0 / 442660`
_2024-06-14 04:33:56_
--------
*9486be7f222a8e7f7897143cd18a89c5*
`登陆天数: 22天 / 660天
等级: 130
石头: 3134
呼符: 10
体力: 29.323333333333338 / 138
友情点: 0 / 443870`
_2024-06-14 04:34:04_
--------
*1140e900c715db176b8d4e2926bb2744*
`登陆天数: 22天 / 660天
等级: 130
石头: 2169
呼符: 10
体力: 29.293333333333337 / 138
友情点: 0 / 476765`
_2024-06-14 04:34:11_
--------
*5a22fcfb636a0bcd7c0ebcba2924d0df*
`登陆天数: 22天 / 659天
等级: 130
石头: 2412
呼符: 10
体力: 29.269999999999996 / 138
友情点: 0 / 460205`
_2024-06-14 04:34:19_
--------
*0e574eb0e1968979a9615c8d231e3402*
`登陆天数: 22天 / 659天
等级: 130
石头: 3489
呼符: 10
体力: 29.24333333333334 / 138
友情点: 0 / 440370`
_2024-06-14 04:34:27_
--------
*685da6b7e35bd4b378b7e2c0591b7523*
`登陆天数: 22天 / 659天
等级: 130
石头: 1810
呼符: 10
体力: 29.21333333333334 / 138
友情点: 0 / 476290`
_2024-06-14 04:34:35_
--------
*0943a64ed145870889cd435ff3f5e23e*
`登陆天数: 22天 / 659天
等级: 130
石头: 3432
呼符: 10
体力: 29.186666666666667 / 138
友情点: 0 / 440135`
_2024-06-14 04:34:43_
--------
*d43302532bbb3d1a92299fffe81a41f9*
`登陆天数: 22天 / 659天
等级: 130
石头: 2527
呼符: 10
体力: 29.159999999999997 / 138
友情点: 0 / 473840`
_2024-06-14 04:34:51_
--------
*0aa1101fd0fe79e9c31a3e5aa522d3fa*
`登陆天数: 22天 / 659天
等级: 130
石头: 1840
呼符: 10
体力: 29.129999999999995 / 138
友情点: 0 / 476875`
_2024-06-14 04:34:59_
--------
*b963d1cd9f26b844a734289458efbfb0*
`登陆天数: 22天 / 660天
等级: 130
石头: 1900
呼符: 10
体力: 29.099999999999994 / 138
友情点: 0 / 477555`
_2024-06-14 04:35:07_
--------
*1e6f7b34a5e5657f1ec521d21134e853*
`登陆天数: 22天 / 659天
等级: 130
石头: 3994
呼符: 10
体力: 29.073333333333338 / 138
友情点: 0 / 441930`
_2024-06-14 04:35:15_
--------
*ced0a199164765b8dc8d97ea48e7ea34*
`登陆天数: 22天 / 659天
等级: 130
石头: 3221
呼符: 10
体力: 29.043333333333337 / 138
友情点: 0 / 440085`
_2024-06-14 04:35:23_
--------
*d8720bc8a8c1f42eaecba760f6ca3877*
`登陆天数: 22天 / 660天
等级: 130
石头: 2195
呼符: 10
体力: 29.013333333333335 / 138
友情点: 0 / 476560`
_2024-06-14 04:35:31_
--------
*4f6c37efa955f1914d9e0045e829cc2a*
`登陆天数: 22天 / 659天
等级: 130
石头: 3913
呼符: 10
体力: 28.989999999999995 / 138
友情点: 0 / 439495`
_2024-06-14 04:35:39_
--------
*917f1c1e05eace569cd1d11e80a6113e*
`登陆天数: 22天 / 659天
等级: 130
石头: 3640
呼符: 10
体力: 28.956666666666663 / 138
友情点: 0 / 440265`
_2024-06-14 04:35:47_
--------
*9c30747c515749cc6f26d91f3ab2ec5e*
`登陆天数: 22天 / 660天
等级: 130
石头: 3281
呼符: 10
体力: 28.926666666666662 / 138
友情点: 0 / 442685`
_2024-06-14 04:35:55_
--------
*a0ea2b09eb479411ab01b5f4cae6212d*
`登陆天数: 22天 / 660天
等级: 130
石头: 4059
呼符: 106
体力: 28.900000000000006 / 138
友情点: 0 / 440870`
_2024-06-14 04:36:03_
--------
*5a94f45c30098b620bf903e9cb61cc50*
`登陆天数: 22天 / 659天
等级: 130
石头: 3459
呼符: 10
体力: 28.870000000000005 / 138
友情点: 0 / 439955`
_2024-06-14 04:36:11_
--------
*00ebe5c2dbadb983cd76dcb724936316*
`登陆天数: 22天 / 659天
等级: 130
石头: 2558
呼符: 10
体力: 28.843333333333334 / 138
友情点: 0 / 467640`
_2024-06-14 04:36:19_
--------
*c0e6326abb3c72eb972594095da57be6*
`登陆天数: 22天 / 660天
等级: 130
石头: 3252
呼符: 10
体力: 28.819999999999993 / 138
友情点: 0 / 440660`
_2024-06-14 04:36:27_
--------
*c5c68e8e3ffbd8a70c2b6de50b07d9ba*
`登陆天数: 22天 / 659天
等级: 130
石头: 2588
呼符: 10
体力: 28.790000000000006 / 138
友情点: 0 / 462545`
_2024-06-14 04:36:35_
--------
*99ca4e42e188c27ae9688ac0548c5f1b*
`登陆天数: 22天 / 659天
等级: 130
石头: 1479
呼符: 10
体力: 28.763333333333335 / 138
友情点: 0 / 476455`
_2024-06-14 04:36:43_
--------
*e7d128cc392dee579676b48fe9dad40e*
`登陆天数: 22天 / 659天
等级: 130
石头: 3695
呼符: 10
体力: 28.736666666666665 / 138
友情点: 0 / 441180`
_2024-06-14 04:36:51_
--------
