【登录信息】
*969cf69cd4e66f81f48959aecbf84d81*
`登陆天数: 20天 / 660天
等级: 130
石头: 1647
呼符: 0
体力: 18772.103333333333 / 138
友情点: 0 / 465990`
*連続ログイン6日目
※ログインが途切れるか、7日到達すると
1日目から再開されます*
`聖晶石 X 2
6月交換券(2024) X 1
`*螺旋証明世界 リリムハーロット ～喝采なき薔薇～ アンケート復刻版
開幕記念 ログインボーナス*
*開催期間中、1日1回 最大21回 ログインボーナスをプレゼント！*
`白銀の果実 X 1
`_2024-06-16 04:29:10_
--------
*6c3d9a45400f787972c7ae810f8279d0*
`登陆天数: 24天 / 661天
等级: 130
石头: 3159
呼符: 10
体力: 29.97333333333333 / 138
友情点: 0 / 449275`
_2024-06-16 04:29:17_
--------
*3d5d0768d7dbf6bf653494d8bca9fbf4*
`登陆天数: 24天 / 662天
等级: 130
石头: 2970
呼符: 10
体力: 29.939999999999998 / 138
友情点: 0 / 450075`
_2024-06-16 04:29:25_
--------
*8d1f10e6e5d4a236163c7c71d339491f*
`登陆天数: 24天 / 661天
等级: 130
石头: 3761
呼符: 10
体力: 29.913333333333327 / 138
友情点: 0 / 428710`
_2024-06-16 04:29:33_
--------
*c620282dee3c7cab338eea7962567261*
`登陆天数: 24天 / 662天
等级: 130
石头: 2771
呼符: 10
体力: 29.879999999999995 / 138
友情点: 0 / 466260`
_2024-06-16 04:29:40_
--------
*620a255adf6869aa9de55658eb8c3db2*
`登陆天数: 24天 / 661天
等级: 130
石头: 4050
呼符: 52
体力: 29.849999999999994 / 138
友情点: 0 / 428360`
_2024-06-16 04:29:48_
--------
*53629dc51659611bbfa4b74c104d7fe5*
`登陆天数: 24天 / 661天
等级: 130
石头: 2136
呼符: 10
体力: 29.819999999999993 / 138
友情点: 0 / 476570`
_2024-06-16 04:29:55_
--------
*c3df721a6d1528228addb90f060757b3*
`登陆天数: 24天 / 661天
等级: 130
石头: 3645
呼符: 10
体力: 29.78666666666666 / 138
友情点: 0 / 428725`
_2024-06-16 04:30:03_
--------
*b45f3980c714335bbd897446c542eb12*
`登陆天数: 24天 / 662天
等级: 130
石头: 4059
呼符: 95
体力: 29.75666666666666 / 138
友情点: 0 / 427250`
_2024-06-16 04:30:11_
--------
*efad731e6c1ec6b1c5d9e7e476f12c02*
`登陆天数: 24天 / 662天
等级: 130
石头: 3455
呼符: 10
体力: 29.730000000000004 / 138
友情点: 0 / 428430`
_2024-06-16 04:30:19_
--------
*e5782049953055ff7609e58cc64d3073*
`登陆天数: 24天 / 661天
等级: 130
石头: 3735
呼符: 10
体力: 29.696666666666673 / 138
友情点: 0 / 428445`
_2024-06-16 04:30:26_
--------
*2c1746fcc7172af6267c3d19844cacf4*
`登陆天数: 24天 / 662天
等级: 130
石头: 3220
呼符: 10
体力: 29.66666666666667 / 138
友情点: 0 / 437565`
_2024-06-16 04:30:34_
--------
*2c134e2f63405c72dbec9ac9fc2b953d*
`登陆天数: 24天 / 662天
等级: 130
石头: 2441
呼符: 10
体力: 29.63666666666667 / 138
友情点: 0 / 477280`
_2024-06-16 04:30:42_
--------
*5a51d1cb09032cd6a6a62adf40cc36b9*
`登陆天数: 24天 / 662天
等级: 130
石头: 3485
呼符: 10
体力: 29.61333333333333 / 138
友情点: 0 / 428500`
_2024-06-16 04:30:49_
--------
*df2765fc1f5c175dcb16251a8ac24728*
`登陆天数: 24天 / 662天
等级: 130
石头: 3254
呼符: 10
体力: 29.58333333333333 / 138
友情点: 0 / 427380`
_2024-06-16 04:30:57_
--------
*e1cd955137fc86d84fa589b926d6cd7f*
`登陆天数: 24天 / 662天
等级: 130
石头: 3195
呼符: 10
体力: 29.549999999999997 / 138
友情点: 0 / 428630`
_2024-06-16 04:31:05_
--------
*ec3ef68c2ff1e715acbe1efdb3b96125*
`登陆天数: 24天 / 662天
等级: 130
石头: 3468
呼符: 10
体力: 29.519999999999996 / 138
友情点: 0 / 427930`
_2024-06-16 04:31:13_
--------
*0b57d94ce9304ffcce81f30c6fb0ad6c*
`登陆天数: 24天 / 661天
等级: 130
石头: 3460
呼符: 10
体力: 29.486666666666665 / 138
友情点: 0 / 428750`
_2024-06-16 04:31:20_
--------
*9adb87b27b1813dff94df092d8bba48a*
`登陆天数: 24天 / 661天
等级: 130
石头: 3360
呼符: 10
体力: 29.453333333333333 / 138
友情点: 0 / 428665`
_2024-06-16 04:31:28_
--------
*b3472b65e8679304c686a1b1e21e9d7b*
`登陆天数: 24天 / 662天
等级: 130
石头: 2717
呼符: 10
体力: 29.42 / 138
友情点: 0 / 451220`
_2024-06-16 04:31:35_
--------
*549c4131ed9b6887b09692346f431f29*
`登陆天数: 24天 / 662天
等级: 130
石头: 3071
呼符: 10
体力: 29.39 / 138
友情点: 0 / 433410`
_2024-06-16 04:31:43_
--------
*92dab0d71357c2accd7df4df2c5afc76*
`登陆天数: 24天 / 661天
等级: 130
石头: 2473
呼符: 10
体力: 29.36333333333333 / 138
友情点: 0 / 474735`
_2024-06-16 04:31:51_
--------
*45829723fb09c15cd0f8bdba0bd160b4*
`登陆天数: 24天 / 662天
等级: 130
石头: 3075
呼符: 10
体力: 29.33333333333333 / 138
友情点: 0 / 446865`
_2024-06-16 04:31:58_
--------
*14b04e0b70bc45efdfda43b1875ee7ae*
`登陆天数: 24天 / 661天
等级: 130
石头: 2968
呼符: 10
体力: 29.303333333333327 / 138
友情点: 0 / 437485`
_2024-06-16 04:32:06_
--------
*170dc61853d5ca25e7fc6de7a1b79050*
`登陆天数: 24天 / 661天
等级: 130
石头: 4060
呼符: 46
体力: 29.27666666666667 / 138
友情点: 0 / 428035`
_2024-06-16 04:32:14_
--------
*577ca7b26291dca27a66cfc6c9a2bbd2*
`登陆天数: 24天 / 662天
等级: 130
石头: 3525
呼符: 10
体力: 29.24666666666667 / 138
友情点: 0 / 428735`
_2024-06-16 04:32:21_
--------
*ee11bb75d5a560017023c63c470fa4fa*
`登陆天数: 24天 / 661天
等级: 130
石头: 2835
呼符: 10
体力: 29.21333333333334 / 138
友情点: 0 / 458750`
_2024-06-16 04:32:29_
--------
*4b2af19efcc200c3e0b9e11ba18ff0ec*
`登陆天数: 24天 / 662天
等级: 130
石头: 3191
呼符: 10
体力: 29.186666666666667 / 138
友情点: 0 / 442660`
_2024-06-16 04:32:36_
--------
*9486be7f222a8e7f7897143cd18a89c5*
`登陆天数: 24天 / 662天
等级: 130
石头: 3135
呼符: 10
体力: 29.159999999999997 / 138
友情点: 0 / 443870`
_2024-06-16 04:32:44_
--------
*1140e900c715db176b8d4e2926bb2744*
`登陆天数: 24天 / 662天
等级: 130
石头: 2170
呼符: 10
体力: 29.126666666666665 / 138
友情点: 0 / 476765`
_2024-06-16 04:32:52_
--------
*5a22fcfb636a0bcd7c0ebcba2924d0df*
`登陆天数: 24天 / 661天
等级: 130
石头: 2413
呼符: 10
体力: 29.099999999999994 / 138
友情点: 0 / 460205`
_2024-06-16 04:32:59_
--------
*0e574eb0e1968979a9615c8d231e3402*
`登陆天数: 24天 / 661天
等级: 130
石头: 3490
呼符: 10
体力: 29.069999999999993 / 138
友情点: 0 / 428370`
_2024-06-16 04:33:07_
--------
*685da6b7e35bd4b378b7e2c0591b7523*
`登陆天数: 24天 / 661天
等级: 130
石头: 1811
呼符: 10
体力: 29.040000000000006 / 138
友情点: 0 / 476290`
_2024-06-16 04:33:15_
--------
*0943a64ed145870889cd435ff3f5e23e*
`登陆天数: 24天 / 661天
等级: 130
石头: 3433
呼符: 10
体力: 29.013333333333335 / 138
友情点: 0 / 428135`
_2024-06-16 04:33:23_
--------
*d43302532bbb3d1a92299fffe81a41f9*
`登陆天数: 24天 / 661天
等级: 130
石头: 2528
呼符: 10
体力: 28.986666666666665 / 138
友情点: 0 / 473840`
_2024-06-16 04:33:30_
--------
*0aa1101fd0fe79e9c31a3e5aa522d3fa*
`登陆天数: 24天 / 661天
等级: 130
石头: 1841
呼符: 10
体力: 28.953333333333333 / 138
友情点: 0 / 476875`
_2024-06-16 04:33:38_
--------
*b963d1cd9f26b844a734289458efbfb0*
`登陆天数: 24天 / 662天
等级: 130
石头: 1901
呼符: 10
体力: 28.926666666666662 / 138
友情点: 0 / 477555`
_2024-06-16 04:33:46_
--------
*1e6f7b34a5e5657f1ec521d21134e853*
`登陆天数: 24天 / 661天
等级: 130
石头: 3995
呼符: 10
体力: 28.900000000000006 / 138
友情点: 0 / 429930`
_2024-06-16 04:33:53_
--------
*ced0a199164765b8dc8d97ea48e7ea34*
`登陆天数: 24天 / 661天
等级: 130
石头: 3222
呼符: 10
体力: 28.870000000000005 / 138
友情点: 0 / 436085`
_2024-06-16 04:34:01_
--------
*d8720bc8a8c1f42eaecba760f6ca3877*
`登陆天数: 24天 / 662天
等级: 130
石头: 2196
呼符: 10
体力: 28.840000000000003 / 138
友情点: 0 / 476560`
_2024-06-16 04:34:09_
--------
*4f6c37efa955f1914d9e0045e829cc2a*
`登陆天数: 24天 / 661天
等级: 130
石头: 3914
呼符: 10
体力: 28.813333333333333 / 138
友情点: 0 / 427495`
_2024-06-16 04:34:17_
--------
*917f1c1e05eace569cd1d11e80a6113e*
`登陆天数: 24天 / 661天
等级: 130
石头: 3641
呼符: 10
体力: 28.78333333333333 / 138
友情点: 0 / 428265`
_2024-06-16 04:34:24_
--------
*9c30747c515749cc6f26d91f3ab2ec5e*
`登陆天数: 24天 / 662天
等级: 130
石头: 3282
呼符: 10
体力: 28.75333333333333 / 138
友情点: 0 / 432685`
_2024-06-16 04:34:32_
--------
*a0ea2b09eb479411ab01b5f4cae6212d*
`登陆天数: 24天 / 662天
等级: 130
石头: 4060
呼符: 106
体力: 28.72333333333333 / 138
友情点: 0 / 428870`
_2024-06-16 04:34:40_
--------
*5a94f45c30098b620bf903e9cb61cc50*
`登陆天数: 24天 / 661天
等级: 130
石头: 3460
呼符: 10
体力: 28.689999999999998 / 138
友情点: 0 / 427955`
_2024-06-16 04:34:48_
--------
*00ebe5c2dbadb983cd76dcb724936316*
`登陆天数: 24天 / 661天
等级: 130
石头: 2559
呼符: 10
体力: 28.659999999999997 / 138
友情点: 0 / 467640`
_2024-06-16 04:34:56_
--------
*c0e6326abb3c72eb972594095da57be6*
`登陆天数: 24天 / 662天
等级: 130
石头: 3253
呼符: 10
体力: 28.63333333333334 / 138
友情点: 0 / 428660`
_2024-06-16 04:35:03_
--------
*c5c68e8e3ffbd8a70c2b6de50b07d9ba*
`登陆天数: 24天 / 661天
等级: 130
石头: 2589
呼符: 10
体力: 28.60333333333334 / 138
友情点: 0 / 462545`
_2024-06-16 04:35:11_
--------
*99ca4e42e188c27ae9688ac0548c5f1b*
`登陆天数: 24天 / 661天
等级: 130
石头: 1480
呼符: 10
体力: 28.573333333333338 / 138
友情点: 0 / 476455`
_2024-06-16 04:35:19_
--------
*e7d128cc392dee579676b48fe9dad40e*
`登陆天数: 24天 / 661天
等级: 130
石头: 3696
呼符: 10
体力: 28.549999999999997 / 138
友情点: 0 / 429180`
_2024-06-16 04:35:27_
--------
