【登录信息】
*969cf69cd4e66f81f48959aecbf84d81*
`登陆天数: 21天 / 661天
等级: 130
石头: 1647
呼符: 0
体力: 19060.93666666667 / 138
友情点: 0 / 465990`
*連続ログイン7日間到達おめでとうございます！
明日は1日目からリスタートされます。*
`獣の足跡 X 1
呼符 X 1
6月交換券(2024) X 1
`*螺旋証明世界 リリムハーロット ～喝采なき薔薇～ アンケート復刻版
開幕記念 ログインボーナス*
*開催期間中、1日1回 最大21回 ログインボーナスをプレゼント！*
`白銀の果実 X 1
`_2024-06-17 04:33:19_
--------
*6c3d9a45400f787972c7ae810f8279d0*
`登陆天数: 25天 / 662天
等级: 130
石头: 3160
呼符: 10
体力: 30.373333333333335 / 138
友情点: 0 / 449275`
_2024-06-17 04:33:27_
--------
*3d5d0768d7dbf6bf653494d8bca9fbf4*
`登陆天数: 25天 / 663天
等级: 130
石头: 2971
呼符: 10
体力: 30.346666666666664 / 138
友情点: 0 / 450075`
_2024-06-17 04:33:35_
--------
*8d1f10e6e5d4a236163c7c71d339491f*
`登陆天数: 25天 / 662天
等级: 130
石头: 3762
呼符: 10
体力: 30.323333333333338 / 138
友情点: 0 / 422710`
_2024-06-17 04:33:43_
--------
*c620282dee3c7cab338eea7962567261*
`登陆天数: 25天 / 663天
等级: 130
石头: 2772
呼符: 10
体力: 30.296666666666667 / 138
友情点: 0 / 466260`
_2024-06-17 04:33:51_
--------
*620a255adf6869aa9de55658eb8c3db2*
`登陆天数: 25天 / 662天
等级: 130
石头: 4051
呼符: 52
体力: 30.269999999999996 / 138
友情点: 0 / 422360`
_2024-06-17 04:33:59_
--------
*53629dc51659611bbfa4b74c104d7fe5*
`登陆天数: 25天 / 662天
等级: 130
石头: 2137
呼符: 10
体力: 30.24333333333334 / 138
友情点: 0 / 476570`
_2024-06-17 04:34:07_
--------
*c3df721a6d1528228addb90f060757b3*
`登陆天数: 25天 / 662天
等级: 130
石头: 3646
呼符: 10
体力: 30.22333333333333 / 138
友情点: 0 / 422725`
_2024-06-17 04:34:16_
--------
*b45f3980c714335bbd897446c542eb12*
`登陆天数: 25天 / 663天
等级: 130
石头: 4060
呼符: 95
体力: 30.196666666666673 / 138
友情点: 0 / 421250`
_2024-06-17 04:34:24_
--------
*efad731e6c1ec6b1c5d9e7e476f12c02*
`登陆天数: 25天 / 663天
等级: 130
石头: 3456
呼符: 10
体力: 30.17 / 138
友情点: 0 / 426430`
_2024-06-17 04:34:32_
--------
*e5782049953055ff7609e58cc64d3073*
`登陆天数: 25天 / 662天
等级: 130
石头: 3736
呼符: 10
体力: 30.14666666666666 / 138
友情点: 0 / 422445`
_2024-06-17 04:34:40_
--------
*2c1746fcc7172af6267c3d19844cacf4*
`登陆天数: 25天 / 663天
等级: 130
石头: 3221
呼符: 10
体力: 30.11666666666666 / 138
友情点: 0 / 437565`
_2024-06-17 04:34:49_
--------
*2c134e2f63405c72dbec9ac9fc2b953d*
`登陆天数: 25天 / 663天
等级: 130
石头: 2442
呼符: 10
体力: 30.093333333333334 / 138
友情点: 0 / 477280`
_2024-06-17 04:34:57_
--------
*5a51d1cb09032cd6a6a62adf40cc36b9*
`登陆天数: 25天 / 663天
等级: 130
石头: 3486
呼符: 10
体力: 30.069999999999993 / 138
友情点: 0 / 422500`
_2024-06-17 04:35:05_
--------
*df2765fc1f5c175dcb16251a8ac24728*
`登陆天数: 25天 / 663天
等级: 130
石头: 3255
呼符: 10
体力: 30.03333333333333 / 138
友情点: 0 / 421380`
_2024-06-17 04:35:13_
--------
*e1cd955137fc86d84fa589b926d6cd7f*
`登陆天数: 25天 / 663天
等级: 130
石头: 3196
呼符: 10
体力: 30.00666666666666 / 138
友情点: 0 / 426630`
_2024-06-17 04:35:21_
--------
*ec3ef68c2ff1e715acbe1efdb3b96125*
`登陆天数: 25天 / 663天
等级: 130
石头: 3469
呼符: 10
体力: 29.980000000000004 / 138
友情点: 0 / 425930`
_2024-06-17 04:35:29_
--------
*0b57d94ce9304ffcce81f30c6fb0ad6c*
`登陆天数: 25天 / 662天
等级: 130
石头: 3461
呼符: 10
体力: 29.956666666666663 / 138
友情点: 0 / 422750`
_2024-06-17 04:35:37_
--------
*9adb87b27b1813dff94df092d8bba48a*
`登陆天数: 25天 / 662天
等级: 130
石头: 3361
呼符: 10
体力: 29.930000000000007 / 138
友情点: 0 / 422665`
_2024-06-17 04:35:45_
--------
*b3472b65e8679304c686a1b1e21e9d7b*
`登陆天数: 25天 / 663天
等级: 130
石头: 2718
呼符: 10
体力: 29.903333333333336 / 138
友情点: 0 / 451220`
_2024-06-17 04:35:53_
--------
*549c4131ed9b6887b09692346f431f29*
`登陆天数: 25天 / 663天
等级: 130
石头: 3072
呼符: 10
体力: 29.879999999999995 / 138
友情点: 0 / 433410`
_2024-06-17 04:36:01_
--------
*92dab0d71357c2accd7df4df2c5afc76*
`登陆天数: 25天 / 662天
等级: 130
石头: 2474
呼符: 10
体力: 29.85333333333334 / 138
友情点: 0 / 474735`
_2024-06-17 04:36:09_
--------
*45829723fb09c15cd0f8bdba0bd160b4*
`登陆天数: 25天 / 663天
等级: 130
石头: 3076
呼符: 10
体力: 29.83 / 138
友情点: 0 / 446865`
_2024-06-17 04:36:18_
--------
*14b04e0b70bc45efdfda43b1875ee7ae*
`登陆天数: 25天 / 662天
等级: 130
石头: 2969
呼符: 10
体力: 29.806666666666672 / 138
友情点: 0 / 437485`
_2024-06-17 04:36:26_
--------
*170dc61853d5ca25e7fc6de7a1b79050*
`登陆天数: 25天 / 662天
等级: 130
石头: 4061
呼符: 46
体力: 29.78666666666666 / 138
友情点: 0 / 422035`
_2024-06-17 04:36:34_
--------
*577ca7b26291dca27a66cfc6c9a2bbd2*
`登陆天数: 25天 / 663天
等级: 130
石头: 3526
呼符: 10
体力: 29.760000000000005 / 138
友情点: 0 / 426735`
_2024-06-17 04:36:42_
--------
*ee11bb75d5a560017023c63c470fa4fa*
`登陆天数: 25天 / 662天
等级: 130
石头: 2836
呼符: 10
体力: 29.736666666666665 / 138
友情点: 0 / 458750`
_2024-06-17 04:36:50_
--------
*4b2af19efcc200c3e0b9e11ba18ff0ec*
`登陆天数: 25天 / 663天
等级: 130
石头: 3192
呼符: 10
体力: 29.71333333333334 / 138
友情点: 0 / 442660`
_2024-06-17 04:36:58_
--------
*9486be7f222a8e7f7897143cd18a89c5*
`登陆天数: 25天 / 663天
等级: 130
石头: 3136
呼符: 10
体力: 29.689999999999998 / 138
友情点: 0 / 443870`
_2024-06-17 04:37:06_
--------
*1140e900c715db176b8d4e2926bb2744*
`登陆天数: 25天 / 663天
等级: 130
石头: 2171
呼符: 10
体力: 29.66666666666667 / 138
友情点: 0 / 476765`
_2024-06-17 04:37:14_
--------
*5a22fcfb636a0bcd7c0ebcba2924d0df*
`登陆天数: 25天 / 662天
等级: 130
石头: 2414
呼符: 10
体力: 29.64333333333333 / 138
友情点: 0 / 460205`
_2024-06-17 04:37:23_
--------
*0e574eb0e1968979a9615c8d231e3402*
`登陆天数: 25天 / 662天
等级: 130
石头: 3491
呼符: 10
体力: 29.620000000000005 / 138
友情点: 0 / 428370`
_2024-06-17 04:37:31_
--------
*685da6b7e35bd4b378b7e2c0591b7523*
`登陆天数: 25天 / 662天
等级: 130
石头: 1812
呼符: 10
体力: 29.599999999999994 / 138
友情点: 0 / 476290`
_2024-06-17 04:37:39_
--------
*0943a64ed145870889cd435ff3f5e23e*
`登陆天数: 25天 / 662天
等级: 130
石头: 3434
呼符: 10
体力: 29.576666666666668 / 138
友情点: 0 / 426135`
_2024-06-17 04:37:47_
--------
*d43302532bbb3d1a92299fffe81a41f9*
`登陆天数: 25天 / 662天
等级: 130
石头: 2529
呼符: 10
体力: 29.553333333333327 / 138
友情点: 0 / 473840`
_2024-06-17 04:37:55_
--------
*0aa1101fd0fe79e9c31a3e5aa522d3fa*
`登陆天数: 25天 / 662天
等级: 130
石头: 1842
呼符: 10
体力: 29.53 / 138
友情点: 0 / 476875`
_2024-06-17 04:38:03_
--------
*b963d1cd9f26b844a734289458efbfb0*
`登陆天数: 25天 / 663天
等级: 130
石头: 1902
呼符: 10
体力: 29.50666666666666 / 138
友情点: 0 / 477555`
_2024-06-17 04:38:11_
--------
*1e6f7b34a5e5657f1ec521d21134e853*
`登陆天数: 25天 / 662天
等级: 130
石头: 3996
呼符: 10
体力: 29.483333333333334 / 138
友情点: 0 / 423930`
_2024-06-17 04:38:20_
--------
*ced0a199164765b8dc8d97ea48e7ea34*
`登陆天数: 25天 / 662天
等级: 130
石头: 3223
呼符: 10
体力: 29.459999999999994 / 138
友情点: 0 / 436085`
_2024-06-17 04:38:28_
--------
*d8720bc8a8c1f42eaecba760f6ca3877*
`登陆天数: 25天 / 663天
等级: 130
石头: 2197
呼符: 10
体力: 29.436666666666667 / 138
友情点: 0 / 476560`
_2024-06-17 04:38:37_
--------
*4f6c37efa955f1914d9e0045e829cc2a*
`登陆天数: 25天 / 662天
等级: 130
石头: 3915
呼符: 10
体力: 29.409999999999997 / 138
友情点: 0 / 421495`
_2024-06-17 04:38:45_
--------
*917f1c1e05eace569cd1d11e80a6113e*
`登陆天数: 25天 / 662天
等级: 130
石头: 3642
呼符: 10
体力: 29.38666666666667 / 138
友情点: 0 / 422265`
_2024-06-17 04:38:53_
--------
*9c30747c515749cc6f26d91f3ab2ec5e*
`登陆天数: 25天 / 663天
等级: 130
石头: 3283
呼符: 10
体力: 29.35666666666667 / 138
友情点: 0 / 432685`
_2024-06-17 04:39:01_
--------
*a0ea2b09eb479411ab01b5f4cae6212d*
`登陆天数: 25天 / 663天
等级: 130
石头: 4061
呼符: 106
体力: 29.336666666666673 / 138
友情点: 0 / 422870`
_2024-06-17 04:39:09_
--------
*5a94f45c30098b620bf903e9cb61cc50*
`登陆天数: 25天 / 662天
等级: 130
石头: 3461
呼符: 10
体力: 29.310000000000002 / 138
友情点: 0 / 421955`
_2024-06-17 04:39:17_
--------
*00ebe5c2dbadb983cd76dcb724936316*
`登陆天数: 25天 / 662天
等级: 130
石头: 2560
呼符: 10
体力: 29.28 / 138
友情点: 0 / 467640`
_2024-06-17 04:39:25_
--------
*c0e6326abb3c72eb972594095da57be6*
`登陆天数: 25天 / 663天
等级: 130
石头: 3254
呼符: 10
体力: 29.25666666666666 / 138
友情点: 0 / 428660`
_2024-06-17 04:39:33_
--------
*c5c68e8e3ffbd8a70c2b6de50b07d9ba*
`登陆天数: 25天 / 662天
等级: 130
石头: 2590
呼符: 10
体力: 29.236666666666665 / 138
友情点: 0 / 462545`
_2024-06-17 04:39:41_
--------
*99ca4e42e188c27ae9688ac0548c5f1b*
`登陆天数: 25天 / 662天
等级: 130
石头: 1481
呼符: 10
体力: 29.21333333333334 / 138
友情点: 0 / 476455`
_2024-06-17 04:39:49_
--------
*e7d128cc392dee579676b48fe9dad40e*
`登陆天数: 25天 / 662天
等级: 130
石头: 3697
呼符: 10
体力: 29.189999999999998 / 138
友情点: 0 / 423180`
_2024-06-17 04:39:57_
--------
