【登录信息】
*969cf69cd4e66f81f48959aecbf84d81*
`登陆天数: 22天 / 662天
等级: 130
石头: 1647
呼符: 0
体力: 19348.25 / 138
友情点: 0 / 465990`
*連続ログイン1日目
※ログインが途切れるか、7日到達すると
1日目から再開されます*
`フレンドポイント X 2000
6月交換券(2024) X 1
`*螺旋証明世界 リリムハーロット ～喝采なき薔薇～ アンケート復刻版
開幕記念 ログインボーナス*
*開催期間中、1日1回 最大21回 ログインボーナスをプレゼント！*
`白銀の果実 X 1
`_2024-06-18 04:29:53_
--------
*6c3d9a45400f787972c7ae810f8279d0*
`登陆天数: 26天 / 663天
等级: 130
石头: 3160
呼符: 10
体力: 29.653333333333336 / 138
友情点: 0 / 449275`
_2024-06-18 04:30:01_
--------
*3d5d0768d7dbf6bf653494d8bca9fbf4*
`登陆天数: 26天 / 664天
等级: 130
石头: 2971
呼符: 10
体力: 29.629999999999995 / 138
友情点: 0 / 450075`
_2024-06-18 04:30:10_
--------
*8d1f10e6e5d4a236163c7c71d339491f*
`登陆天数: 26天 / 663天
等级: 130
石头: 3762
呼符: 10
体力: 29.60333333333334 / 138
友情点: 0 / 416710`
_2024-06-18 04:30:18_
--------
*c620282dee3c7cab338eea7962567261*
`登陆天数: 26天 / 664天
等级: 130
石头: 2772
呼符: 10
体力: 29.573333333333338 / 138
友情点: 0 / 466260`
_2024-06-18 04:30:26_
--------
*620a255adf6869aa9de55658eb8c3db2*
`登陆天数: 26天 / 663天
等级: 130
石头: 4051
呼符: 52
体力: 29.546666666666667 / 138
友情点: 0 / 416360`
_2024-06-18 04:30:34_
--------
*53629dc51659611bbfa4b74c104d7fe5*
`登陆天数: 26天 / 663天
等级: 130
石头: 2137
呼符: 10
体力: 29.516666666666666 / 138
友情点: 0 / 476570`
_2024-06-18 04:30:42_
--------
*c3df721a6d1528228addb90f060757b3*
`登陆天数: 26天 / 663天
等级: 130
石头: 3646
呼符: 10
体力: 29.49333333333334 / 138
友情点: 0 / 416725`
_2024-06-18 04:30:50_
--------
*b45f3980c714335bbd897446c542eb12*
`登陆天数: 26天 / 664天
等级: 130
石头: 4060
呼符: 95
体力: 29.46333333333334 / 138
友情点: 0 / 415250`
_2024-06-18 04:30:58_
--------
*efad731e6c1ec6b1c5d9e7e476f12c02*
`登陆天数: 26天 / 664天
等级: 130
石头: 3456
呼符: 10
体力: 29.436666666666667 / 138
友情点: 0 / 426430`
_2024-06-18 04:31:07_
--------
*e5782049953055ff7609e58cc64d3073*
`登陆天数: 26天 / 663天
等级: 130
石头: 3736
呼符: 10
体力: 29.413333333333327 / 138
友情点: 0 / 416445`
_2024-06-18 04:31:15_
--------
*2c1746fcc7172af6267c3d19844cacf4*
`登陆天数: 26天 / 664天
等级: 130
石头: 3221
呼符: 10
体力: 29.38666666666667 / 138
友情点: 0 / 437565`
_2024-06-18 04:31:23_
--------
*2c134e2f63405c72dbec9ac9fc2b953d*
`登陆天数: 26天 / 664天
等级: 130
石头: 2442
呼符: 10
体力: 29.36 / 138
友情点: 0 / 477280`
_2024-06-18 04:31:31_
--------
*5a51d1cb09032cd6a6a62adf40cc36b9*
`登陆天数: 26天 / 664天
等级: 130
石头: 3486
呼符: 10
体力: 29.33333333333333 / 138
友情点: 0 / 416500`
_2024-06-18 04:31:39_
--------
*df2765fc1f5c175dcb16251a8ac24728*
`登陆天数: 26天 / 664天
等级: 130
石头: 3255
呼符: 10
体力: 29.306666666666672 / 138
友情点: 0 / 421380`
_2024-06-18 04:31:48_
--------
*e1cd955137fc86d84fa589b926d6cd7f*
`登陆天数: 26天 / 664天
等级: 130
石头: 3196
呼符: 10
体力: 29.28333333333333 / 138
友情点: 0 / 426630`
_2024-06-18 04:31:56_
--------
*ec3ef68c2ff1e715acbe1efdb3b96125*
`登陆天数: 26天 / 664天
等级: 130
石头: 3469
呼符: 10
体力: 29.25666666666666 / 138
友情点: 0 / 425930`
_2024-06-18 04:32:04_
--------
*0b57d94ce9304ffcce81f30c6fb0ad6c*
`登陆天数: 26天 / 663天
等级: 130
石头: 3461
呼符: 10
体力: 29.230000000000004 / 138
友情点: 0 / 422750`
_2024-06-18 04:32:12_
--------
*9adb87b27b1813dff94df092d8bba48a*
`登陆天数: 26天 / 663天
等级: 130
石头: 3361
呼符: 10
体力: 29.206666666666663 / 138
友情点: 0 / 416665`
_2024-06-18 04:32:20_
--------
*b3472b65e8679304c686a1b1e21e9d7b*
`登陆天数: 26天 / 664天
等级: 130
石头: 2718
呼符: 10
体力: 29.176666666666662 / 138
友情点: 0 / 451220`
_2024-06-18 04:32:28_
--------
*549c4131ed9b6887b09692346f431f29*
`登陆天数: 26天 / 664天
等级: 130
石头: 3072
呼符: 10
体力: 29.153333333333336 / 138
友情点: 0 / 433410`
_2024-06-18 04:32:36_
--------
*92dab0d71357c2accd7df4df2c5afc76*
`登陆天数: 26天 / 663天
等级: 130
石头: 2474
呼符: 10
体力: 29.126666666666665 / 138
友情点: 0 / 474735`
_2024-06-18 04:32:45_
--------
*45829723fb09c15cd0f8bdba0bd160b4*
`登陆天数: 26天 / 664天
等级: 130
石头: 3076
呼符: 10
体力: 29.099999999999994 / 138
友情点: 0 / 446865`
_2024-06-18 04:32:53_
--------
*14b04e0b70bc45efdfda43b1875ee7ae*
`登陆天数: 26天 / 663天
等级: 130
石头: 2969
呼符: 10
体力: 29.08 / 138
友情点: 0 / 437485`
_2024-06-18 04:33:01_
--------
*170dc61853d5ca25e7fc6de7a1b79050*
`登陆天数: 26天 / 663天
等级: 130
石头: 4061
呼符: 46
体力: 29.053333333333327 / 138
友情点: 0 / 416035`
_2024-06-18 04:33:09_
--------
*577ca7b26291dca27a66cfc6c9a2bbd2*
`登陆天数: 26天 / 664天
等级: 130
石头: 3526
呼符: 10
体力: 29.02666666666667 / 138
友情点: 0 / 426735`
_2024-06-18 04:33:17_
--------
*ee11bb75d5a560017023c63c470fa4fa*
`登陆天数: 26天 / 663天
等级: 130
石头: 2836
呼符: 10
体力: 29.0 / 138
友情点: 0 / 458750`
_2024-06-18 04:33:25_
--------
*4b2af19efcc200c3e0b9e11ba18ff0ec*
`登陆天数: 26天 / 664天
等级: 130
石头: 3192
呼符: 10
体力: 28.97333333333333 / 138
友情点: 0 / 442660`
_2024-06-18 04:33:33_
--------
*9486be7f222a8e7f7897143cd18a89c5*
`登陆天数: 26天 / 664天
等级: 130
石头: 3136
呼符: 10
体力: 28.946666666666673 / 138
友情点: 0 / 443870`
_2024-06-18 04:33:42_
--------
*1140e900c715db176b8d4e2926bb2744*
`登陆天数: 26天 / 664天
等级: 130
石头: 2171
呼符: 10
体力: 28.923333333333332 / 138
友情点: 0 / 476765`
_2024-06-18 04:33:50_
--------
*5a22fcfb636a0bcd7c0ebcba2924d0df*
`登陆天数: 26天 / 663天
等级: 130
石头: 2414
呼符: 10
体力: 28.900000000000006 / 138
友情点: 0 / 460205`
_2024-06-18 04:33:58_
--------
*0e574eb0e1968979a9615c8d231e3402*
`登陆天数: 26天 / 663天
等级: 130
石头: 3491
呼符: 10
体力: 28.873333333333335 / 138
友情点: 0 / 428370`
_2024-06-18 04:34:06_
--------
*685da6b7e35bd4b378b7e2c0591b7523*
`登陆天数: 26天 / 663天
等级: 130
石头: 1812
呼符: 10
体力: 28.849999999999994 / 138
友情点: 0 / 476290`
_2024-06-18 04:34:15_
--------
*0943a64ed145870889cd435ff3f5e23e*
`登陆天数: 26天 / 663天
等级: 130
石头: 3434
呼符: 10
体力: 28.823333333333338 / 138
友情点: 0 / 426135`
_2024-06-18 04:34:23_
--------
*d43302532bbb3d1a92299fffe81a41f9*
`登陆天数: 26天 / 663天
等级: 130
石头: 2529
呼符: 10
体力: 28.799999999999997 / 138
友情点: 0 / 473840`
_2024-06-18 04:34:31_
--------
*0aa1101fd0fe79e9c31a3e5aa522d3fa*
`登陆天数: 26天 / 663天
等级: 130
石头: 1842
呼符: 10
体力: 28.773333333333326 / 138
友情点: 0 / 476875`
_2024-06-18 04:34:40_
--------
*b963d1cd9f26b844a734289458efbfb0*
`登陆天数: 26天 / 664天
等级: 130
石头: 1902
呼符: 10
体力: 28.75 / 138
友情点: 0 / 477555`
_2024-06-18 04:34:48_
--------
*1e6f7b34a5e5657f1ec521d21134e853*
`登陆天数: 26天 / 663天
等级: 130
石头: 3996
呼符: 10
体力: 28.72333333333333 / 138
友情点: 0 / 417930`
_2024-06-18 04:34:56_
--------
*ced0a199164765b8dc8d97ea48e7ea34*
`登陆天数: 26天 / 663天
等级: 130
石头: 3223
呼符: 10
体力: 28.700000000000003 / 138
友情点: 0 / 436085`
_2024-06-18 04:35:03_
--------
*d8720bc8a8c1f42eaecba760f6ca3877*
`登陆天数: 26天 / 664天
等级: 130
石头: 2197
呼符: 10
体力: 28.673333333333332 / 138
友情点: 0 / 476560`
_2024-06-18 04:35:12_
--------
*4f6c37efa955f1914d9e0045e829cc2a*
`登陆天数: 26天 / 663天
等级: 130
石头: 3915
呼符: 10
体力: 28.64666666666666 / 138
友情点: 0 / 415495`
_2024-06-18 04:35:21_
--------
*917f1c1e05eace569cd1d11e80a6113e*
`登陆天数: 26天 / 663天
等级: 130
石头: 3642
呼符: 10
体力: 28.61666666666666 / 138
友情点: 0 / 420265`
_2024-06-18 04:35:28_
--------
*9c30747c515749cc6f26d91f3ab2ec5e*
`登陆天数: 26天 / 664天
等级: 130
石头: 3283
呼符: 10
体力: 28.593333333333334 / 138
友情点: 0 / 432685`
_2024-06-18 04:35:37_
--------
*a0ea2b09eb479411ab01b5f4cae6212d*
`登陆天数: 26天 / 664天
等级: 130
石头: 4061
呼符: 106
体力: 28.569999999999993 / 138
友情点: 0 / 416870`
_2024-06-18 04:35:45_
--------
*5a94f45c30098b620bf903e9cb61cc50*
`登陆天数: 26天 / 663天
等级: 130
石头: 3461
呼符: 10
体力: 28.543333333333337 / 138
友情点: 0 / 419955`
_2024-06-18 04:35:53_
--------
*00ebe5c2dbadb983cd76dcb724936316*
`登陆天数: 26天 / 663天
等级: 130
石头: 2560
呼符: 10
体力: 28.519999999999996 / 138
友情点: 0 / 467640`
_2024-06-18 04:36:01_
--------
*c0e6326abb3c72eb972594095da57be6*
`登陆天数: 26天 / 664天
等级: 130
石头: 3254
呼符: 10
体力: 28.49333333333334 / 138
友情点: 0 / 428660`
_2024-06-18 04:36:09_
--------
*c5c68e8e3ffbd8a70c2b6de50b07d9ba*
`登陆天数: 26天 / 663天
等级: 130
石头: 2590
呼符: 10
体力: 28.46666666666667 / 138
友情点: 0 / 462545`
_2024-06-18 04:36:17_
--------
*99ca4e42e188c27ae9688ac0548c5f1b*
`登陆天数: 26天 / 663天
等级: 130
石头: 1481
呼符: 10
体力: 28.439999999999998 / 138
友情点: 0 / 476455`
_2024-06-18 04:36:25_
--------
*e7d128cc392dee579676b48fe9dad40e*
`登陆天数: 26天 / 663天
等级: 130
石头: 3697
呼符: 10
体力: 28.41666666666667 / 138
友情点: 0 / 417180`
_2024-06-18 04:36:33_
--------
