【登录信息】
*969cf69cd4e66f81f48959aecbf84d81*
`登陆天数: 25天 / 665天
等级: 130
石头: 1647
呼符: 0
体力: 20212.383333333335 / 138
友情点: 0 / 465990`
*連続ログイン4日目
※ログインが途切れるか、7日到達すると
1日目から再開されます*
`聖晶石 X 1
6月交換券(2024) X 1
`*「踊るドラゴン・キャッスル！ ～深海の姫君とふたつの宝玉～」
開幕直前特別ログインボーナス*
*開催期間中、1日1回 最大7回 ログインボーナスをプレゼント！*
`黄金の果実 X 1
`_2024-06-21 04:30:33_
--------
*6c3d9a45400f787972c7ae810f8279d0*
`登陆天数: 29天 / 666天
等级: 130
石头: 3168
呼符: 11
体力: 29.75333333333333 / 138
友情点: 0 / 451275`
_2024-06-21 04:30:41_
--------
*3d5d0768d7dbf6bf653494d8bca9fbf4*
`登陆天数: 29天 / 667天
等级: 130
石头: 2979
呼符: 11
体力: 29.72333333333333 / 138
友情点: 0 / 452075`
_2024-06-21 04:30:49_
--------
*8d1f10e6e5d4a236163c7c71d339491f*
`登陆天数: 29天 / 666天
等级: 130
石头: 3770
呼符: 11
体力: 29.696666666666673 / 138
友情点: 0 / 404710`
_2024-06-21 04:30:57_
--------
*c620282dee3c7cab338eea7962567261*
`登陆天数: 29天 / 667天
等级: 130
石头: 2780
呼符: 11
体力: 29.67 / 138
友情点: 0 / 468260`
_2024-06-21 04:31:05_
--------
*620a255adf6869aa9de55658eb8c3db2*
`登陆天数: 29天 / 666天
等级: 130
石头: 4059
呼符: 53
体力: 29.64666666666666 / 138
友情点: 0 / 400360`
_2024-06-21 04:31:12_
--------
*53629dc51659611bbfa4b74c104d7fe5*
`登陆天数: 29天 / 666天
等级: 130
石头: 2145
呼符: 11
体力: 29.61666666666666 / 138
友情点: 0 / 478570`
_2024-06-21 04:31:20_
--------
*c3df721a6d1528228addb90f060757b3*
`登陆天数: 29天 / 666天
等级: 130
石头: 3654
呼符: 11
体力: 29.586666666666673 / 138
友情点: 0 / 416725`
_2024-06-21 04:31:28_
--------
*b45f3980c714335bbd897446c542eb12*
`登陆天数: 29天 / 667天
等级: 130
石头: 4068
呼符: 96
体力: 29.566666666666663 / 138
友情点: 0 / 399250`
_2024-06-21 04:31:36_
--------
*efad731e6c1ec6b1c5d9e7e476f12c02*
`登陆天数: 29天 / 667天
等级: 130
石头: 3464
呼符: 11
体力: 29.53666666666666 / 138
友情点: 0 / 428430`
_2024-06-21 04:31:44_
--------
*e5782049953055ff7609e58cc64d3073*
`登陆天数: 29天 / 666天
等级: 130
石头: 3744
呼符: 11
体力: 29.510000000000005 / 138
友情点: 0 / 408445`
_2024-06-21 04:31:52_
--------
*2c1746fcc7172af6267c3d19844cacf4*
`登陆天数: 29天 / 667天
等级: 130
石头: 3229
呼符: 11
体力: 29.483333333333334 / 138
友情点: 0 / 439565`
_2024-06-21 04:31:59_
--------
*2c134e2f63405c72dbec9ac9fc2b953d*
`登陆天数: 29天 / 667天
等级: 130
石头: 2450
呼符: 11
体力: 29.459999999999994 / 138
友情点: 0 / 479280`
_2024-06-21 04:32:07_
--------
*5a51d1cb09032cd6a6a62adf40cc36b9*
`登陆天数: 29天 / 667天
等级: 130
石头: 3494
呼符: 11
体力: 29.433333333333337 / 138
友情点: 0 / 416500`
_2024-06-21 04:32:15_
--------
*df2765fc1f5c175dcb16251a8ac24728*
`登陆天数: 29天 / 667天
等级: 130
石头: 3263
呼符: 11
体力: 29.409999999999997 / 138
友情点: 0 / 423380`
_2024-06-21 04:32:23_
--------
*e1cd955137fc86d84fa589b926d6cd7f*
`登陆天数: 29天 / 667天
等级: 130
石头: 3204
呼符: 11
体力: 29.38666666666667 / 138
友情点: 0 / 428630`
_2024-06-21 04:32:31_
--------
*ec3ef68c2ff1e715acbe1efdb3b96125*
`登陆天数: 29天 / 667天
等级: 130
石头: 3477
呼符: 11
体力: 29.36 / 138
友情点: 0 / 427930`
_2024-06-21 04:32:39_
--------
*0b57d94ce9304ffcce81f30c6fb0ad6c*
`登陆天数: 29天 / 666天
等级: 130
石头: 3469
呼符: 11
体力: 29.33 / 138
友情点: 0 / 424750`
_2024-06-21 04:32:47_
--------
*9adb87b27b1813dff94df092d8bba48a*
`登陆天数: 29天 / 666天
等级: 130
石头: 3369
呼符: 11
体力: 29.306666666666672 / 138
友情点: 0 / 412665`
_2024-06-21 04:32:55_
--------
*b3472b65e8679304c686a1b1e21e9d7b*
`登陆天数: 29天 / 667天
等级: 130
石头: 2726
呼符: 11
体力: 29.28333333333333 / 138
友情点: 0 / 453220`
_2024-06-21 04:33:02_
--------
*549c4131ed9b6887b09692346f431f29*
`登陆天数: 29天 / 667天
等级: 130
石头: 3080
呼符: 11
体力: 29.25666666666666 / 138
友情点: 0 / 435410`
_2024-06-21 04:33:10_
--------
*92dab0d71357c2accd7df4df2c5afc76*
`登陆天数: 29天 / 666天
等级: 130
石头: 2482
呼符: 11
体力: 29.233333333333334 / 138
友情点: 0 / 476735`
_2024-06-21 04:33:18_
--------
*45829723fb09c15cd0f8bdba0bd160b4*
`登陆天数: 29天 / 667天
等级: 130
石头: 3084
呼符: 11
体力: 29.203333333333333 / 138
友情点: 0 / 448865`
_2024-06-21 04:33:26_
--------
*14b04e0b70bc45efdfda43b1875ee7ae*
`登陆天数: 29天 / 666天
等级: 130
石头: 2977
呼符: 11
体力: 29.183333333333337 / 138
友情点: 0 / 439485`
_2024-06-21 04:33:34_
--------
*170dc61853d5ca25e7fc6de7a1b79050*
`登陆天数: 29天 / 666天
等级: 130
石头: 4069
呼符: 47
体力: 29.159999999999997 / 138
友情点: 0 / 400035`
_2024-06-21 04:33:42_
--------
*577ca7b26291dca27a66cfc6c9a2bbd2*
`登陆天数: 29天 / 667天
等级: 130
石头: 3534
呼符: 11
体力: 29.129999999999995 / 138
友情点: 0 / 428735`
_2024-06-21 04:33:50_
--------
*ee11bb75d5a560017023c63c470fa4fa*
`登陆天数: 29天 / 666天
等级: 130
石头: 2844
呼符: 11
体力: 29.10333333333334 / 138
友情点: 0 / 460750`
_2024-06-21 04:33:58_
--------
*4b2af19efcc200c3e0b9e11ba18ff0ec*
`登陆天数: 29天 / 667天
等级: 130
石头: 3200
呼符: 11
体力: 29.076666666666668 / 138
友情点: 0 / 444660`
_2024-06-21 04:34:06_
--------
*9486be7f222a8e7f7897143cd18a89c5*
`登陆天数: 29天 / 667天
等级: 130
石头: 3144
呼符: 11
体力: 29.053333333333327 / 138
友情点: 0 / 445870`
_2024-06-21 04:34:13_
--------
*1140e900c715db176b8d4e2926bb2744*
`登陆天数: 29天 / 667天
等级: 130
石头: 2179
呼符: 11
体力: 29.023333333333326 / 138
友情点: 0 / 478765`
_2024-06-21 04:34:21_
--------
*5a22fcfb636a0bcd7c0ebcba2924d0df*
`登陆天数: 29天 / 666天
等级: 130
石头: 2422
呼符: 11
体力: 28.989999999999995 / 138
友情点: 0 / 462205`
_2024-06-21 04:34:29_
--------
*0e574eb0e1968979a9615c8d231e3402*
`登陆天数: 29天 / 666天
等级: 130
石头: 3499
呼符: 11
体力: 28.96333333333334 / 138
友情点: 0 / 430370`
_2024-06-21 04:34:37_
--------
*685da6b7e35bd4b378b7e2c0591b7523*
`登陆天数: 29天 / 666天
等级: 130
石头: 1820
呼符: 11
体力: 28.933333333333337 / 138
友情点: 0 / 478290`
_2024-06-21 04:34:44_
--------
*0943a64ed145870889cd435ff3f5e23e*
`登陆天数: 29天 / 666天
等级: 130
石头: 3442
呼符: 11
体力: 28.906666666666666 / 138
友情点: 0 / 428135`
_2024-06-21 04:34:52_
--------
*d43302532bbb3d1a92299fffe81a41f9*
`登陆天数: 29天 / 666天
等级: 130
石头: 2537
呼符: 11
体力: 28.876666666666665 / 138
友情点: 0 / 475840`
_2024-06-21 04:35:00_
--------
*0aa1101fd0fe79e9c31a3e5aa522d3fa*
`登陆天数: 29天 / 666天
等级: 130
石头: 1850
呼符: 11
体力: 28.85333333333334 / 138
友情点: 0 / 478875`
_2024-06-21 04:35:08_
--------
*b963d1cd9f26b844a734289458efbfb0*
`登陆天数: 29天 / 667天
等级: 130
石头: 1910
呼符: 11
体力: 28.826666666666668 / 138
友情点: 0 / 479555`
_2024-06-21 04:35:15_
--------
*1e6f7b34a5e5657f1ec521d21134e853*
`登陆天数: 29天 / 666天
等级: 130
石头: 4004
呼符: 11
体力: 28.799999999999997 / 138
友情点: 0 / 401930`
_2024-06-21 04:35:23_
--------
*ced0a199164765b8dc8d97ea48e7ea34*
`登陆天数: 29天 / 666天
等级: 130
石头: 3231
呼符: 11
体力: 28.766666666666666 / 138
友情点: 0 / 438085`
_2024-06-21 04:35:31_
--------
*d8720bc8a8c1f42eaecba760f6ca3877*
`登陆天数: 29天 / 667天
等级: 130
石头: 2205
呼符: 11
体力: 28.736666666666665 / 138
友情点: 0 / 478560`
_2024-06-21 04:35:39_
--------
*4f6c37efa955f1914d9e0045e829cc2a*
`登陆天数: 29天 / 666天
等级: 130
石头: 3923
呼符: 11
体力: 28.706666666666663 / 138
友情点: 0 / 399495`
_2024-06-21 04:35:47_
--------
*917f1c1e05eace569cd1d11e80a6113e*
`登陆天数: 29天 / 666天
等级: 130
石头: 3650
呼符: 11
体力: 28.676666666666662 / 138
友情点: 0 / 422265`
_2024-06-21 04:35:54_
--------
*9c30747c515749cc6f26d91f3ab2ec5e*
`登陆天数: 29天 / 667天
等级: 130
石头: 3291
呼符: 11
体力: 28.653333333333336 / 138
友情点: 0 / 434685`
_2024-06-21 04:36:02_
--------
*a0ea2b09eb479411ab01b5f4cae6212d*
`登陆天数: 29天 / 667天
等级: 130
石头: 4069
呼符: 107
体力: 28.626666666666665 / 138
友情点: 0 / 400870`
_2024-06-21 04:36:10_
--------
*5a94f45c30098b620bf903e9cb61cc50*
`登陆天数: 29天 / 666天
等级: 130
石头: 3469
呼符: 11
体力: 28.596666666666664 / 138
友情点: 0 / 421955`
_2024-06-21 04:36:18_
--------
*00ebe5c2dbadb983cd76dcb724936316*
`登陆天数: 29天 / 666天
等级: 130
石头: 2568
呼符: 11
体力: 28.569999999999993 / 138
友情点: 0 / 469640`
_2024-06-21 04:36:26_
--------
*c0e6326abb3c72eb972594095da57be6*
`登陆天数: 29天 / 667天
等级: 130
石头: 3262
呼符: 11
体力: 28.540000000000006 / 138
友情点: 0 / 430660`
_2024-06-21 04:36:34_
--------
*c5c68e8e3ffbd8a70c2b6de50b07d9ba*
`登陆天数: 29天 / 666天
等级: 130
石头: 2598
呼符: 11
体力: 28.510000000000005 / 138
友情点: 0 / 464545`
_2024-06-21 04:36:41_
--------
*99ca4e42e188c27ae9688ac0548c5f1b*
`登陆天数: 29天 / 666天
等级: 130
石头: 1489
呼符: 11
体力: 28.483333333333334 / 138
友情点: 0 / 478455`
_2024-06-21 04:36:49_
--------
*e7d128cc392dee579676b48fe9dad40e*
`登陆天数: 29天 / 666天
等级: 130
石头: 3705
呼符: 11
体力: 28.453333333333333 / 138
友情点: 0 / 417180`
_2024-06-21 04:36:57_
--------
