【登录信息】
*969cf69cd4e66f81f48959aecbf84d81*
`登陆天数: 26天 / 666天
等级: 130
石头: 1647
呼符: 0
体力: 20499.97 / 138
友情点: 0 / 465990`
*連続ログイン5日目
※ログインが途切れるか、7日到達すると
1日目から再開されます*
`叡智の業火 X 2
6月交換券(2024) X 1
`*幕間の物語キャンペーン 第20弾 特別ログインボーナス*
*開催期間中、1日1回 最大5回 特別ログインボーナスをプレゼント！*
`呼符 X 1
`_2024-06-22 04:28:29_
--------
*6c3d9a45400f787972c7ae810f8279d0*
`登陆天数: 30天 / 667天
等级: 130
石头: 3169
呼符: 12
体力: 29.310000000000002 / 138
友情点: 0 / 451275`
_2024-06-22 04:28:38_
--------
*3d5d0768d7dbf6bf653494d8bca9fbf4*
`登陆天数: 30天 / 668天
等级: 130
石头: 2980
呼符: 12
体力: 29.28666666666666 / 138
友情点: 0 / 452075`
_2024-06-22 04:28:46_
--------
*8d1f10e6e5d4a236163c7c71d339491f*
`登陆天数: 30天 / 667天
等级: 130
石头: 3771
呼符: 12
体力: 29.260000000000005 / 138
友情点: 0 / 404710`
_2024-06-22 04:28:54_
--------
*c620282dee3c7cab338eea7962567261*
`登陆天数: 30天 / 668天
等级: 130
石头: 2781
呼符: 12
体力: 29.233333333333334 / 138
友情点: 0 / 468260`
_2024-06-22 04:29:02_
--------
*620a255adf6869aa9de55658eb8c3db2*
`登陆天数: 30天 / 667天
等级: 130
石头: 4060
呼符: 54
体力: 29.206666666666663 / 138
友情点: 0 / 394360`
_2024-06-22 04:29:10_
--------
*53629dc51659611bbfa4b74c104d7fe5*
`登陆天数: 30天 / 667天
等级: 130
石头: 2146
呼符: 12
体力: 29.180000000000007 / 138
友情点: 0 / 478570`
_2024-06-22 04:29:19_
--------
*c3df721a6d1528228addb90f060757b3*
`登陆天数: 30天 / 667天
等级: 130
石头: 3655
呼符: 12
体力: 29.156666666666666 / 138
友情点: 0 / 416725`
_2024-06-22 04:29:27_
--------
*b45f3980c714335bbd897446c542eb12*
`登陆天数: 30天 / 668天
等级: 130
石头: 4069
呼符: 97
体力: 29.13333333333334 / 138
友情点: 0 / 393250`
_2024-06-22 04:29:36_
--------
*efad731e6c1ec6b1c5d9e7e476f12c02*
`登陆天数: 30天 / 668天
等级: 130
石头: 3465
呼符: 12
体力: 29.10333333333334 / 138
友情点: 0 / 428430`
_2024-06-22 04:29:44_
--------
*e5782049953055ff7609e58cc64d3073*
`登陆天数: 30天 / 667天
等级: 130
石头: 3745
呼符: 12
体力: 29.08333333333333 / 138
友情点: 0 / 408445`
_2024-06-22 04:29:52_
--------
*2c1746fcc7172af6267c3d19844cacf4*
`登陆天数: 30天 / 668天
等级: 130
石头: 3230
呼符: 12
体力: 29.056666666666672 / 138
友情点: 0 / 439565`
_2024-06-22 04:30:00_
--------
*2c134e2f63405c72dbec9ac9fc2b953d*
`登陆天数: 30天 / 668天
等级: 130
石头: 2451
呼符: 12
体力: 29.03 / 138
友情点: 0 / 479280`
_2024-06-22 04:30:08_
--------
*5a51d1cb09032cd6a6a62adf40cc36b9*
`登陆天数: 30天 / 668天
等级: 130
石头: 3495
呼符: 12
体力: 29.00333333333333 / 138
友情点: 0 / 416500`
_2024-06-22 04:30:16_
--------
*df2765fc1f5c175dcb16251a8ac24728*
`登陆天数: 30天 / 668天
等级: 130
石头: 3264
呼符: 12
体力: 28.980000000000004 / 138
友情点: 0 / 423380`
_2024-06-22 04:30:24_
--------
*e1cd955137fc86d84fa589b926d6cd7f*
`登陆天数: 30天 / 668天
等级: 130
石头: 3205
呼符: 12
体力: 28.953333333333333 / 138
友情点: 0 / 428630`
_2024-06-22 04:30:33_
--------
*ec3ef68c2ff1e715acbe1efdb3b96125*
`登陆天数: 30天 / 668天
等级: 130
石头: 3478
呼符: 12
体力: 28.930000000000007 / 138
友情点: 0 / 427930`
_2024-06-22 04:30:40_
--------
*0b57d94ce9304ffcce81f30c6fb0ad6c*
`登陆天数: 30天 / 667天
等级: 130
石头: 3470
呼符: 12
体力: 28.903333333333336 / 138
友情点: 0 / 424750`
_2024-06-22 04:30:49_
--------
*9adb87b27b1813dff94df092d8bba48a*
`登陆天数: 30天 / 667天
等级: 130
石头: 3370
呼符: 12
体力: 28.879999999999995 / 138
友情点: 0 / 412665`
_2024-06-22 04:30:56_
--------
*b3472b65e8679304c686a1b1e21e9d7b*
`登陆天数: 30天 / 668天
等级: 130
石头: 2727
呼符: 12
体力: 28.85333333333334 / 138
友情点: 0 / 453220`
_2024-06-22 04:31:05_
--------
*549c4131ed9b6887b09692346f431f29*
`登陆天数: 30天 / 668天
等级: 130
石头: 3081
呼符: 12
体力: 28.83 / 138
友情点: 0 / 435410`
_2024-06-22 04:31:13_
--------
*92dab0d71357c2accd7df4df2c5afc76*
`登陆天数: 30天 / 667天
等级: 130
石头: 2483
呼符: 12
体力: 28.803333333333327 / 138
友情点: 0 / 476735`
_2024-06-22 04:31:21_
--------
*45829723fb09c15cd0f8bdba0bd160b4*
`登陆天数: 30天 / 668天
等级: 130
石头: 3085
呼符: 12
体力: 28.78333333333333 / 138
友情点: 0 / 448865`
_2024-06-22 04:31:29_
--------
*14b04e0b70bc45efdfda43b1875ee7ae*
`登陆天数: 30天 / 667天
等级: 130
石头: 2978
呼符: 12
体力: 28.75666666666666 / 138
友情点: 0 / 439485`
_2024-06-22 04:31:37_
--------
*170dc61853d5ca25e7fc6de7a1b79050*
`登陆天数: 30天 / 667天
等级: 130
石头: 4070
呼符: 48
体力: 28.733333333333334 / 138
友情点: 0 / 394035`
_2024-06-22 04:31:45_
--------
*577ca7b26291dca27a66cfc6c9a2bbd2*
`登陆天数: 30天 / 668天
等级: 130
石头: 3535
呼符: 12
体力: 28.706666666666663 / 138
友情点: 0 / 428735`
_2024-06-22 04:31:54_
--------
*ee11bb75d5a560017023c63c470fa4fa*
`登陆天数: 30天 / 667天
等级: 130
石头: 2845
呼符: 12
体力: 28.683333333333337 / 138
友情点: 0 / 460750`
_2024-06-22 04:32:02_
--------
*4b2af19efcc200c3e0b9e11ba18ff0ec*
`登陆天数: 30天 / 668天
等级: 130
石头: 3201
呼符: 12
体力: 28.656666666666666 / 138
友情点: 0 / 444660`
_2024-06-22 04:32:10_
--------
*9486be7f222a8e7f7897143cd18a89c5*
`登陆天数: 30天 / 668天
等级: 130
石头: 3145
呼符: 12
体力: 28.629999999999995 / 138
友情点: 0 / 445870`
_2024-06-22 04:32:19_
--------
*1140e900c715db176b8d4e2926bb2744*
`登陆天数: 30天 / 668天
等级: 130
石头: 2180
呼符: 12
体力: 28.60333333333334 / 138
友情点: 0 / 478765`
_2024-06-22 04:32:27_
--------
*5a22fcfb636a0bcd7c0ebcba2924d0df*
`登陆天数: 30天 / 667天
等级: 130
石头: 2423
呼符: 12
体力: 28.58 / 138
友情点: 0 / 462205`
_2024-06-22 04:32:35_
--------
*0e574eb0e1968979a9615c8d231e3402*
`登陆天数: 30天 / 667天
等级: 130
石头: 3500
呼符: 12
体力: 28.556666666666672 / 138
友情点: 0 / 430370`
_2024-06-22 04:32:43_
--------
*685da6b7e35bd4b378b7e2c0591b7523*
`登陆天数: 30天 / 667天
等级: 130
石头: 1821
呼符: 12
体力: 28.53333333333333 / 138
友情点: 0 / 478290`
_2024-06-22 04:32:51_
--------
*0943a64ed145870889cd435ff3f5e23e*
`登陆天数: 30天 / 667天
等级: 130
石头: 3443
呼符: 12
体力: 28.50666666666666 / 138
友情点: 0 / 428135`
_2024-06-22 04:33:00_
--------
*d43302532bbb3d1a92299fffe81a41f9*
`登陆天数: 30天 / 667天
等级: 130
石头: 2538
呼符: 12
体力: 28.486666666666665 / 138
友情点: 0 / 475840`
_2024-06-22 04:33:08_
--------
*0aa1101fd0fe79e9c31a3e5aa522d3fa*
`登陆天数: 30天 / 667天
等级: 130
石头: 1851
呼符: 12
体力: 28.459999999999994 / 138
友情点: 0 / 478875`
_2024-06-22 04:33:16_
--------
*b963d1cd9f26b844a734289458efbfb0*
`登陆天数: 30天 / 668天
等级: 130
石头: 1911
呼符: 12
体力: 28.433333333333337 / 138
友情点: 0 / 479555`
_2024-06-22 04:33:24_
--------
*1e6f7b34a5e5657f1ec521d21134e853*
`登陆天数: 30天 / 667天
等级: 130
石头: 4005
呼符: 12
体力: 28.406666666666666 / 138
友情点: 0 / 395930`
_2024-06-22 04:33:32_
--------
*ced0a199164765b8dc8d97ea48e7ea34*
`登陆天数: 30天 / 667天
等级: 130
石头: 3232
呼符: 12
体力: 28.379999999999995 / 138
友情点: 0 / 438085`
_2024-06-22 04:33:40_
--------
*d8720bc8a8c1f42eaecba760f6ca3877*
`登陆天数: 30天 / 668天
等级: 130
石头: 2206
呼符: 12
体力: 28.35666666666667 / 138
友情点: 0 / 478560`
_2024-06-22 04:33:48_
--------
*4f6c37efa955f1914d9e0045e829cc2a*
`登陆天数: 30天 / 667天
等级: 130
石头: 3924
呼符: 12
体力: 28.33333333333333 / 138
友情点: 0 / 393495`
_2024-06-22 04:33:56_
--------
*917f1c1e05eace569cd1d11e80a6113e*
`登陆天数: 30天 / 667天
等级: 130
石头: 3651
呼符: 12
体力: 28.303333333333327 / 138
友情点: 0 / 422265`
_2024-06-22 04:34:04_
--------
*9c30747c515749cc6f26d91f3ab2ec5e*
`登陆天数: 30天 / 668天
等级: 130
石头: 3292
呼符: 12
体力: 28.28 / 138
友情点: 0 / 434685`
_2024-06-22 04:34:12_
--------
*a0ea2b09eb479411ab01b5f4cae6212d*
`登陆天数: 30天 / 668天
等级: 130
石头: 4070
呼符: 108
体力: 28.25333333333333 / 138
友情点: 0 / 394870`
_2024-06-22 04:34:20_
--------
*5a94f45c30098b620bf903e9cb61cc50*
`登陆天数: 30天 / 667天
等级: 130
石头: 3470
呼符: 12
体力: 28.226666666666674 / 138
友情点: 0 / 421955`
_2024-06-22 04:34:28_
--------
*00ebe5c2dbadb983cd76dcb724936316*
`登陆天数: 30天 / 667天
等级: 130
石头: 2569
呼符: 12
体力: 28.200000000000003 / 138
友情点: 0 / 469640`
_2024-06-22 04:34:36_
--------
*c0e6326abb3c72eb972594095da57be6*
`登陆天数: 30天 / 668天
等级: 130
石头: 3263
呼符: 12
体力: 28.173333333333332 / 138
友情点: 0 / 430660`
_2024-06-22 04:34:44_
--------
*c5c68e8e3ffbd8a70c2b6de50b07d9ba*
`登陆天数: 30天 / 667天
等级: 130
石头: 2599
呼符: 12
体力: 28.153333333333336 / 138
友情点: 0 / 464545`
_2024-06-22 04:34:52_
--------
*99ca4e42e188c27ae9688ac0548c5f1b*
`登陆天数: 30天 / 667天
等级: 130
石头: 1490
呼符: 12
体力: 28.126666666666665 / 138
友情点: 0 / 478455`
_2024-06-22 04:35:00_
--------
*e7d128cc392dee579676b48fe9dad40e*
`登陆天数: 30天 / 667天
等级: 130
石头: 3706
呼符: 12
体力: 28.099999999999994 / 138
友情点: 0 / 417180`
_2024-06-22 04:35:09_
--------
