【登录信息】
*969cf69cd4e66f81f48959aecbf84d81*
`登陆天数: 27天 / 667天
等级: 130
石头: 1647
呼符: 0
体力: 20788.15 / 138
友情点: 0 / 465990`
*連続ログイン6日目
※ログインが途切れるか、7日到達すると
1日目から再開されます*
`聖晶石 X 2
6月交換券(2024) X 1
`*幕間の物語キャンペーン 第20弾 特別ログインボーナス*
*開催期間中、1日1回 最大5回 特別ログインボーナスをプレゼント！*
`叡智の業火 X 3
`_2024-06-23 04:29:24_
--------
*6c3d9a45400f787972c7ae810f8279d0*
`登陆天数: 31天 / 668天
等级: 130
石头: 3170
呼符: 12
体力: 30.17 / 138
友情点: 0 / 451275`
_2024-06-23 04:29:32_
--------
*3d5d0768d7dbf6bf653494d8bca9fbf4*
`登陆天数: 31天 / 669天
等级: 130
石头: 2981
呼符: 12
体力: 30.13666666666667 / 138
友情点: 0 / 452075`
_2024-06-23 04:29:39_
--------
*8d1f10e6e5d4a236163c7c71d339491f*
`登陆天数: 31天 / 668天
等级: 130
石头: 3772
呼符: 12
体力: 30.11 / 138
友情点: 0 / 404710`
_2024-06-23 04:29:47_
--------
*c620282dee3c7cab338eea7962567261*
`登陆天数: 31天 / 669天
等级: 130
石头: 2782
呼符: 12
体力: 30.076666666666668 / 138
友情点: 0 / 468260`
_2024-06-23 04:29:55_
--------
*620a255adf6869aa9de55658eb8c3db2*
`登陆天数: 31天 / 668天
等级: 130
石头: 4061
呼符: 54
体力: 30.043333333333337 / 138
友情点: 0 / 388360`
_2024-06-23 04:30:03_
--------
*53629dc51659611bbfa4b74c104d7fe5*
`登陆天数: 31天 / 668天
等级: 130
石头: 2147
呼符: 12
体力: 30.010000000000005 / 138
友情点: 0 / 478570`
_2024-06-23 04:30:10_
--------
*c3df721a6d1528228addb90f060757b3*
`登陆天数: 31天 / 668天
等级: 130
石头: 3656
呼符: 12
体力: 29.980000000000004 / 138
友情点: 0 / 416725`
_2024-06-23 04:30:18_
--------
*b45f3980c714335bbd897446c542eb12*
`登陆天数: 31天 / 669天
等级: 130
石头: 4070
呼符: 97
体力: 29.950000000000003 / 138
友情点: 0 / 387250`
_2024-06-23 04:30:26_
--------
*efad731e6c1ec6b1c5d9e7e476f12c02*
`登陆天数: 31天 / 669天
等级: 130
石头: 3466
呼符: 12
体力: 29.91666666666667 / 138
友情点: 0 / 428430`
_2024-06-23 04:30:34_
--------
*e5782049953055ff7609e58cc64d3073*
`登陆天数: 31天 / 668天
等级: 130
石头: 3746
呼符: 12
体力: 29.89 / 138
友情点: 0 / 408445`
_2024-06-23 04:30:42_
--------
*2c1746fcc7172af6267c3d19844cacf4*
`登陆天数: 31天 / 669天
等级: 130
石头: 3231
呼符: 12
体力: 29.86 / 138
友情点: 0 / 439565`
_2024-06-23 04:30:50_
--------
*2c134e2f63405c72dbec9ac9fc2b953d*
`登陆天数: 31天 / 669天
等级: 130
石头: 2452
呼符: 12
体力: 29.83 / 138
友情点: 0 / 479280`
_2024-06-23 04:30:58_
--------
*5a51d1cb09032cd6a6a62adf40cc36b9*
`登陆天数: 31天 / 669天
等级: 130
石头: 3496
呼符: 12
体力: 29.799999999999997 / 138
友情点: 0 / 416500`
_2024-06-23 04:31:06_
--------
*df2765fc1f5c175dcb16251a8ac24728*
`登陆天数: 31天 / 669天
等级: 130
石头: 3265
呼符: 12
体力: 29.773333333333326 / 138
友情点: 0 / 423380`
_2024-06-23 04:31:14_
--------
*e1cd955137fc86d84fa589b926d6cd7f*
`登陆天数: 31天 / 669天
等级: 130
石头: 3206
呼符: 12
体力: 29.74666666666667 / 138
友情点: 0 / 428630`
_2024-06-23 04:31:21_
--------
*ec3ef68c2ff1e715acbe1efdb3b96125*
`登陆天数: 31天 / 669天
等级: 130
石头: 3479
呼符: 12
体力: 29.71666666666667 / 138
友情点: 0 / 427930`
_2024-06-23 04:31:29_
--------
*0b57d94ce9304ffcce81f30c6fb0ad6c*
`登陆天数: 31天 / 668天
等级: 130
石头: 3471
呼符: 12
体力: 29.689999999999998 / 138
友情点: 0 / 424750`
_2024-06-23 04:31:37_
--------
*9adb87b27b1813dff94df092d8bba48a*
`登陆天数: 31天 / 668天
等级: 130
石头: 3371
呼符: 12
体力: 29.659999999999997 / 138
友情点: 0 / 412665`
_2024-06-23 04:31:45_
--------
*b3472b65e8679304c686a1b1e21e9d7b*
`登陆天数: 31天 / 669天
等级: 130
石头: 2728
呼符: 12
体力: 29.63333333333334 / 138
友情点: 0 / 453220`
_2024-06-23 04:31:52_
--------
*549c4131ed9b6887b09692346f431f29*
`登陆天数: 31天 / 669天
等级: 130
石头: 3082
呼符: 12
体力: 29.60333333333334 / 138
友情点: 0 / 435410`
_2024-06-23 04:32:00_
--------
*92dab0d71357c2accd7df4df2c5afc76*
`登陆天数: 31天 / 668天
等级: 130
石头: 2484
呼符: 12
体力: 29.573333333333338 / 138
友情点: 0 / 476735`
_2024-06-23 04:32:08_
--------
*45829723fb09c15cd0f8bdba0bd160b4*
`登陆天数: 31天 / 669天
等级: 130
石头: 3086
呼符: 12
体力: 29.543333333333337 / 138
友情点: 0 / 448865`
_2024-06-23 04:32:16_
--------
*14b04e0b70bc45efdfda43b1875ee7ae*
`登陆天数: 31天 / 668天
等级: 130
石头: 2979
呼符: 12
体力: 29.519999999999996 / 138
友情点: 0 / 439485`
_2024-06-23 04:32:24_
--------
*170dc61853d5ca25e7fc6de7a1b79050*
`登陆天数: 31天 / 668天
等级: 130
石头: 4071
呼符: 48
体力: 29.49333333333334 / 138
友情点: 0 / 394035`
_2024-06-23 04:32:32_
--------
*577ca7b26291dca27a66cfc6c9a2bbd2*
`登陆天数: 31天 / 669天
等级: 130
石头: 3536
呼符: 12
体力: 29.46666666666667 / 138
友情点: 0 / 428735`
_2024-06-23 04:32:40_
--------
*ee11bb75d5a560017023c63c470fa4fa*
`登陆天数: 31天 / 668天
等级: 130
石头: 2846
呼符: 12
体力: 29.433333333333337 / 138
友情点: 0 / 460750`
_2024-06-23 04:32:48_
--------
*4b2af19efcc200c3e0b9e11ba18ff0ec*
`登陆天数: 31天 / 669天
等级: 130
石头: 3202
呼符: 12
体力: 29.406666666666666 / 138
友情点: 0 / 444660`
_2024-06-23 04:32:56_
--------
*9486be7f222a8e7f7897143cd18a89c5*
`登陆天数: 31天 / 669天
等级: 130
石头: 3146
呼符: 12
体力: 29.379999999999995 / 138
友情点: 0 / 445870`
_2024-06-23 04:33:03_
--------
*1140e900c715db176b8d4e2926bb2744*
`登陆天数: 31天 / 669天
等级: 130
石头: 2181
呼符: 12
体力: 29.349999999999994 / 138
友情点: 0 / 478765`
_2024-06-23 04:33:11_
--------
*5a22fcfb636a0bcd7c0ebcba2924d0df*
`登陆天数: 31天 / 668天
等级: 130
石头: 2424
呼符: 12
体力: 29.323333333333338 / 138
友情点: 0 / 462205`
_2024-06-23 04:33:19_
--------
*0e574eb0e1968979a9615c8d231e3402*
`登陆天数: 31天 / 668天
等级: 130
石头: 3501
呼符: 12
体力: 29.296666666666667 / 138
友情点: 0 / 430370`
_2024-06-23 04:33:26_
--------
*685da6b7e35bd4b378b7e2c0591b7523*
`登陆天数: 31天 / 668天
等级: 130
石头: 1822
呼符: 12
体力: 29.266666666666666 / 138
友情点: 0 / 478290`
_2024-06-23 04:33:34_
--------
*0943a64ed145870889cd435ff3f5e23e*
`登陆天数: 31天 / 668天
等级: 130
石头: 3444
呼符: 12
体力: 29.236666666666665 / 138
友情点: 0 / 428135`
_2024-06-23 04:33:42_
--------
*d43302532bbb3d1a92299fffe81a41f9*
`登陆天数: 31天 / 668天
等级: 130
石头: 2539
呼符: 12
体力: 29.209999999999994 / 138
友情点: 0 / 475840`
_2024-06-23 04:33:50_
--------
*0aa1101fd0fe79e9c31a3e5aa522d3fa*
`登陆天数: 31天 / 668天
等级: 130
石头: 1852
呼符: 12
体力: 29.183333333333337 / 138
友情点: 0 / 478875`
_2024-06-23 04:33:57_
--------
*b963d1cd9f26b844a734289458efbfb0*
`登陆天数: 31天 / 669天
等级: 130
石头: 1912
呼符: 12
体力: 29.153333333333336 / 138
友情点: 0 / 479555`
_2024-06-23 04:34:05_
--------
*1e6f7b34a5e5657f1ec521d21134e853*
`登陆天数: 31天 / 668天
等级: 130
石头: 4006
呼符: 12
体力: 29.123333333333335 / 138
友情点: 0 / 395930`
_2024-06-23 04:34:13_
--------
*ced0a199164765b8dc8d97ea48e7ea34*
`登陆天数: 31天 / 668天
等级: 130
石头: 3233
呼符: 12
体力: 29.096666666666664 / 138
友情点: 0 / 438085`
_2024-06-23 04:34:20_
--------
*d8720bc8a8c1f42eaecba760f6ca3877*
`登陆天数: 31天 / 669天
等级: 130
石头: 2207
呼符: 12
体力: 29.066666666666663 / 138
友情点: 0 / 478560`
_2024-06-23 04:34:28_
--------
*4f6c37efa955f1914d9e0045e829cc2a*
`登陆天数: 31天 / 668天
等级: 130
石头: 3925
呼符: 12
体力: 29.03666666666666 / 138
友情点: 0 / 387495`
_2024-06-23 04:34:36_
--------
*917f1c1e05eace569cd1d11e80a6113e*
`登陆天数: 31天 / 668天
等级: 130
石头: 3652
呼符: 12
体力: 29.00333333333333 / 138
友情点: 0 / 422265`
_2024-06-23 04:34:44_
--------
*9c30747c515749cc6f26d91f3ab2ec5e*
`登陆天数: 31天 / 669天
等级: 130
石头: 3293
呼符: 12
体力: 28.976666666666674 / 138
友情点: 0 / 434685`
_2024-06-23 04:34:51_
--------
*a0ea2b09eb479411ab01b5f4cae6212d*
`登陆天数: 31天 / 669天
等级: 130
石头: 4071
呼符: 108
体力: 28.950000000000003 / 138
友情点: 0 / 388870`
_2024-06-23 04:34:59_
--------
*5a94f45c30098b620bf903e9cb61cc50*
`登陆天数: 31天 / 668天
等级: 130
石头: 3471
呼符: 12
体力: 28.923333333333332 / 138
友情点: 0 / 421955`
_2024-06-23 04:35:07_
--------
*00ebe5c2dbadb983cd76dcb724936316*
`登陆天数: 31天 / 668天
等级: 130
石头: 2570
呼符: 12
体力: 28.89 / 138
友情点: 0 / 469640`
_2024-06-23 04:35:15_
--------
*c0e6326abb3c72eb972594095da57be6*
`登陆天数: 31天 / 669天
等级: 130
石头: 3264
呼符: 12
体力: 28.86333333333333 / 138
友情点: 0 / 430660`
_2024-06-23 04:35:23_
--------
*c5c68e8e3ffbd8a70c2b6de50b07d9ba*
`登陆天数: 31天 / 668天
等级: 130
石头: 2600
呼符: 12
体力: 28.836666666666673 / 138
友情点: 0 / 464545`
_2024-06-23 04:35:30_
--------
*99ca4e42e188c27ae9688ac0548c5f1b*
`登陆天数: 31天 / 668天
等级: 130
石头: 1491
呼符: 12
体力: 28.806666666666672 / 138
友情点: 0 / 478455`
_2024-06-23 04:35:38_
--------
*e7d128cc392dee579676b48fe9dad40e*
`登陆天数: 31天 / 668天
等级: 130
石头: 3707
呼符: 12
体力: 28.77666666666667 / 138
友情点: 0 / 417180`
_2024-06-23 04:35:46_
--------
