【登录信息】
*969cf69cd4e66f81f48959aecbf84d81*
`登陆天数: 29天 / 669天
等级: 130
石头: 1647
呼符: 0
体力: 21364.38 / 138
友情点: 0 / 465990`
*連続ログイン1日目
※ログインが途切れるか、7日到達すると
1日目から再開されます*
`フレンドポイント X 2000
6月交換券(2024) X 1
`*幕間の物語キャンペーン 第20弾 特別ログインボーナス*
*開催期間中、1日1回 最大5回 特別ログインボーナスをプレゼント！*
`呼符 X 1
`_2024-06-25 04:30:33_
--------
*6c3d9a45400f787972c7ae810f8279d0*
`登陆天数: 33天 / 670天
等级: 130
石头: 3171
呼符: 13
体力: 30.076666666666668 / 138
友情点: 0 / 451275`
_2024-06-25 04:30:41_
--------
*3d5d0768d7dbf6bf653494d8bca9fbf4*
`登陆天数: 33天 / 671天
等级: 130
石头: 2982
呼符: 13
体力: 30.049999999999997 / 138
友情点: 0 / 452075`
_2024-06-25 04:30:49_
--------
*8d1f10e6e5d4a236163c7c71d339491f*
`登陆天数: 33天 / 670天
等级: 130
石头: 3773
呼符: 13
体力: 30.02666666666667 / 138
友情点: 0 / 404710`
_2024-06-25 04:30:56_
--------
*c620282dee3c7cab338eea7962567261*
`登陆天数: 33天 / 671天
等级: 130
石头: 2783
呼符: 13
体力: 30.0 / 138
友情点: 0 / 468260`
_2024-06-25 04:31:04_
--------
*620a255adf6869aa9de55658eb8c3db2*
`登陆天数: 33天 / 670天
等级: 130
石头: 4062
呼符: 55
体力: 29.97333333333333 / 138
友情点: 0 / 388360`
_2024-06-25 04:31:12_
--------
*53629dc51659611bbfa4b74c104d7fe5*
`登陆天数: 33天 / 670天
等级: 130
石头: 2148
呼符: 13
体力: 29.950000000000003 / 138
友情点: 0 / 478570`
_2024-06-25 04:31:20_
--------
*c3df721a6d1528228addb90f060757b3*
`登陆天数: 33天 / 670天
等级: 130
石头: 3657
呼符: 13
体力: 29.923333333333332 / 138
友情点: 0 / 416725`
_2024-06-25 04:31:28_
--------
*b45f3980c714335bbd897446c542eb12*
`登陆天数: 33天 / 671天
等级: 130
石头: 4071
呼符: 98
体力: 29.89666666666666 / 138
友情点: 0 / 381250`
_2024-06-25 04:31:37_
--------
*efad731e6c1ec6b1c5d9e7e476f12c02*
`登陆天数: 33天 / 671天
等级: 130
石头: 3467
呼符: 13
体力: 29.873333333333335 / 138
友情点: 0 / 428430`
_2024-06-25 04:31:45_
--------
*e5782049953055ff7609e58cc64d3073*
`登陆天数: 33天 / 670天
等级: 130
石头: 3747
呼符: 13
体力: 29.846666666666664 / 138
友情点: 0 / 408445`
_2024-06-25 04:31:53_
--------
*2c1746fcc7172af6267c3d19844cacf4*
`登陆天数: 33天 / 671天
等级: 130
石头: 3232
呼符: 13
体力: 29.819999999999993 / 138
友情点: 0 / 439565`
_2024-06-25 04:32:00_
--------
*2c134e2f63405c72dbec9ac9fc2b953d*
`登陆天数: 33天 / 671天
等级: 130
石头: 2453
呼符: 13
体力: 29.796666666666667 / 138
友情点: 0 / 479280`
_2024-06-25 04:32:08_
--------
*5a51d1cb09032cd6a6a62adf40cc36b9*
`登陆天数: 33天 / 671天
等级: 130
石头: 3497
呼符: 13
体力: 29.769999999999996 / 138
友情点: 0 / 416500`
_2024-06-25 04:32:17_
--------
*df2765fc1f5c175dcb16251a8ac24728*
`登陆天数: 33天 / 671天
等级: 130
石头: 3266
呼符: 13
体力: 29.74666666666667 / 138
友情点: 0 / 423380`
_2024-06-25 04:32:25_
--------
*e1cd955137fc86d84fa589b926d6cd7f*
`登陆天数: 33天 / 671天
等级: 130
石头: 3207
呼符: 13
体力: 29.72 / 138
友情点: 0 / 428630`
_2024-06-25 04:32:32_
--------
*ec3ef68c2ff1e715acbe1efdb3b96125*
`登陆天数: 33天 / 671天
等级: 130
石头: 3480
呼符: 13
体力: 29.696666666666673 / 138
友情点: 0 / 427930`
_2024-06-25 04:32:40_
--------
*0b57d94ce9304ffcce81f30c6fb0ad6c*
`登陆天数: 33天 / 670天
等级: 130
石头: 3472
呼符: 13
体力: 29.67 / 138
友情点: 0 / 424750`
_2024-06-25 04:32:48_
--------
*9adb87b27b1813dff94df092d8bba48a*
`登陆天数: 33天 / 670天
等级: 130
石头: 3372
呼符: 13
体力: 29.64333333333333 / 138
友情点: 0 / 412665`
_2024-06-25 04:32:57_
--------
*b3472b65e8679304c686a1b1e21e9d7b*
`登陆天数: 33天 / 671天
等级: 130
石头: 2729
呼符: 13
体力: 29.620000000000005 / 138
友情点: 0 / 453220`
_2024-06-25 04:33:05_
--------
*549c4131ed9b6887b09692346f431f29*
`登陆天数: 33天 / 671天
等级: 130
石头: 3083
呼符: 13
体力: 29.593333333333334 / 138
友情点: 0 / 435410`
_2024-06-25 04:33:13_
--------
*92dab0d71357c2accd7df4df2c5afc76*
`登陆天数: 33天 / 670天
等级: 130
石头: 2485
呼符: 13
体力: 29.566666666666663 / 138
友情点: 0 / 476735`
_2024-06-25 04:33:21_
--------
*45829723fb09c15cd0f8bdba0bd160b4*
`登陆天数: 33天 / 671天
等级: 130
石头: 3087
呼符: 13
体力: 29.540000000000006 / 138
友情点: 0 / 448865`
_2024-06-25 04:33:28_
--------
*14b04e0b70bc45efdfda43b1875ee7ae*
`登陆天数: 33天 / 670天
等级: 130
石头: 2980
呼符: 13
体力: 29.516666666666666 / 138
友情点: 0 / 439485`
_2024-06-25 04:33:37_
--------
*170dc61853d5ca25e7fc6de7a1b79050*
`登陆天数: 33天 / 670天
等级: 130
石头: 4072
呼符: 49
体力: 29.489999999999995 / 138
友情点: 0 / 394035`
_2024-06-25 04:33:45_
--------
*577ca7b26291dca27a66cfc6c9a2bbd2*
`登陆天数: 33天 / 671天
等级: 130
石头: 3537
呼符: 13
体力: 29.46333333333334 / 138
友情点: 0 / 428735`
_2024-06-25 04:33:53_
--------
*ee11bb75d5a560017023c63c470fa4fa*
`登陆天数: 33天 / 670天
等级: 130
石头: 2847
呼符: 13
体力: 29.443333333333328 / 138
友情点: 0 / 460750`
_2024-06-25 04:34:01_
--------
*4b2af19efcc200c3e0b9e11ba18ff0ec*
`登陆天数: 33天 / 671天
等级: 130
石头: 3203
呼符: 13
体力: 29.41666666666667 / 138
友情点: 0 / 444660`
_2024-06-25 04:34:09_
--------
*9486be7f222a8e7f7897143cd18a89c5*
`登陆天数: 33天 / 671天
等级: 130
石头: 3147
呼符: 13
体力: 29.39333333333333 / 138
友情点: 0 / 445870`
_2024-06-25 04:34:17_
--------
*1140e900c715db176b8d4e2926bb2744*
`登陆天数: 33天 / 671天
等级: 130
石头: 2182
呼符: 13
体力: 29.36333333333333 / 138
友情点: 0 / 478765`
_2024-06-25 04:34:25_
--------
*5a22fcfb636a0bcd7c0ebcba2924d0df*
`登陆天数: 33天 / 670天
等级: 130
石头: 2425
呼符: 13
体力: 29.336666666666673 / 138
友情点: 0 / 462205`
_2024-06-25 04:34:33_
--------
*0e574eb0e1968979a9615c8d231e3402*
`登陆天数: 33天 / 670天
等级: 130
石头: 3502
呼符: 13
体力: 29.313333333333333 / 138
友情点: 0 / 430370`
_2024-06-25 04:34:41_
--------
*685da6b7e35bd4b378b7e2c0591b7523*
`登陆天数: 33天 / 670天
等级: 130
石头: 1823
呼符: 13
体力: 29.290000000000006 / 138
友情点: 0 / 478290`
_2024-06-25 04:34:49_
--------
*0943a64ed145870889cd435ff3f5e23e*
`登陆天数: 33天 / 670天
等级: 130
石头: 3445
呼符: 13
体力: 29.263333333333335 / 138
友情点: 0 / 428135`
_2024-06-25 04:34:57_
--------
*d43302532bbb3d1a92299fffe81a41f9*
`登陆天数: 33天 / 670天
等级: 130
石头: 2540
呼符: 13
体力: 29.236666666666665 / 138
友情点: 0 / 475840`
_2024-06-25 04:35:05_
--------
*0aa1101fd0fe79e9c31a3e5aa522d3fa*
`登陆天数: 33天 / 670天
等级: 130
石头: 1853
呼符: 13
体力: 29.21333333333334 / 138
友情点: 0 / 478875`
_2024-06-25 04:35:13_
--------
*b963d1cd9f26b844a734289458efbfb0*
`登陆天数: 33天 / 671天
等级: 130
石头: 1913
呼符: 13
体力: 29.186666666666667 / 138
友情点: 0 / 479555`
_2024-06-25 04:35:21_
--------
*1e6f7b34a5e5657f1ec521d21134e853*
`登陆天数: 33天 / 670天
等级: 130
石头: 4007
呼符: 13
体力: 29.163333333333327 / 138
友情点: 0 / 395930`
_2024-06-25 04:35:29_
--------
*ced0a199164765b8dc8d97ea48e7ea34*
`登陆天数: 33天 / 670天
等级: 130
石头: 3234
呼符: 13
体力: 29.14 / 138
友情点: 0 / 438085`
_2024-06-25 04:35:37_
--------
*d8720bc8a8c1f42eaecba760f6ca3877*
`登陆天数: 33天 / 671天
等级: 130
石头: 2208
呼符: 13
体力: 29.11 / 138
友情点: 0 / 478560`
_2024-06-25 04:35:45_
--------
*4f6c37efa955f1914d9e0045e829cc2a*
`登陆天数: 33天 / 670天
等级: 130
石头: 3926
呼符: 13
体力: 29.086666666666673 / 138
友情点: 0 / 385495`
_2024-06-25 04:35:53_
--------
*917f1c1e05eace569cd1d11e80a6113e*
`登陆天数: 33天 / 670天
等级: 130
石头: 3653
呼符: 13
体力: 29.063333333333333 / 138
友情点: 0 / 422265`
_2024-06-25 04:36:00_
--------
*9c30747c515749cc6f26d91f3ab2ec5e*
`登陆天数: 33天 / 671天
等级: 130
石头: 3294
呼符: 13
体力: 29.03666666666666 / 138
友情点: 0 / 434685`
_2024-06-25 04:36:08_
--------
*a0ea2b09eb479411ab01b5f4cae6212d*
`登陆天数: 33天 / 671天
等级: 130
石头: 4072
呼符: 109
体力: 29.013333333333335 / 138
友情点: 0 / 382870`
_2024-06-25 04:36:16_
--------
*5a94f45c30098b620bf903e9cb61cc50*
`登陆天数: 33天 / 670天
等级: 130
石头: 3472
呼符: 13
体力: 28.986666666666665 / 138
友情点: 0 / 421955`
_2024-06-25 04:36:24_
--------
*00ebe5c2dbadb983cd76dcb724936316*
`登陆天数: 33天 / 670天
等级: 130
石头: 2571
呼符: 13
体力: 28.96333333333334 / 138
友情点: 0 / 469640`
_2024-06-25 04:36:32_
--------
*c0e6326abb3c72eb972594095da57be6*
`登陆天数: 33天 / 671天
等级: 130
石头: 3265
呼符: 13
体力: 28.939999999999998 / 138
友情点: 0 / 430660`
_2024-06-25 04:36:40_
--------
*c5c68e8e3ffbd8a70c2b6de50b07d9ba*
`登陆天数: 33天 / 670天
等级: 130
石头: 2601
呼符: 13
体力: 28.913333333333327 / 138
友情点: 0 / 464545`
_2024-06-25 04:36:48_
--------
*99ca4e42e188c27ae9688ac0548c5f1b*
`登陆天数: 33天 / 670天
等级: 130
石头: 1492
呼符: 13
体力: 28.89 / 138
友情点: 0 / 478455`
_2024-06-25 04:36:56_
--------
*e7d128cc392dee579676b48fe9dad40e*
`登陆天数: 33天 / 670天
等级: 130
石头: 3708
呼符: 13
体力: 28.86333333333333 / 138
友情点: 0 / 417180`
_2024-06-25 04:37:04_
--------
