【登录信息】
*969cf69cd4e66f81f48959aecbf84d81*
`登陆天数: 30天 / 670天
等级: 130
石头: 1647
呼符: 0
体力: 21652.643333333333 / 138
友情点: 0 / 465990`
*連続ログイン2日目
※ログインが途切れるか、7日到達すると
1日目から再開されます*
`聖晶石 X 1
6月交換券(2024) X 1
`*「踊るドラゴン・キャッスル！ ～深海の姫君とふたつの宝玉～」
開幕直前特別ログインボーナス*
*開催期間中、1日1回 最大7回 ログインボーナスをプレゼント！*
`聖晶石 X 1
`_2024-06-26 04:31:51_
--------
*6c3d9a45400f787972c7ae810f8279d0*
`登陆天数: 34天 / 671天
等级: 130
石头: 3174
呼符: 13
体力: 30.183333333333337 / 138
友情点: 0 / 451275`
_2024-06-26 04:31:59_
--------
*3d5d0768d7dbf6bf653494d8bca9fbf4*
`登陆天数: 34天 / 672天
等级: 130
石头: 2985
呼符: 13
体力: 30.153333333333336 / 138
友情点: 0 / 452075`
_2024-06-26 04:32:07_
--------
*8d1f10e6e5d4a236163c7c71d339491f*
`登陆天数: 34天 / 671天
等级: 130
石头: 3776
呼符: 13
体力: 30.120000000000005 / 138
友情点: 0 / 404710`
_2024-06-26 04:32:15_
--------
*c620282dee3c7cab338eea7962567261*
`登陆天数: 34天 / 672天
等级: 130
石头: 2786
呼符: 13
体力: 30.093333333333334 / 138
友情点: 0 / 468260`
_2024-06-26 04:32:23_
--------
*620a255adf6869aa9de55658eb8c3db2*
`登陆天数: 34天 / 671天
等级: 130
石头: 4065
呼符: 55
体力: 30.063333333333333 / 138
友情点: 0 / 388360`
_2024-06-26 04:32:30_
--------
*53629dc51659611bbfa4b74c104d7fe5*
`登陆天数: 34天 / 671天
等级: 130
石头: 2151
呼符: 13
体力: 30.03333333333333 / 138
友情点: 0 / 478570`
_2024-06-26 04:32:38_
--------
*c3df721a6d1528228addb90f060757b3*
`登陆天数: 34天 / 671天
等级: 130
石头: 3660
呼符: 13
体力: 30.00333333333333 / 138
友情点: 0 / 416725`
_2024-06-26 04:32:46_
--------
*b45f3980c714335bbd897446c542eb12*
`登陆天数: 34天 / 672天
等级: 130
石头: 4074
呼符: 98
体力: 29.97333333333333 / 138
友情点: 0 / 381250`
_2024-06-26 04:32:54_
--------
*efad731e6c1ec6b1c5d9e7e476f12c02*
`登陆天数: 34天 / 672天
等级: 130
石头: 3470
呼符: 13
体力: 29.943333333333328 / 138
友情点: 0 / 428430`
_2024-06-26 04:33:02_
--------
*e5782049953055ff7609e58cc64d3073*
`登陆天数: 34天 / 671天
等级: 130
石头: 3750
呼符: 13
体力: 29.913333333333327 / 138
友情点: 0 / 408445`
_2024-06-26 04:33:09_
--------
*2c1746fcc7172af6267c3d19844cacf4*
`登陆天数: 34天 / 672天
等级: 130
石头: 3235
呼符: 13
体力: 29.88333333333334 / 138
友情点: 0 / 439565`
_2024-06-26 04:33:17_
--------
*2c134e2f63405c72dbec9ac9fc2b953d*
`登陆天数: 34天 / 672天
等级: 130
石头: 2456
呼符: 13
体力: 29.849999999999994 / 138
友情点: 0 / 479280`
_2024-06-26 04:33:25_
--------
*5a51d1cb09032cd6a6a62adf40cc36b9*
`登陆天数: 34天 / 672天
等级: 130
石头: 3500
呼符: 13
体力: 29.819999999999993 / 138
友情点: 0 / 416500`
_2024-06-26 04:33:33_
--------
*df2765fc1f5c175dcb16251a8ac24728*
`登陆天数: 34天 / 672天
等级: 130
石头: 3269
呼符: 13
体力: 29.790000000000006 / 138
友情点: 0 / 423380`
_2024-06-26 04:33:40_
--------
*e1cd955137fc86d84fa589b926d6cd7f*
`登陆天数: 34天 / 672天
等级: 130
石头: 3210
呼符: 13
体力: 29.763333333333335 / 138
友情点: 0 / 428630`
_2024-06-26 04:33:49_
--------
*ec3ef68c2ff1e715acbe1efdb3b96125*
`登陆天数: 34天 / 672天
等级: 130
石头: 3483
呼符: 13
体力: 29.733333333333334 / 138
友情点: 0 / 427930`
_2024-06-26 04:33:57_
--------
*0b57d94ce9304ffcce81f30c6fb0ad6c*
`登陆天数: 34天 / 671天
等级: 130
石头: 3475
呼符: 13
体力: 29.706666666666663 / 138
友情点: 0 / 424750`
_2024-06-26 04:34:05_
--------
*9adb87b27b1813dff94df092d8bba48a*
`登陆天数: 34天 / 671天
等级: 130
石头: 3375
呼符: 13
体力: 29.673333333333332 / 138
友情点: 0 / 412665`
_2024-06-26 04:34:12_
--------
*b3472b65e8679304c686a1b1e21e9d7b*
`登陆天数: 34天 / 672天
等级: 130
石头: 2732
呼符: 13
体力: 29.64666666666666 / 138
友情点: 0 / 453220`
_2024-06-26 04:34:20_
--------
*549c4131ed9b6887b09692346f431f29*
`登陆天数: 34天 / 672天
等级: 130
石头: 3086
呼符: 13
体力: 29.61333333333333 / 138
友情点: 0 / 435410`
_2024-06-26 04:34:28_
--------
*92dab0d71357c2accd7df4df2c5afc76*
`登陆天数: 34天 / 671天
等级: 130
石头: 2488
呼符: 13
体力: 29.58333333333333 / 138
友情点: 0 / 476735`
_2024-06-26 04:34:36_
--------
*45829723fb09c15cd0f8bdba0bd160b4*
`登陆天数: 34天 / 672天
等级: 130
石头: 3090
呼符: 13
体力: 29.556666666666672 / 138
友情点: 0 / 448865`
_2024-06-26 04:34:43_
--------
*14b04e0b70bc45efdfda43b1875ee7ae*
`登陆天数: 34天 / 671天
等级: 130
石头: 2983
呼符: 13
体力: 29.52666666666667 / 138
友情点: 0 / 439485`
_2024-06-26 04:34:51_
--------
*170dc61853d5ca25e7fc6de7a1b79050*
`登陆天数: 34天 / 671天
等级: 130
石头: 4075
呼符: 49
体力: 29.5 / 138
友情点: 0 / 394035`
_2024-06-26 04:34:59_
--------
*577ca7b26291dca27a66cfc6c9a2bbd2*
`登陆天数: 34天 / 672天
等级: 130
石头: 3540
呼符: 13
体力: 29.46666666666667 / 138
友情点: 0 / 428735`
_2024-06-26 04:35:07_
--------
*ee11bb75d5a560017023c63c470fa4fa*
`登陆天数: 34天 / 671天
等级: 130
石头: 2850
呼符: 13
体力: 29.439999999999998 / 138
友情点: 0 / 460750`
_2024-06-26 04:35:14_
--------
*4b2af19efcc200c3e0b9e11ba18ff0ec*
`登陆天数: 34天 / 672天
等级: 130
石头: 3206
呼符: 13
体力: 29.413333333333327 / 138
友情点: 0 / 444660`
_2024-06-26 04:35:22_
--------
*9486be7f222a8e7f7897143cd18a89c5*
`登陆天数: 34天 / 672天
等级: 130
石头: 3150
呼符: 13
体力: 29.38333333333334 / 138
友情点: 0 / 445870`
_2024-06-26 04:35:30_
--------
*1140e900c715db176b8d4e2926bb2744*
`登陆天数: 34天 / 672天
等级: 130
石头: 2185
呼符: 13
体力: 29.349999999999994 / 138
友情点: 0 / 478765`
_2024-06-26 04:35:38_
--------
*5a22fcfb636a0bcd7c0ebcba2924d0df*
`登陆天数: 34天 / 671天
等级: 130
石头: 2428
呼符: 13
体力: 29.323333333333338 / 138
友情点: 0 / 462205`
_2024-06-26 04:35:46_
--------
*0e574eb0e1968979a9615c8d231e3402*
`登陆天数: 34天 / 671天
等级: 130
石头: 3505
呼符: 13
体力: 29.293333333333337 / 138
友情点: 0 / 430370`
_2024-06-26 04:35:53_
--------
*685da6b7e35bd4b378b7e2c0591b7523*
`登陆天数: 34天 / 671天
等级: 130
石头: 1826
呼符: 13
体力: 29.263333333333335 / 138
友情点: 0 / 478290`
_2024-06-26 04:36:01_
--------
*0943a64ed145870889cd435ff3f5e23e*
`登陆天数: 34天 / 671天
等级: 130
石头: 3448
呼符: 13
体力: 29.230000000000004 / 138
友情点: 0 / 428135`
_2024-06-26 04:36:09_
--------
*d43302532bbb3d1a92299fffe81a41f9*
`登陆天数: 34天 / 671天
等级: 130
石头: 2543
呼符: 13
体力: 29.203333333333333 / 138
友情点: 0 / 475840`
_2024-06-26 04:36:17_
--------
*0aa1101fd0fe79e9c31a3e5aa522d3fa*
`登陆天数: 34天 / 671天
等级: 130
石头: 1856
呼符: 13
体力: 29.176666666666662 / 138
友情点: 0 / 478875`
_2024-06-26 04:36:24_
--------
*b963d1cd9f26b844a734289458efbfb0*
`登陆天数: 34天 / 672天
等级: 130
石头: 1916
呼符: 13
体力: 29.14666666666666 / 138
友情点: 0 / 479555`
_2024-06-26 04:36:32_
--------
*1e6f7b34a5e5657f1ec521d21134e853*
`登陆天数: 34天 / 671天
等级: 130
石头: 4010
呼符: 13
体力: 29.11666666666666 / 138
友情点: 0 / 395930`
_2024-06-26 04:36:40_
--------
*ced0a199164765b8dc8d97ea48e7ea34*
`登陆天数: 34天 / 671天
等级: 130
石头: 3237
呼符: 13
体力: 29.086666666666673 / 138
友情点: 0 / 438085`
_2024-06-26 04:36:48_
--------
*d8720bc8a8c1f42eaecba760f6ca3877*
`登陆天数: 34天 / 672天
等级: 130
石头: 2211
呼符: 13
体力: 29.053333333333327 / 138
友情点: 0 / 478560`
_2024-06-26 04:36:56_
--------
*4f6c37efa955f1914d9e0045e829cc2a*
`登陆天数: 34天 / 671天
等级: 130
石头: 3929
呼符: 13
体力: 29.02666666666667 / 138
友情点: 0 / 385495`
_2024-06-26 04:37:04_
--------
*917f1c1e05eace569cd1d11e80a6113e*
`登陆天数: 34天 / 671天
等级: 130
石头: 3656
呼符: 13
体力: 29.0 / 138
友情点: 0 / 422265`
_2024-06-26 04:37:12_
--------
*9c30747c515749cc6f26d91f3ab2ec5e*
`登陆天数: 34天 / 672天
等级: 130
石头: 3297
呼符: 13
体力: 28.97333333333333 / 138
友情点: 0 / 434685`
_2024-06-26 04:37:19_
--------
*a0ea2b09eb479411ab01b5f4cae6212d*
`登陆天数: 34天 / 672天
等级: 130
石头: 4075
呼符: 109
体力: 28.946666666666673 / 138
友情点: 0 / 382870`
_2024-06-26 04:37:27_
--------
*5a94f45c30098b620bf903e9cb61cc50*
`登陆天数: 34天 / 671天
等级: 130
石头: 3475
呼符: 13
体力: 28.92 / 138
友情点: 0 / 421955`
_2024-06-26 04:37:35_
--------
*00ebe5c2dbadb983cd76dcb724936316*
`登陆天数: 34天 / 671天
等级: 130
石头: 2574
呼符: 13
体力: 28.89 / 138
友情点: 0 / 469640`
_2024-06-26 04:37:43_
--------
*c0e6326abb3c72eb972594095da57be6*
`登陆天数: 34天 / 672天
等级: 130
石头: 3268
呼符: 13
体力: 28.86 / 138
友情点: 0 / 430660`
_2024-06-26 04:37:51_
--------
*c5c68e8e3ffbd8a70c2b6de50b07d9ba*
`登陆天数: 34天 / 671天
等级: 130
石头: 2604
呼符: 13
体力: 28.83333333333333 / 138
友情点: 0 / 464545`
_2024-06-26 04:37:59_
--------
*99ca4e42e188c27ae9688ac0548c5f1b*
`登陆天数: 34天 / 671天
等级: 130
石头: 1495
呼符: 13
体力: 28.806666666666672 / 138
友情点: 0 / 478455`
_2024-06-26 04:38:07_
--------
*e7d128cc392dee579676b48fe9dad40e*
`登陆天数: 34天 / 671天
等级: 130
石头: 3711
呼符: 13
体力: 28.77666666666667 / 138
友情点: 0 / 417180`
_2024-06-26 04:38:15_
--------
