【登录信息】
*969cf69cd4e66f81f48959aecbf84d81*
`登陆天数: 31天 / 671天
等级: 130
石头: 1647
呼符: 0
体力: 21941.216666666667 / 138
友情点: 0 / 465990`
*連続ログイン3日目
※ログインが途切れるか、7日到達すると
1日目から再開されます*
`叡智の業火 X 1
6月交換券(2024) X 1
`*螺旋証明世界 リリムハーロット ～喝采なき薔薇～ アンケート復刻版
開幕記念 ログインボーナス*
*開催期間中、1日1回 最大21回 ログインボーナスをプレゼント！*
`白銀の果実 X 1
`_2024-06-27 04:34:43_
--------
*6c3d9a45400f787972c7ae810f8279d0*
`登陆天数: 35天 / 672天
等级: 130
石头: 3174
呼符: 14
体力: 30.97333333333333 / 138
友情点: 0 / 451275`
_2024-06-27 04:34:51_
--------
*3d5d0768d7dbf6bf653494d8bca9fbf4*
`登陆天数: 35天 / 673天
等级: 130
石头: 2985
呼符: 14
体力: 30.950000000000003 / 138
友情点: 0 / 452075`
_2024-06-27 04:34:59_
--------
*8d1f10e6e5d4a236163c7c71d339491f*
`登陆天数: 35天 / 672天
等级: 130
石头: 3776
呼符: 14
体力: 30.923333333333332 / 138
友情点: 0 / 404710`
_2024-06-27 04:35:07_
--------
*c620282dee3c7cab338eea7962567261*
`登陆天数: 35天 / 673天
等级: 130
石头: 2786
呼符: 14
体力: 30.900000000000006 / 138
友情点: 0 / 468260`
_2024-06-27 04:35:15_
--------
*620a255adf6869aa9de55658eb8c3db2*
`登陆天数: 35天 / 672天
等级: 130
石头: 4065
呼符: 56
体力: 30.873333333333335 / 138
友情点: 0 / 388360`
_2024-06-27 04:35:23_
--------
*53629dc51659611bbfa4b74c104d7fe5*
`登陆天数: 35天 / 672天
等级: 130
石头: 2151
呼符: 14
体力: 30.849999999999994 / 138
友情点: 0 / 478570`
_2024-06-27 04:35:31_
--------
*c3df721a6d1528228addb90f060757b3*
`登陆天数: 35天 / 672天
等级: 130
石头: 3660
呼符: 14
体力: 30.826666666666668 / 138
友情点: 0 / 416725`
_2024-06-27 04:35:39_
--------
*b45f3980c714335bbd897446c542eb12*
`登陆天数: 35天 / 673天
等级: 130
石头: 4074
呼符: 99
体力: 30.803333333333327 / 138
友情点: 0 / 381250`
_2024-06-27 04:35:48_
--------
*efad731e6c1ec6b1c5d9e7e476f12c02*
`登陆天数: 35天 / 673天
等级: 130
石头: 3470
呼符: 14
体力: 30.77666666666667 / 138
友情点: 0 / 428430`
_2024-06-27 04:35:56_
--------
*e5782049953055ff7609e58cc64d3073*
`登陆天数: 35天 / 672天
等级: 130
石头: 3750
呼符: 14
体力: 30.75333333333333 / 138
友情点: 0 / 408445`
_2024-06-27 04:36:03_
--------
*2c1746fcc7172af6267c3d19844cacf4*
`登陆天数: 35天 / 673天
等级: 130
石头: 3235
呼符: 14
体力: 30.730000000000004 / 138
友情点: 0 / 439565`
_2024-06-27 04:36:11_
--------
*2c134e2f63405c72dbec9ac9fc2b953d*
`登陆天数: 35天 / 673天
等级: 130
石头: 2456
呼符: 14
体力: 30.706666666666663 / 138
友情点: 0 / 479280`
_2024-06-27 04:36:19_
--------
*5a51d1cb09032cd6a6a62adf40cc36b9*
`登陆天数: 35天 / 673天
等级: 130
石头: 3500
呼符: 14
体力: 30.683333333333337 / 138
友情点: 0 / 416500`
_2024-06-27 04:36:27_
--------
*df2765fc1f5c175dcb16251a8ac24728*
`登陆天数: 35天 / 673天
等级: 130
石头: 3269
呼符: 14
体力: 30.659999999999997 / 138
友情点: 0 / 423380`
_2024-06-27 04:36:35_
--------
*e1cd955137fc86d84fa589b926d6cd7f*
`登陆天数: 35天 / 673天
等级: 130
石头: 3210
呼符: 14
体力: 30.63666666666667 / 138
友情点: 0 / 428630`
_2024-06-27 04:36:43_
--------
*ec3ef68c2ff1e715acbe1efdb3b96125*
`登陆天数: 35天 / 673天
等级: 130
石头: 3483
呼符: 14
体力: 30.61 / 138
友情点: 0 / 427930`
_2024-06-27 04:36:51_
--------
*0b57d94ce9304ffcce81f30c6fb0ad6c*
`登陆天数: 35天 / 672天
等级: 130
石头: 3475
呼符: 14
体力: 30.586666666666673 / 138
友情点: 0 / 424750`
_2024-06-27 04:36:59_
--------
*9adb87b27b1813dff94df092d8bba48a*
`登陆天数: 35天 / 672天
等级: 130
石头: 3375
呼符: 14
体力: 30.563333333333333 / 138
友情点: 0 / 412665`
_2024-06-27 04:37:07_
--------
*b3472b65e8679304c686a1b1e21e9d7b*
`登陆天数: 35天 / 673天
等级: 130
石头: 2732
呼符: 14
体力: 30.540000000000006 / 138
友情点: 0 / 453220`
_2024-06-27 04:37:16_
--------
*549c4131ed9b6887b09692346f431f29*
`登陆天数: 35天 / 673天
等级: 130
石头: 3086
呼符: 14
体力: 30.516666666666666 / 138
友情点: 0 / 435410`
_2024-06-27 04:37:23_
--------
*92dab0d71357c2accd7df4df2c5afc76*
`登陆天数: 35天 / 672天
等级: 130
石头: 2488
呼符: 14
体力: 30.49333333333334 / 138
友情点: 0 / 476735`
_2024-06-27 04:37:31_
--------
*45829723fb09c15cd0f8bdba0bd160b4*
`登陆天数: 35天 / 673天
等级: 130
石头: 3090
呼符: 14
体力: 30.46666666666667 / 138
友情点: 0 / 448865`
_2024-06-27 04:37:39_
--------
*14b04e0b70bc45efdfda43b1875ee7ae*
`登陆天数: 35天 / 672天
等级: 130
石头: 2983
呼符: 14
体力: 30.439999999999998 / 138
友情点: 0 / 439485`
_2024-06-27 04:37:48_
--------
*170dc61853d5ca25e7fc6de7a1b79050*
`登陆天数: 35天 / 672天
等级: 130
石头: 4075
呼符: 50
体力: 30.413333333333327 / 138
友情点: 0 / 394035`
_2024-06-27 04:37:56_
--------
*577ca7b26291dca27a66cfc6c9a2bbd2*
`登陆天数: 35天 / 673天
等级: 130
石头: 3540
呼符: 14
体力: 30.39 / 138
友情点: 0 / 428735`
_2024-06-27 04:38:03_
--------
*ee11bb75d5a560017023c63c470fa4fa*
`登陆天数: 35天 / 672天
等级: 130
石头: 2850
呼符: 14
体力: 30.36666666666666 / 138
友情点: 0 / 460750`
_2024-06-27 04:38:11_
--------
*4b2af19efcc200c3e0b9e11ba18ff0ec*
`登陆天数: 35天 / 673天
等级: 130
石头: 3206
呼符: 14
体力: 30.343333333333334 / 138
友情点: 0 / 444660`
_2024-06-27 04:38:19_
--------
*9486be7f222a8e7f7897143cd18a89c5*
`登陆天数: 35天 / 673天
等级: 130
石头: 3150
呼符: 14
体力: 30.316666666666663 / 138
友情点: 0 / 445870`
_2024-06-27 04:38:27_
--------
*1140e900c715db176b8d4e2926bb2744*
`登陆天数: 35天 / 673天
等级: 130
石头: 2185
呼符: 14
体力: 30.293333333333337 / 138
友情点: 0 / 478765`
_2024-06-27 04:38:35_
--------
*5a22fcfb636a0bcd7c0ebcba2924d0df*
`登陆天数: 35天 / 672天
等级: 130
石头: 2428
呼符: 14
体力: 30.269999999999996 / 138
友情点: 0 / 462205`
_2024-06-27 04:38:43_
--------
*0e574eb0e1968979a9615c8d231e3402*
`登陆天数: 35天 / 672天
等级: 130
石头: 3505
呼符: 14
体力: 30.25 / 138
友情点: 0 / 430370`
_2024-06-27 04:38:51_
--------
*685da6b7e35bd4b378b7e2c0591b7523*
`登陆天数: 35天 / 672天
等级: 130
石头: 1826
呼符: 14
体力: 30.226666666666674 / 138
友情点: 0 / 478290`
_2024-06-27 04:38:59_
--------
*0943a64ed145870889cd435ff3f5e23e*
`登陆天数: 35天 / 672天
等级: 130
石头: 3448
呼符: 14
体力: 30.203333333333333 / 138
友情点: 0 / 428135`
_2024-06-27 04:39:07_
--------
*d43302532bbb3d1a92299fffe81a41f9*
`登陆天数: 35天 / 672天
等级: 130
石头: 2543
呼符: 14
体力: 30.180000000000007 / 138
友情点: 0 / 475840`
_2024-06-27 04:39:15_
--------
*0aa1101fd0fe79e9c31a3e5aa522d3fa*
`登陆天数: 35天 / 672天
等级: 130
石头: 1856
呼符: 14
体力: 30.150000000000006 / 138
友情点: 0 / 478875`
_2024-06-27 04:39:23_
--------
*b963d1cd9f26b844a734289458efbfb0*
`登陆天数: 35天 / 673天
等级: 130
石头: 1916
呼符: 14
体力: 30.126666666666665 / 138
友情点: 0 / 479555`
_2024-06-27 04:39:31_
--------
*1e6f7b34a5e5657f1ec521d21134e853*
`登陆天数: 35天 / 672天
等级: 130
石头: 4010
呼符: 14
体力: 30.10666666666667 / 138
友情点: 0 / 395930`
_2024-06-27 04:39:39_
--------
*ced0a199164765b8dc8d97ea48e7ea34*
`登陆天数: 35天 / 672天
等级: 130
石头: 3237
呼符: 14
体力: 30.086666666666673 / 138
友情点: 0 / 438085`
_2024-06-27 04:39:47_
--------
*d8720bc8a8c1f42eaecba760f6ca3877*
`登陆天数: 35天 / 673天
等级: 130
石头: 2211
呼符: 14
体力: 30.063333333333333 / 138
友情点: 0 / 478560`
_2024-06-27 04:39:55_
--------
*4f6c37efa955f1914d9e0045e829cc2a*
`登陆天数: 35天 / 672天
等级: 130
石头: 3929
呼符: 14
体力: 30.040000000000006 / 138
友情点: 0 / 385495`
_2024-06-27 04:40:03_
--------
*917f1c1e05eace569cd1d11e80a6113e*
`登陆天数: 35天 / 672天
等级: 130
石头: 3656
呼符: 14
体力: 30.013333333333335 / 138
友情点: 0 / 422265`
_2024-06-27 04:40:11_
--------
*9c30747c515749cc6f26d91f3ab2ec5e*
`登陆天数: 35天 / 673天
等级: 130
石头: 3297
呼符: 14
体力: 29.989999999999995 / 138
友情点: 0 / 434685`
_2024-06-27 04:40:19_
--------
*a0ea2b09eb479411ab01b5f4cae6212d*
`登陆天数: 35天 / 673天
等级: 130
石头: 4075
呼符: 110
体力: 29.96333333333334 / 138
友情点: 0 / 382870`
_2024-06-27 04:40:28_
--------
*5a94f45c30098b620bf903e9cb61cc50*
`登陆天数: 35天 / 672天
等级: 130
石头: 3475
呼符: 14
体力: 29.936666666666667 / 138
友情点: 0 / 421955`
_2024-06-27 04:40:35_
--------
*00ebe5c2dbadb983cd76dcb724936316*
`登陆天数: 35天 / 672天
等级: 130
石头: 2574
呼符: 14
体力: 29.913333333333327 / 138
友情点: 0 / 469640`
_2024-06-27 04:40:44_
--------
*c0e6326abb3c72eb972594095da57be6*
`登陆天数: 35天 / 673天
等级: 130
石头: 3268
呼符: 14
体力: 29.89 / 138
友情点: 0 / 430660`
_2024-06-27 04:40:52_
--------
*c5c68e8e3ffbd8a70c2b6de50b07d9ba*
`登陆天数: 35天 / 672天
等级: 130
石头: 2604
呼符: 14
体力: 29.86666666666666 / 138
友情点: 0 / 464545`
_2024-06-27 04:41:00_
--------
*99ca4e42e188c27ae9688ac0548c5f1b*
`登陆天数: 35天 / 672天
等级: 130
石头: 1495
呼符: 14
体力: 29.843333333333334 / 138
友情点: 0 / 478455`
_2024-06-27 04:41:08_
--------
*e7d128cc392dee579676b48fe9dad40e*
`登陆天数: 35天 / 672天
等级: 130
石头: 3711
呼符: 14
体力: 29.816666666666663 / 138
友情点: 0 / 417180`
_2024-06-27 04:41:16_
--------
