【登录信息】
*969cf69cd4e66f81f48959aecbf84d81*
`登陆天数: 1天 / 672天
等级: 130
石头: 1647
呼符: 0
体力: 22512.08 / 138
友情点: 0 / 465990`
*連続ログイン1日目
※ログインが途切れるか、7日到達すると
1日目から再開されます*
`フレンドポイント X 2000
6月交換券(2024) X 1
`*FGO カルデア放送局 ライト版 FGO Fes. 2024＆ゲーム最新情報 放送記念 初回ログインボーナス*
*開催期間中、初回ログインで「聖晶石×14」をプレゼント！*
`聖晶石 X 14
`_2024-06-29 04:09:02_
--------
*6c3d9a45400f787972c7ae810f8279d0*
`登陆天数: 37天 / 674天
等级: 130
石头: 3194
呼符: 14
体力: 25.60333333333334 / 138
友情点: 0 / 453275`
_2024-06-29 04:09:10_
--------
*3d5d0768d7dbf6bf653494d8bca9fbf4*
`登陆天数: 37天 / 675天
等级: 130
石头: 3005
呼符: 14
体力: 25.576666666666668 / 138
友情点: 0 / 454075`
_2024-06-29 04:09:18_
--------
*8d1f10e6e5d4a236163c7c71d339491f*
`登陆天数: 37天 / 674天
等级: 130
石头: 3796
呼符: 14
体力: 25.553333333333327 / 138
友情点: 0 / 406710`
_2024-06-29 04:09:26_
--------
*c620282dee3c7cab338eea7962567261*
`登陆天数: 37天 / 675天
等级: 130
石头: 2806
呼符: 14
体力: 25.53 / 138
友情点: 0 / 470260`
_2024-06-29 04:09:33_
--------
*620a255adf6869aa9de55658eb8c3db2*
`登陆天数: 37天 / 674天
等级: 130
石头: 4085
呼符: 56
体力: 25.50333333333333 / 138
友情点: 0 / 390360`
_2024-06-29 04:09:41_
--------
*53629dc51659611bbfa4b74c104d7fe5*
`登陆天数: 37天 / 674天
等级: 130
石头: 2171
呼符: 14
体力: 25.476666666666674 / 138
友情点: 0 / 480570`
_2024-06-29 04:09:49_
--------
*c3df721a6d1528228addb90f060757b3*
`登陆天数: 37天 / 674天
等级: 130
石头: 3680
呼符: 14
体力: 25.450000000000003 / 138
友情点: 0 / 418725`
_2024-06-29 04:09:56_
--------
*b45f3980c714335bbd897446c542eb12*
`登陆天数: 37天 / 675天
等级: 130
石头: 4094
呼符: 99
体力: 25.426666666666662 / 138
友情点: 0 / 383250`
_2024-06-29 04:10:05_
--------
*efad731e6c1ec6b1c5d9e7e476f12c02*
`登陆天数: 37天 / 675天
等级: 130
石头: 3490
呼符: 14
体力: 25.403333333333336 / 138
友情点: 0 / 430430`
_2024-06-29 04:10:13_
--------
*e5782049953055ff7609e58cc64d3073*
`登陆天数: 37天 / 674天
等级: 130
石头: 3770
呼符: 14
体力: 25.379999999999995 / 138
友情点: 0 / 410445`
_2024-06-29 04:10:21_
--------
*2c1746fcc7172af6267c3d19844cacf4*
`登陆天数: 37天 / 675天
等级: 130
石头: 3255
呼符: 14
体力: 25.35333333333334 / 138
友情点: 0 / 441565`
_2024-06-29 04:10:30_
--------
*2c134e2f63405c72dbec9ac9fc2b953d*
`登陆天数: 37天 / 675天
等级: 130
石头: 2476
呼符: 14
体力: 25.33 / 138
友情点: 0 / 481280`
_2024-06-29 04:10:38_
--------
*5a51d1cb09032cd6a6a62adf40cc36b9*
`登陆天数: 37天 / 675天
等级: 130
石头: 3520
呼符: 14
体力: 25.310000000000002 / 138
友情点: 0 / 418500`
_2024-06-29 04:10:46_
--------
*df2765fc1f5c175dcb16251a8ac24728*
`登陆天数: 37天 / 675天
等级: 130
石头: 3289
呼符: 14
体力: 25.28666666666666 / 138
友情点: 0 / 425380`
_2024-06-29 04:10:54_
--------
*e1cd955137fc86d84fa589b926d6cd7f*
`登陆天数: 37天 / 675天
等级: 130
石头: 3230
呼符: 14
体力: 25.266666666666666 / 138
友情点: 0 / 430630`
_2024-06-29 04:11:03_
--------
*ec3ef68c2ff1e715acbe1efdb3b96125*
`登陆天数: 37天 / 675天
等级: 130
石头: 3503
呼符: 14
体力: 25.24333333333334 / 138
友情点: 0 / 429930`
_2024-06-29 04:11:11_
--------
*0b57d94ce9304ffcce81f30c6fb0ad6c*
`登陆天数: 37天 / 674天
等级: 130
石头: 3495
呼符: 14
体力: 25.21666666666667 / 138
友情点: 0 / 426750`
_2024-06-29 04:11:19_
--------
*9adb87b27b1813dff94df092d8bba48a*
`登陆天数: 37天 / 674天
等级: 130
石头: 3395
呼符: 14
体力: 25.193333333333328 / 138
友情点: 0 / 414665`
_2024-06-29 04:11:27_
--------
*b3472b65e8679304c686a1b1e21e9d7b*
`登陆天数: 37天 / 675天
等级: 130
石头: 2752
呼符: 14
体力: 25.17 / 138
友情点: 0 / 455220`
_2024-06-29 04:11:34_
--------
*549c4131ed9b6887b09692346f431f29*
`登陆天数: 37天 / 675天
等级: 130
石头: 3106
呼符: 14
体力: 25.14333333333333 / 138
友情点: 0 / 437410`
_2024-06-29 04:11:42_
--------
*92dab0d71357c2accd7df4df2c5afc76*
`登陆天数: 37天 / 674天
等级: 130
石头: 2508
呼符: 14
体力: 25.11666666666666 / 138
友情点: 0 / 478735`
_2024-06-29 04:11:50_
--------
*45829723fb09c15cd0f8bdba0bd160b4*
`登陆天数: 37天 / 675天
等级: 130
石头: 3110
呼符: 14
体力: 25.090000000000003 / 138
友情点: 0 / 450865`
_2024-06-29 04:11:58_
--------
*14b04e0b70bc45efdfda43b1875ee7ae*
`登陆天数: 37天 / 674天
等级: 130
石头: 3003
呼符: 14
体力: 25.066666666666663 / 138
友情点: 0 / 441485`
_2024-06-29 04:12:05_
--------
*170dc61853d5ca25e7fc6de7a1b79050*
`登陆天数: 37天 / 674天
等级: 130
石头: 4095
呼符: 50
体力: 25.040000000000006 / 138
友情点: 0 / 396035`
_2024-06-29 04:12:13_
--------
*577ca7b26291dca27a66cfc6c9a2bbd2*
`登陆天数: 37天 / 675天
等级: 130
石头: 3560
呼符: 14
体力: 25.016666666666666 / 138
友情点: 0 / 430735`
_2024-06-29 04:12:22_
--------
*ee11bb75d5a560017023c63c470fa4fa*
`登陆天数: 37天 / 674天
等级: 130
石头: 2870
呼符: 14
体力: 24.99666666666667 / 138
友情点: 0 / 462750`
_2024-06-29 04:12:30_
--------
*4b2af19efcc200c3e0b9e11ba18ff0ec*
`登陆天数: 37天 / 675天
等级: 130
石头: 3226
呼符: 14
体力: 24.97333333333333 / 138
友情点: 0 / 446660`
_2024-06-29 04:12:38_
--------
*9486be7f222a8e7f7897143cd18a89c5*
`登陆天数: 37天 / 675天
等级: 130
石头: 3170
呼符: 14
体力: 24.953333333333333 / 138
友情点: 0 / 447870`
_2024-06-29 04:12:47_
--------
*1140e900c715db176b8d4e2926bb2744*
`登陆天数: 37天 / 675天
等级: 130
石头: 2205
呼符: 14
体力: 24.930000000000007 / 138
友情点: 0 / 480765`
_2024-06-29 04:12:55_
--------
*5a22fcfb636a0bcd7c0ebcba2924d0df*
`登陆天数: 37天 / 674天
等级: 130
石头: 2448
呼符: 14
体力: 24.900000000000006 / 138
友情点: 0 / 464205`
_2024-06-29 04:13:03_
--------
*0e574eb0e1968979a9615c8d231e3402*
`登陆天数: 37天 / 674天
等级: 130
石头: 3525
呼符: 14
体力: 24.876666666666665 / 138
友情点: 0 / 432370`
_2024-06-29 04:13:11_
--------
*685da6b7e35bd4b378b7e2c0591b7523*
`登陆天数: 37天 / 674天
等级: 130
石头: 1846
呼符: 14
体力: 24.85333333333334 / 138
友情点: 0 / 480290`
_2024-06-29 04:13:19_
--------
*0943a64ed145870889cd435ff3f5e23e*
`登陆天数: 37天 / 674天
等级: 130
石头: 3468
呼符: 14
体力: 24.826666666666668 / 138
友情点: 0 / 430135`
_2024-06-29 04:13:27_
--------
*d43302532bbb3d1a92299fffe81a41f9*
`登陆天数: 37天 / 674天
等级: 130
石头: 2563
呼符: 14
体力: 24.803333333333327 / 138
友情点: 0 / 477840`
_2024-06-29 04:13:35_
--------
*0aa1101fd0fe79e9c31a3e5aa522d3fa*
`登陆天数: 37天 / 674天
等级: 130
石头: 1876
呼符: 14
体力: 24.78 / 138
友情点: 0 / 480875`
_2024-06-29 04:13:42_
--------
*b963d1cd9f26b844a734289458efbfb0*
`登陆天数: 37天 / 675天
等级: 130
石头: 1936
呼符: 14
体力: 24.75666666666666 / 138
友情点: 0 / 481555`
_2024-06-29 04:13:50_
--------
*1e6f7b34a5e5657f1ec521d21134e853*
`登陆天数: 37天 / 674天
等级: 130
石头: 4030
呼符: 14
体力: 24.726666666666674 / 138
友情点: 0 / 397930`
_2024-06-29 04:13:58_
--------
*ced0a199164765b8dc8d97ea48e7ea34*
`登陆天数: 37天 / 674天
等级: 130
石头: 3257
呼符: 14
体力: 24.703333333333333 / 138
友情点: 0 / 440085`
_2024-06-29 04:14:05_
--------
*d8720bc8a8c1f42eaecba760f6ca3877*
`登陆天数: 37天 / 675天
等级: 130
石头: 2231
呼符: 14
体力: 24.676666666666662 / 138
友情点: 0 / 480560`
_2024-06-29 04:14:13_
--------
*4f6c37efa955f1914d9e0045e829cc2a*
`登陆天数: 37天 / 674天
等级: 130
石头: 3949
呼符: 14
体力: 24.653333333333336 / 138
友情点: 0 / 387495`
_2024-06-29 04:14:21_
--------
*917f1c1e05eace569cd1d11e80a6113e*
`登陆天数: 37天 / 674天
等级: 130
石头: 3676
呼符: 14
体力: 24.63666666666667 / 138
友情点: 0 / 424265`
_2024-06-29 04:14:29_
--------
*9c30747c515749cc6f26d91f3ab2ec5e*
`登陆天数: 37天 / 675天
等级: 130
石头: 3317
呼符: 14
体力: 24.61666666666666 / 138
友情点: 0 / 436685`
_2024-06-29 04:14:37_
--------
*a0ea2b09eb479411ab01b5f4cae6212d*
`登陆天数: 37天 / 675天
等级: 130
石头: 4095
呼符: 110
体力: 24.599999999999994 / 138
友情点: 0 / 384870`
_2024-06-29 04:14:46_
--------
*5a94f45c30098b620bf903e9cb61cc50*
`登陆天数: 37天 / 674天
等级: 130
石头: 3495
呼符: 14
体力: 24.576666666666668 / 138
友情点: 0 / 423955`
_2024-06-29 04:14:54_
--------
*00ebe5c2dbadb983cd76dcb724936316*
`登陆天数: 37天 / 674天
等级: 130
石头: 2594
呼符: 14
体力: 24.553333333333327 / 138
友情点: 0 / 471640`
_2024-06-29 04:15:02_
--------
*c0e6326abb3c72eb972594095da57be6*
`登陆天数: 37天 / 675天
等级: 130
石头: 3288
呼符: 14
体力: 24.53 / 138
友情点: 0 / 432660`
_2024-06-29 04:15:10_
--------
*c5c68e8e3ffbd8a70c2b6de50b07d9ba*
`登陆天数: 37天 / 674天
等级: 130
石头: 2624
呼符: 14
体力: 24.50333333333333 / 138
友情点: 0 / 466545`
_2024-06-29 04:15:18_
--------
*99ca4e42e188c27ae9688ac0548c5f1b*
`登陆天数: 37天 / 674天
等级: 130
石头: 1515
呼符: 14
体力: 24.483333333333334 / 138
友情点: 0 / 480455`
_2024-06-29 04:15:26_
--------
*e7d128cc392dee579676b48fe9dad40e*
`登陆天数: 37天 / 674天
等级: 130
石头: 3731
呼符: 14
体力: 24.459999999999994 / 138
友情点: 0 / 419180`
_2024-06-29 04:15:35_
--------
