【登录信息】
*969cf69cd4e66f81f48959aecbf84d81*
`登陆天数: 2天 / 673天
等级: 130
石头: 1647
呼符: 0
体力: 22799.89 / 138
友情点: 0 / 465990`
*連続ログイン2日目
※ログインが途切れるか、7日到達すると
1日目から再開されます*
`聖晶石 X 1
6月交換券(2024) X 1
`*踊るドラゴン・キャッスル！ ～深海の姫君とふたつの宝玉～ 開幕記念 ログインボーナス*
*開催期間中、1日1回 最大21回 ログインボーナスをプレゼント！*
`白銀の果実 X 1
`_2024-06-30 04:08:05_
--------
*6c3d9a45400f787972c7ae810f8279d0*
`登陆天数: 38天 / 675天
等级: 130
石头: 3194
呼符: 14
体力: 25.36333333333333 / 138
友情点: 0 / 453275`
_2024-06-30 04:08:13_
--------
*3d5d0768d7dbf6bf653494d8bca9fbf4*
`登陆天数: 38天 / 676天
等级: 130
石头: 3005
呼符: 14
体力: 25.336666666666673 / 138
友情点: 0 / 454075`
_2024-06-30 04:08:21_
--------
*8d1f10e6e5d4a236163c7c71d339491f*
`登陆天数: 38天 / 675天
等级: 130
石头: 3796
呼符: 14
体力: 25.310000000000002 / 138
友情点: 0 / 406710`
_2024-06-30 04:08:29_
--------
*c620282dee3c7cab338eea7962567261*
`登陆天数: 38天 / 676天
等级: 130
石头: 2806
呼符: 14
体力: 25.290000000000006 / 138
友情点: 0 / 470260`
_2024-06-30 04:08:37_
--------
*620a255adf6869aa9de55658eb8c3db2*
`登陆天数: 38天 / 675天
等级: 130
石头: 4085
呼符: 56
体力: 25.263333333333335 / 138
友情点: 0 / 390360`
_2024-06-30 04:08:45_
--------
*53629dc51659611bbfa4b74c104d7fe5*
`登陆天数: 38天 / 675天
等级: 130
石头: 2171
呼符: 14
体力: 25.239999999999995 / 138
友情点: 0 / 480570`
_2024-06-30 04:08:54_
--------
*c3df721a6d1528228addb90f060757b3*
`登陆天数: 38天 / 675天
等级: 130
石头: 3680
呼符: 14
体力: 25.21666666666667 / 138
友情点: 0 / 418725`
_2024-06-30 04:09:02_
--------
*b45f3980c714335bbd897446c542eb12*
`登陆天数: 38天 / 676天
等级: 130
石头: 4094
呼符: 99
体力: 25.196666666666673 / 138
友情点: 0 / 383250`
_2024-06-30 04:09:10_
--------
*efad731e6c1ec6b1c5d9e7e476f12c02*
`登陆天数: 38天 / 676天
等级: 130
石头: 3490
呼符: 14
体力: 25.173333333333332 / 138
友情点: 0 / 430430`
_2024-06-30 04:09:18_
--------
*e5782049953055ff7609e58cc64d3073*
`登陆天数: 38天 / 675天
等级: 130
石头: 3770
呼符: 14
体力: 25.14666666666666 / 138
友情点: 0 / 410445`
_2024-06-30 04:09:26_
--------
*2c1746fcc7172af6267c3d19844cacf4*
`登陆天数: 38天 / 676天
等级: 130
石头: 3255
呼符: 14
体力: 25.123333333333335 / 138
友情点: 0 / 441565`
_2024-06-30 04:09:35_
--------
*2c134e2f63405c72dbec9ac9fc2b953d*
`登陆天数: 38天 / 676天
等级: 130
石头: 2476
呼符: 14
体力: 25.099999999999994 / 138
友情点: 0 / 481280`
_2024-06-30 04:09:43_
--------
*5a51d1cb09032cd6a6a62adf40cc36b9*
`登陆天数: 38天 / 676天
等级: 130
石头: 3520
呼符: 14
体力: 25.08 / 138
友情点: 0 / 418500`
_2024-06-30 04:09:51_
--------
*df2765fc1f5c175dcb16251a8ac24728*
`登陆天数: 38天 / 676天
等级: 130
石头: 3289
呼符: 14
体力: 25.053333333333327 / 138
友情点: 0 / 425380`
_2024-06-30 04:09:59_
--------
*e1cd955137fc86d84fa589b926d6cd7f*
`登陆天数: 38天 / 676天
等级: 130
石头: 3230
呼符: 14
体力: 25.03 / 138
友情点: 0 / 430630`
_2024-06-30 04:10:08_
--------
*ec3ef68c2ff1e715acbe1efdb3b96125*
`登陆天数: 38天 / 676天
等级: 130
石头: 3503
呼符: 14
体力: 25.00666666666666 / 138
友情点: 0 / 429930`
_2024-06-30 04:10:15_
--------
*0b57d94ce9304ffcce81f30c6fb0ad6c*
`登陆天数: 38天 / 675天
等级: 130
石头: 3495
呼符: 14
体力: 24.983333333333334 / 138
友情点: 0 / 426750`
_2024-06-30 04:10:24_
--------
*9adb87b27b1813dff94df092d8bba48a*
`登陆天数: 38天 / 675天
等级: 130
石头: 3395
呼符: 14
体力: 24.959999999999994 / 138
友情点: 0 / 414665`
_2024-06-30 04:10:32_
--------
*b3472b65e8679304c686a1b1e21e9d7b*
`登陆天数: 38天 / 676天
等级: 130
石头: 2752
呼符: 14
体力: 24.933333333333337 / 138
友情点: 0 / 455220`
_2024-06-30 04:10:40_
--------
*549c4131ed9b6887b09692346f431f29*
`登陆天数: 38天 / 676天
等级: 130
石头: 3106
呼符: 14
体力: 24.909999999999997 / 138
友情点: 0 / 437410`
_2024-06-30 04:10:48_
--------
*92dab0d71357c2accd7df4df2c5afc76*
`登陆天数: 38天 / 675天
等级: 130
石头: 2508
呼符: 14
体力: 24.89 / 138
友情点: 0 / 478735`
_2024-06-30 04:10:56_
--------
*45829723fb09c15cd0f8bdba0bd160b4*
`登陆天数: 38天 / 676天
等级: 130
石头: 3110
呼符: 14
体力: 24.86666666666666 / 138
友情点: 0 / 450865`
_2024-06-30 04:11:04_
--------
*14b04e0b70bc45efdfda43b1875ee7ae*
`登陆天数: 38天 / 675天
等级: 130
石头: 3003
呼符: 14
体力: 24.843333333333334 / 138
友情点: 0 / 441485`
_2024-06-30 04:11:13_
--------
*170dc61853d5ca25e7fc6de7a1b79050*
`登陆天数: 38天 / 675天
等级: 130
石头: 4095
呼符: 50
体力: 24.816666666666663 / 138
友情点: 0 / 396035`
_2024-06-30 04:11:21_
--------
*577ca7b26291dca27a66cfc6c9a2bbd2*
`登陆天数: 38天 / 676天
等级: 130
石头: 3560
呼符: 14
体力: 24.796666666666667 / 138
友情点: 0 / 430735`
_2024-06-30 04:11:29_
--------
*ee11bb75d5a560017023c63c470fa4fa*
`登陆天数: 38天 / 675天
等级: 130
石头: 2870
呼符: 14
体力: 24.769999999999996 / 138
友情点: 0 / 462750`
_2024-06-30 04:11:37_
--------
*4b2af19efcc200c3e0b9e11ba18ff0ec*
`登陆天数: 38天 / 676天
等级: 130
石头: 3226
呼符: 14
体力: 24.75 / 138
友情点: 0 / 446660`
_2024-06-30 04:11:45_
--------
*9486be7f222a8e7f7897143cd18a89c5*
`登陆天数: 38天 / 676天
等级: 130
石头: 3170
呼符: 14
体力: 24.726666666666674 / 138
友情点: 0 / 447870`
_2024-06-30 04:11:53_
--------
*1140e900c715db176b8d4e2926bb2744*
`登陆天数: 38天 / 676天
等级: 130
石头: 2205
呼符: 14
体力: 24.700000000000003 / 138
友情点: 0 / 480765`
_2024-06-30 04:12:01_
--------
*5a22fcfb636a0bcd7c0ebcba2924d0df*
`登陆天数: 38天 / 675天
等级: 130
石头: 2448
呼符: 14
体力: 24.680000000000007 / 138
友情点: 0 / 464205`
_2024-06-30 04:12:09_
--------
*0e574eb0e1968979a9615c8d231e3402*
`登陆天数: 38天 / 675天
等级: 130
石头: 3525
呼符: 14
体力: 24.653333333333336 / 138
友情点: 0 / 432370`
_2024-06-30 04:12:18_
--------
*685da6b7e35bd4b378b7e2c0591b7523*
`登陆天数: 38天 / 675天
等级: 130
石头: 1846
呼符: 14
体力: 24.629999999999995 / 138
友情点: 0 / 480290`
_2024-06-30 04:12:26_
--------
*0943a64ed145870889cd435ff3f5e23e*
`登陆天数: 38天 / 675天
等级: 130
石头: 3468
呼符: 14
体力: 24.61 / 138
友情点: 0 / 430135`
_2024-06-30 04:12:34_
--------
*d43302532bbb3d1a92299fffe81a41f9*
`登陆天数: 38天 / 675天
等级: 130
石头: 2563
呼符: 14
体力: 24.586666666666673 / 138
友情点: 0 / 477840`
_2024-06-30 04:12:42_
--------
*0aa1101fd0fe79e9c31a3e5aa522d3fa*
`登陆天数: 38天 / 675天
等级: 130
石头: 1876
呼符: 14
体力: 24.563333333333333 / 138
友情点: 0 / 480875`
_2024-06-30 04:12:50_
--------
*b963d1cd9f26b844a734289458efbfb0*
`登陆天数: 38天 / 676天
等级: 130
石头: 1936
呼符: 14
体力: 24.540000000000006 / 138
友情点: 0 / 481555`
_2024-06-30 04:12:58_
--------
*1e6f7b34a5e5657f1ec521d21134e853*
`登陆天数: 38天 / 675天
等级: 130
石头: 4030
呼符: 14
体力: 24.513333333333335 / 138
友情点: 0 / 397930`
_2024-06-30 04:13:06_
--------
*ced0a199164765b8dc8d97ea48e7ea34*
`登陆天数: 38天 / 675天
等级: 130
石头: 3257
呼符: 14
体力: 24.489999999999995 / 138
友情点: 0 / 440085`
_2024-06-30 04:13:14_
--------
*d8720bc8a8c1f42eaecba760f6ca3877*
`登陆天数: 38天 / 676天
等级: 130
石头: 2231
呼符: 14
体力: 24.46666666666667 / 138
友情点: 0 / 480560`
_2024-06-30 04:13:23_
--------
*4f6c37efa955f1914d9e0045e829cc2a*
`登陆天数: 38天 / 675天
等级: 130
石头: 3949
呼符: 14
体力: 24.439999999999998 / 138
友情点: 0 / 387495`
_2024-06-30 04:13:31_
--------
*917f1c1e05eace569cd1d11e80a6113e*
`登陆天数: 38天 / 675天
等级: 130
石头: 3676
呼符: 14
体力: 24.41666666666667 / 138
友情点: 0 / 424265`
_2024-06-30 04:13:39_
--------
*9c30747c515749cc6f26d91f3ab2ec5e*
`登陆天数: 38天 / 676天
等级: 130
石头: 3317
呼符: 14
体力: 24.403333333333336 / 138
友情点: 0 / 436685`
_2024-06-30 04:13:49_
--------
*a0ea2b09eb479411ab01b5f4cae6212d*
`登陆天数: 38天 / 676天
等级: 130
石头: 4095
呼符: 110
体力: 24.379999999999995 / 138
友情点: 0 / 384870`
_2024-06-30 04:13:57_
--------
*5a94f45c30098b620bf903e9cb61cc50*
`登陆天数: 38天 / 675天
等级: 130
石头: 3495
呼符: 14
体力: 24.35666666666667 / 138
友情点: 0 / 423955`
_2024-06-30 04:14:05_
--------
*00ebe5c2dbadb983cd76dcb724936316*
`登陆天数: 38天 / 675天
等级: 130
石头: 2594
呼符: 14
体力: 24.36666666666666 / 138
友情点: 0 / 471640`
_2024-06-30 04:14:24_
--------
*c0e6326abb3c72eb972594095da57be6*
`登陆天数: 38天 / 676天
等级: 130
石头: 3288
呼符: 14
体力: 24.346666666666664 / 138
友情点: 0 / 432660`
_2024-06-30 04:14:33_
--------
*c5c68e8e3ffbd8a70c2b6de50b07d9ba*
`登陆天数: 38天 / 675天
等级: 130
石头: 2624
呼符: 14
体力: 24.326666666666668 / 138
友情点: 0 / 466545`
_2024-06-30 04:14:41_
--------
*99ca4e42e188c27ae9688ac0548c5f1b*
`登陆天数: 38天 / 675天
等级: 130
石头: 1515
呼符: 14
体力: 24.299999999999997 / 138
友情点: 0 / 480455`
_2024-06-30 04:14:49_
--------
*e7d128cc392dee579676b48fe9dad40e*
`登陆天数: 38天 / 675天
等级: 130
石头: 3731
呼符: 14
体力: 24.27666666666667 / 138
友情点: 0 / 419180`
_2024-06-30 04:14:58_
--------
